08/08/2024 18:22:56 Australian Eastern Standard Time : Information : Local timezone is (UTC+10:00) Eastern Australia Time (Melbourne)
08/08/2024 18:22:58 Australian Eastern Standard Time : Information : VsHubClient-hubController write: Content-Length: 109

{"jsonrpc":"2.0","id":2,"method":"UpdateClientInfoAsync","params":[{"clientName":"VsHubClient","pid":13502}]}
08/08/2024 18:22:58 Australian Eastern Standard Time : Information : VsHubClient-hubController read: Content-Length: 440

{"jsonrpc":"2.0","id":2,"result":{"ClientWatchServerName":"net.pipe://13510235A6","ControllerConfig":{"Executable":"/Users/dori/.vscode/extensions/ms-dotnettools.csdevkit-1.8.14-darwin-arm64/components/vs-green-server/platforms/darwin-arm64/node_modules/@microsoft/servicehub-controller-net60.darwin-arm64/Microsoft.ServiceHub.Controller","Args":["a236158c5b"],"PipeName":"a236158c5b"},"HostsConfig":{"RootDir":".","AppConfigFallback":""}}}
08/08/2024 18:22:58 Australian Eastern Standard Time : Information : Connected to Hub Controller's client watch 'net.pipe://13510235A6
08/08/2024 18:22:58 Australian Eastern Standard Time : Information : VsHubClient-hubController write: Content-Length: 1416

{"jsonrpc":"2.0","id":3,"method":"requestServiceChannel","params":[{"Name":"Microsoft.VisualStudio.ProjectSystem.ProjectTreeProvider","Version":"0.1"},{"ActivationArguments":{"__servicehub__ServiceModuleInfo_Microsoft.VisualStudio.ProjectSystem.ProjectTreeProvider":"{\"name\":null,\"host\":\"dotnet.projectSystem\",\"hostId\":\"C94B8CFE-E3FD-4BAF-A941-2866DBB566FE\",\"serviceBaseDirectory\":\"/Users/dori/.vscode/extensions/ms-dotnettools.csdevkit-1.8.14-darwin-arm64/components/CPS/platforms/darwin-arm64/node_modules/@microsoft/visualstudio-projectsystem-server.darwin-arm64\",\"entryPoint\":{\"assemblyPath\":\"/Users/dori/.vscode/extensions/ms-dotnettools.csdevkit-1.8.14-darwin-arm64/components/CPS/platforms/darwin-arm64/node_modules/@microsoft/visualstudio-projectsystem-server.darwin-arm64/Microsoft.VisualStudio.ProjectSystem.Server.Implementation.dll\",\"fullClassName\":\"Microsoft.VisualStudio.ProjectSystem.Server.ProjectTreeProviderFactory\",\"scriptPath\":null,\"constructorFunction\":null,\"configPath\":null,\"appBasePath\":null,\"assemblySearchPathsConfig\":null},\"hostGroupAllowed\":null,\"hostGroupId\":null,\"serviceOverride\":null,\"singleDomainLoaderOptimization\":null,\"versionRange\":null,\"friendServices\":null}","__servicehub__ServiceHubRemoteServiceBrokerPipeName":"/Users/dori/.ServiceHub/a236158c5b/77bab54aa4"},"ClientCredentials":{},"ClientCulture":"en","ClientUICulture":"en"}]}
08/08/2024 18:22:58 Australian Eastern Standard Time : Information : VsHubClient-hubController write: Content-Length: 1362

{"jsonrpc":"2.0","id":4,"method":"requestServiceChannel","params":[{"Name":"Microsoft.CodeCoverage.VSCode.ReportService","Version":"1.0"},{"ActivationArguments":{"__servicehub__ServiceModuleInfo_Microsoft.CodeCoverage.VSCode.ReportService":"{\"name\":null,\"host\":\"dotnet\",\"hostId\":\"C94B8CFE-E3FD-4BAF-A941-2866DBB566FE\",\"serviceBaseDirectory\":\"/Users/dori/.vscode/extensions/ms-dotnettools.csdevkit-1.8.14-darwin-arm64/components/vs-code-coverage/platforms/darwin-arm64/node_modules/@microsoft/codecoverage-vscode-services.darwin-arm64\",\"entryPoint\":{\"assemblyPath\":\"/Users/dori/.vscode/extensions/ms-dotnettools.csdevkit-1.8.14-darwin-arm64/components/vs-code-coverage/platforms/darwin-arm64/node_modules/@microsoft/codecoverage-vscode-services.darwin-arm64/Microsoft.CodeCoverage.VSCode.Services.dll\",\"fullClassName\":\"Microsoft.VisualStudio.CoverageServices.ReportServiceFactory\",\"scriptPath\":null,\"constructorFunction\":null,\"configPath\":null,\"appBasePath\":null,\"assemblySearchPathsConfig\":null},\"hostGroupAllowed\":null,\"hostGroupId\":null,\"serviceOverride\":null,\"singleDomainLoaderOptimization\":null,\"versionRange\":null,\"friendServices\":null}","__servicehub__ServiceHubRemoteServiceBrokerPipeName":"/Users/dori/.ServiceHub/a236158c5b/323d2da41f"},"ClientCredentials":{},"ClientCulture":"en","ClientUICulture":"en"}]}
08/08/2024 18:22:58 Australian Eastern Standard Time : Information : VsHubClient-hubController write: Content-Length: 1415

{"jsonrpc":"2.0","id":5,"method":"requestServiceChannel","params":[{"Name":"Microsoft.VisualStudio.TestWindow.VSCode.Service","Version":"0.1"},{"ActivationArguments":{"__servicehub__ServiceModuleInfo_Microsoft.VisualStudio.TestWindow.VSCode.Service":"{\"name\":null,\"host\":\"dotnet\",\"hostId\":\"C94B8CFE-E3FD-4BAF-A941-2866DBB566FE\",\"serviceBaseDirectory\":\"/Users/dori/.vscode/extensions/ms-dotnettools.csdevkit-1.8.14-darwin-arm64/components/VSUnitTesting/platforms/darwin-arm64/node_modules/@microsoft/visualstudio-testwindow-vscode-service.darwin-arm64\",\"entryPoint\":{\"assemblyPath\":\"/Users/dori/.vscode/extensions/ms-dotnettools.csdevkit-1.8.14-darwin-arm64/components/VSUnitTesting/platforms/darwin-arm64/node_modules/@microsoft/visualstudio-testwindow-vscode-service.darwin-arm64/Microsoft.VisualStudio.TestWindow.VSCode.Service.dll\",\"fullClassName\":\"Microsoft.VisualStudio.TestWindow.VSCode.Service.TestWindowVSCodeServiceFactory\",\"scriptPath\":null,\"constructorFunction\":null,\"configPath\":null,\"appBasePath\":null,\"assemblySearchPathsConfig\":null},\"hostGroupAllowed\":null,\"hostGroupId\":null,\"serviceOverride\":null,\"singleDomainLoaderOptimization\":null,\"versionRange\":null,\"friendServices\":null}","__servicehub__ServiceHubRemoteServiceBrokerPipeName":"/Users/dori/.ServiceHub/a236158c5b/cf5f1b094e"},"ClientCredentials":{},"ClientCulture":"en","ClientUICulture":"en"}]}
08/08/2024 18:22:58 Australian Eastern Standard Time : Information : VsHubClient-hubController write: Content-Length: 1393

{"jsonrpc":"2.0","id":6,"method":"requestServiceChannel","params":[{"Name":"Microsoft.VisualStudio.LaunchConfigurationService"},{"ActivationArguments":{"__servicehub__ServiceModuleInfo_Microsoft.VisualStudio.LaunchConfigurationService":"{\"name\":null,\"host\":\"dotnet.projectSystem\",\"hostId\":\"C94B8CFE-E3FD-4BAF-A941-2866DBB566FE\",\"serviceBaseDirectory\":\"/Users/dori/.vscode/extensions/ms-dotnettools.csdevkit-1.8.14-darwin-arm64/components/CPS/platforms/darwin-arm64/node_modules/@microsoft/visualstudio-projectsystem-server.darwin-arm64\",\"entryPoint\":{\"assemblyPath\":\"/Users/dori/.vscode/extensions/ms-dotnettools.csdevkit-1.8.14-darwin-arm64/components/CPS/platforms/darwin-arm64/node_modules/@microsoft/visualstudio-projectsystem-server.darwin-arm64/Microsoft.VisualStudio.ProjectSystem.Server.Implementation.dll\",\"fullClassName\":\"Microsoft.VisualStudio.ProjectSystem.Server.LaunchConfigurationServiceFactory\",\"scriptPath\":null,\"constructorFunction\":null,\"configPath\":null,\"appBasePath\":null,\"assemblySearchPathsConfig\":null},\"hostGroupAllowed\":null,\"hostGroupId\":null,\"serviceOverride\":null,\"singleDomainLoaderOptimization\":null,\"versionRange\":null,\"friendServices\":null}","__servicehub__ServiceHubRemoteServiceBrokerPipeName":"/Users/dori/.ServiceHub/a236158c5b/4991a477d7"},"ClientCredentials":{},"ClientCulture":"en","ClientUICulture":"en"}]}
08/08/2024 18:22:58 Australian Eastern Standard Time : Information : VsHubClient-hubController write: Content-Length: 1367

{"jsonrpc":"2.0","id":7,"method":"requestServiceChannel","params":[{"Name":"vs-intellicode-base-models","Version":"0.1"},{"ActivationArguments":{"__servicehub__ServiceModuleInfo_vs-intellicode-base-models":"{\"name\":null,\"host\":\"dotnet\",\"hostId\":\"C94B8CFE-E3FD-4BAF-A941-2866DBB566FE\",\"serviceBaseDirectory\":\"/Users/dori/.vscode/extensions/ms-dotnettools.vscodeintellicode-csharp-2.1.11-darwin-arm64/components/model-service/platforms/darwin-arm64/node_modules/@vsintellicode/model-service.darwin-arm64\",\"entryPoint\":{\"assemblyPath\":\"/Users/dori/.vscode/extensions/ms-dotnettools.vscodeintellicode-csharp-2.1.11-darwin-arm64/components/model-service/platforms/darwin-arm64/node_modules/@vsintellicode/model-service.darwin-arm64/Microsoft.VisualStudio.IntelliCode.CSharp.BaseModelService.dll\",\"fullClassName\":\"Microsoft.VisualStudio.IntelliCode.BaseModelService.BaseModelServiceFactory\",\"scriptPath\":null,\"constructorFunction\":null,\"configPath\":null,\"appBasePath\":null,\"assemblySearchPathsConfig\":null},\"hostGroupAllowed\":null,\"hostGroupId\":null,\"serviceOverride\":null,\"singleDomainLoaderOptimization\":null,\"versionRange\":null,\"friendServices\":null}","__servicehub__ServiceHubRemoteServiceBrokerPipeName":"/Users/dori/.ServiceHub/a236158c5b/fc743b3d45"},"ClientCredentials":{},"ClientCulture":"en","ClientUICulture":"en"}]}
08/08/2024 18:22:58 Australian Eastern Standard Time : Information : VsHubClient-hubController write: Content-Length: 1461

{"jsonrpc":"2.0","id":8,"method":"requestServiceChannel","params":[{"Name":"Microsoft.VisualStudio.ProjectSystem.ProjectInitializationStatusService","Version":"0.1"},{"ActivationArguments":{"__servicehub__ServiceModuleInfo_Microsoft.VisualStudio.ProjectSystem.ProjectInitializationStatusService":"{\"name\":null,\"host\":\"dotnet.projectSystem\",\"hostId\":\"C94B8CFE-E3FD-4BAF-A941-2866DBB566FE\",\"serviceBaseDirectory\":\"/Users/dori/.vscode/extensions/ms-dotnettools.csdevkit-1.8.14-darwin-arm64/components/CPS/platforms/darwin-arm64/node_modules/@microsoft/visualstudio-projectsystem-server.darwin-arm64\",\"entryPoint\":{\"assemblyPath\":\"/Users/dori/.vscode/extensions/ms-dotnettools.csdevkit-1.8.14-darwin-arm64/components/CPS/platforms/darwin-arm64/node_modules/@microsoft/visualstudio-projectsystem-server.darwin-arm64/Microsoft.VisualStudio.ProjectSystem.Server.Implementation.dll\",\"fullClassName\":\"Microsoft.VisualStudio.ProjectSystem.Server.ProjectInitializationStatusServiceFactory\",\"scriptPath\":null,\"constructorFunction\":null,\"configPath\":null,\"appBasePath\":null,\"assemblySearchPathsConfig\":null},\"hostGroupAllowed\":null,\"hostGroupId\":null,\"serviceOverride\":null,\"singleDomainLoaderOptimization\":null,\"versionRange\":null,\"friendServices\":null}","__servicehub__ServiceHubRemoteServiceBrokerPipeName":"/Users/dori/.ServiceHub/a236158c5b/8eb445ec73"},"ClientCredentials":{},"ClientCulture":"en","ClientUICulture":"en"}]}
08/08/2024 18:22:59 Australian Eastern Standard Time : Information : VsHubClient-hubController write: Content-Length: 1421

{"jsonrpc":"2.0","id":9,"method":"requestServiceChannel","params":[{"Name":"Microsoft.VisualStudio.Debugger.HotReloadSessionNotificationService","Version":"0.1"},{"ActivationArguments":{"__servicehub__ServiceModuleInfo_Microsoft.VisualStudio.Debugger.HotReloadSessionNotificationService":"{\"name\":null,\"host\":\"dotnet\",\"hostId\":\"C94B8CFE-E3FD-4BAF-A941-2866DBB566FE\",\"serviceBaseDirectory\":\"/Users/dori/.vscode/extensions/ms-dotnettools.csdevkit-1.8.14-darwin-arm64/components/VSDebugCore/platforms/darwin-arm64/node_modules/@microsoft/visualstudio-debugger-devkit.darwin-arm64\",\"entryPoint\":{\"assemblyPath\":\"/Users/dori/.vscode/extensions/ms-dotnettools.csdevkit-1.8.14-darwin-arm64/components/VSDebugCore/platforms/darwin-arm64/node_modules/@microsoft/visualstudio-debugger-devkit.darwin-arm64/Microsoft.VisualStudio.Debugger.DevKit.dll\",\"fullClassName\":\"Microsoft.VisualStudio.Debugger.HotReloadSessionNotificationService+Factory\",\"scriptPath\":null,\"constructorFunction\":null,\"configPath\":null,\"appBasePath\":null,\"assemblySearchPathsConfig\":null},\"hostGroupAllowed\":null,\"hostGroupId\":null,\"serviceOverride\":null,\"singleDomainLoaderOptimization\":null,\"versionRange\":null,\"friendServices\":null}","__servicehub__ServiceHubRemoteServiceBrokerPipeName":"/Users/dori/.ServiceHub/a236158c5b/4b882a0d5b"},"ClientCredentials":{},"ClientCulture":"en-AU","ClientUICulture":"en-US"}]}
08/08/2024 18:22:59 Australian Eastern Standard Time : Information : VsHubClient-hubController read: Content-Length: 161

{"jsonrpc":"2.0","id":9,"result":{"RequestId":"7a180ae3-2ccc-4aef-86db-d0a66ca1c97c","PipeName":"/Users/dori/.ServiceHub/a236158c5b/bbcdd34ed8","IsEmpty":false}}Content-Length: 161

{"jsonrpc":"2.0","id":5,"result":{"RequestId":"eaac49a1-c77e-4785-afd8-c9fc440480b7","PipeName":"/Users/dori/.ServiceHub/a236158c5b/bfd0923950","IsEmpty":false}}
08/08/2024 18:22:59 Australian Eastern Standard Time : Information : VsHubClient-hubController read: Content-Length: 161

{"jsonrpc":"2.0","id":7,"result":{"RequestId":"2e9df093-f893-4b1b-b843-18af8d32bdf5","PipeName":"/Users/dori/.ServiceHub/a236158c5b/949bb4630f","IsEmpty":false}}Content-Length: 161

{"jsonrpc":"2.0","id":4,"result":{"RequestId":"7545b0e8-3716-4035-886d-424bddda18b4","PipeName":"/Users/dori/.ServiceHub/a236158c5b/b23295f6a2","IsEmpty":false}}
08/08/2024 18:22:59 Australian Eastern Standard Time : Information : Disposing ServiceBroker server '/Users/dori/.ServiceHub/a236158c5b/323d2da41f'.
08/08/2024 18:22:59 Australian Eastern Standard Time : Information : Disposing ServiceBroker server '/Users/dori/.ServiceHub/a236158c5b/fc743b3d45'.
08/08/2024 18:22:59 Australian Eastern Standard Time : Information : VsHubClient-hubController read: Content-Length: 161

{"jsonrpc":"2.0","id":3,"result":{"RequestId":"944d5c7a-4528-42de-a369-eb73d512addf","PipeName":"/Users/dori/.ServiceHub/a236158c5b/ec6b4d0237","IsEmpty":false}}
08/08/2024 18:22:59 Australian Eastern Standard Time : Information : Disposing ServiceBroker server '/Users/dori/.ServiceHub/a236158c5b/cf5f1b094e'.
08/08/2024 18:22:59 Australian Eastern Standard Time : Information : VsHubClient-hubController read: Content-Length: 161

{"jsonrpc":"2.0","id":8,"result":{"RequestId":"1ef01d50-fee6-433e-b55d-6e6658b792ee","PipeName":"/Users/dori/.ServiceHub/a236158c5b/efc023ac7f","IsEmpty":false}}
08/08/2024 18:22:59 Australian Eastern Standard Time : Information : Disposing ServiceBroker server '/Users/dori/.ServiceHub/a236158c5b/4b882a0d5b'.
08/08/2024 18:22:59 Australian Eastern Standard Time : Information : VsHubClient-hubController read: Content-Length: 161

{"jsonrpc":"2.0","id":6,"result":{"RequestId":"9d62c807-0543-4d53-aa2d-3e8096d6f235","PipeName":"/Users/dori/.ServiceHub/a236158c5b/037a989ffd","IsEmpty":false}}
08/08/2024 18:22:59 Australian Eastern Standard Time : Information : Disposing ServiceBroker server '/Users/dori/.ServiceHub/a236158c5b/8eb445ec73'.
08/08/2024 18:22:59 Australian Eastern Standard Time : Information : Disposing ServiceBroker server '/Users/dori/.ServiceHub/a236158c5b/77bab54aa4'.
08/08/2024 18:22:59 Australian Eastern Standard Time : Information : Disposing ServiceBroker server '/Users/dori/.ServiceHub/a236158c5b/4991a477d7'.
08/08/2024 18:22:59 Australian Eastern Standard Time : Information : Microsoft.VisualStudio.Debugger.HotReloadSessionNotificationService-RemoteServiceBrokerServer read: Content-Length: 193

{"jsonrpc":"2.0","id":2,"method":"handshake","params":[{"supportedConnections":"IpcPipe","localServiceHost":{"operatingSystem":2,"processArchitecture":3,"runtime":2,"runtimeVersion":"8.0.7"}}]}
08/08/2024 18:22:59 Australian Eastern Standard Time : Information : vs-intellicode-base-models-RemoteServiceBrokerServer read: Content-Length: 193

{"jsonrpc":"2.0","id":2,"method":"handshake","params":[{"supportedConnections":"IpcPipe","localServiceHost":{"operatingSystem":2,"processArchitecture":3,"runtime":2,"runtimeVersion":"8.0.7"}}]}
08/08/2024 18:22:59 Australian Eastern Standard Time : Information : Microsoft.CodeCoverage.VSCode.ReportService-RemoteServiceBrokerServer read: Content-Length: 193

{"jsonrpc":"2.0","id":2,"method":"handshake","params":[{"supportedConnections":"IpcPipe","localServiceHost":{"operatingSystem":2,"processArchitecture":3,"runtime":2,"runtimeVersion":"8.0.7"}}]}
08/08/2024 18:22:59 Australian Eastern Standard Time : Information : Microsoft.VisualStudio.TestWindow.VSCode.Service-RemoteServiceBrokerServer read: Content-Length: 193

{"jsonrpc":"2.0","id":2,"method":"handshake","params":[{"supportedConnections":"IpcPipe","localServiceHost":{"operatingSystem":2,"processArchitecture":3,"runtime":2,"runtimeVersion":"8.0.7"}}]}
08/08/2024 18:22:59 Australian Eastern Standard Time : Information : Microsoft.VisualStudio.ProjectSystem.ProjectTreeProvider-RemoteServiceBrokerServer read: Content-Length: 193

{"jsonrpc":"2.0","id":2,"method":"handshake","params":[{"supportedConnections":"IpcPipe","localServiceHost":{"operatingSystem":2,"processArchitecture":3,"runtime":2,"runtimeVersion":"8.0.7"}}]}
08/08/2024 18:22:59 Australian Eastern Standard Time : Information : Microsoft.VisualStudio.ProjectSystem.ProjectInitializationStatusService-RemoteServiceBrokerServer read: Content-Length: 193

{"jsonrpc":"2.0","id":2,"method":"handshake","params":[{"supportedConnections":"IpcPipe","localServiceHost":{"operatingSystem":2,"processArchitecture":3,"runtime":2,"runtimeVersion":"8.0.7"}}]}
08/08/2024 18:22:59 Australian Eastern Standard Time : Information : Microsoft.VisualStudio.LaunchConfigurationService-RemoteServiceBrokerServer read: Content-Length: 193

{"jsonrpc":"2.0","id":2,"method":"handshake","params":[{"supportedConnections":"IpcPipe","localServiceHost":{"operatingSystem":2,"processArchitecture":3,"runtime":2,"runtimeVersion":"8.0.7"}}]}
08/08/2024 18:22:59 Australian Eastern Standard Time : Information : Microsoft.CodeCoverage.VSCode.ReportService-RemoteServiceBrokerServer write: Content-Length: 38

{"jsonrpc":"2.0","id":2,"result":null}
08/08/2024 18:22:59 Australian Eastern Standard Time : Information : Microsoft.VisualStudio.ProjectSystem.ProjectInitializationStatusService-RemoteServiceBrokerServer write: Content-Length: 38

{"jsonrpc":"2.0","id":2,"result":null}
08/08/2024 18:22:59 Australian Eastern Standard Time : Information : Microsoft.VisualStudio.LaunchConfigurationService-RemoteServiceBrokerServer write: Content-Length: 38

{"jsonrpc":"2.0","id":2,"result":null}
08/08/2024 18:22:59 Australian Eastern Standard Time : Information : Microsoft.VisualStudio.TestWindow.VSCode.Service-RemoteServiceBrokerServer write: Content-Length: 38

{"jsonrpc":"2.0","id":2,"result":null}
08/08/2024 18:22:59 Australian Eastern Standard Time : Information : vs-intellicode-base-models-RemoteServiceBrokerServer write: Content-Length: 38

{"jsonrpc":"2.0","id":2,"result":null}
08/08/2024 18:22:59 Australian Eastern Standard Time : Information : Microsoft.VisualStudio.Debugger.HotReloadSessionNotificationService-RemoteServiceBrokerServer write: Content-Length: 38

{"jsonrpc":"2.0","id":2,"result":null}
08/08/2024 18:22:59 Australian Eastern Standard Time : Information : Microsoft.VisualStudio.ProjectSystem.ProjectTreeProvider-RemoteServiceBrokerServer write: Content-Length: 38

{"jsonrpc":"2.0","id":2,"result":null}
08/08/2024 18:22:59 Australian Eastern Standard Time : Information : Microsoft.VisualStudio.Debugger.HotReloadSessionNotificationService-RemoteServiceBrokerServer read: Content-Length: 183

{"jsonrpc":"2.0","id":3,"method":"requestServiceChannel","params":[{"name":"Microsoft.ServiceHub.Framework.AuthorizationService"},{"clientCulture":"en-AU","clientUICulture":"en-US"}]}
08/08/2024 18:22:59 Australian Eastern Standard Time : Information : Microsoft.CodeCoverage.VSCode.ReportService-RemoteServiceBrokerServer read: Content-Length: 177

{"jsonrpc":"2.0","id":3,"method":"requestServiceChannel","params":[{"name":"Microsoft.ServiceHub.Framework.AuthorizationService"},{"clientCulture":"en","clientUICulture":"en"}]}
08/08/2024 18:22:59 Australian Eastern Standard Time : Information : Microsoft.VisualStudio.TestWindow.VSCode.Service-RemoteServiceBrokerServer read: Content-Length: 177

{"jsonrpc":"2.0","id":3,"method":"requestServiceChannel","params":[{"name":"Microsoft.ServiceHub.Framework.AuthorizationService"},{"clientCulture":"en","clientUICulture":"en"}]}
08/08/2024 18:22:59 Australian Eastern Standard Time : Information : vs-intellicode-base-models-RemoteServiceBrokerServer read: Content-Length: 177

{"jsonrpc":"2.0","id":3,"method":"requestServiceChannel","params":[{"name":"Microsoft.ServiceHub.Framework.AuthorizationService"},{"clientCulture":"en","clientUICulture":"en"}]}
08/08/2024 18:22:59 Australian Eastern Standard Time : Information : Microsoft.VisualStudio.Debugger.HotReloadSessionNotificationService-RemoteServiceBrokerServer write: Content-Length: 181

{"jsonrpc":"2.0","id":3,"result":{"requestId":"3291f954-1bba-4c92-910d-cc2f011830b8","pipeName":"/var/folders/r3/4_xhk7ks1gn7df05gbxrm4rh0000gn/T/d2aa315119a14b0a98489ad83b1e5db8"}}
08/08/2024 18:22:59 Australian Eastern Standard Time : Information : vs-intellicode-base-models-RemoteServiceBrokerServer write: Content-Length: 181

{"jsonrpc":"2.0","id":3,"result":{"requestId":"5c061a59-649b-4a2e-b9f7-dbeb9b652514","pipeName":"/var/folders/r3/4_xhk7ks1gn7df05gbxrm4rh0000gn/T/ecf55c9df8a2414f96dbaab1459d99c1"}}
08/08/2024 18:22:59 Australian Eastern Standard Time : Information : Microsoft.CodeCoverage.VSCode.ReportService-RemoteServiceBrokerServer write: Content-Length: 181

{"jsonrpc":"2.0","id":3,"result":{"requestId":"dc496a9f-d9db-45a4-a318-813e8faad5ac","pipeName":"/var/folders/r3/4_xhk7ks1gn7df05gbxrm4rh0000gn/T/890010ab9d8849c18f020554e05e6b4f"}}
08/08/2024 18:22:59 Australian Eastern Standard Time : Information : Microsoft.VisualStudio.TestWindow.VSCode.Service-RemoteServiceBrokerServer write: Content-Length: 181

{"jsonrpc":"2.0","id":3,"result":{"requestId":"2422b31c-f8dd-44be-80a4-b06277c41800","pipeName":"/var/folders/r3/4_xhk7ks1gn7df05gbxrm4rh0000gn/T/1c725e20bace4fb49f2eb586b1ff9bdc"}}
08/08/2024 18:22:59 Australian Eastern Standard Time : Information : Microsoft.VisualStudio.ProjectSystem.ProjectTreeProvider-RemoteServiceBrokerServer read: Content-Length: 177

{"jsonrpc":"2.0","id":3,"method":"requestServiceChannel","params":[{"name":"Microsoft.ServiceHub.Framework.AuthorizationService"},{"clientCulture":"en","clientUICulture":"en"}]}
08/08/2024 18:22:59 Australian Eastern Standard Time : Information : Microsoft.VisualStudio.LaunchConfigurationService-RemoteServiceBrokerServer read: Content-Length: 177

{"jsonrpc":"2.0","id":3,"method":"requestServiceChannel","params":[{"name":"Microsoft.ServiceHub.Framework.AuthorizationService"},{"clientCulture":"en","clientUICulture":"en"}]}
08/08/2024 18:22:59 Australian Eastern Standard Time : Information : Microsoft.VisualStudio.ProjectSystem.ProjectInitializationStatusService-RemoteServiceBrokerServer read: Content-Length: 177

{"jsonrpc":"2.0","id":3,"method":"requestServiceChannel","params":[{"name":"Microsoft.ServiceHub.Framework.AuthorizationService"},{"clientCulture":"en","clientUICulture":"en"}]}
08/08/2024 18:22:59 Australian Eastern Standard Time : Information : Microsoft.VisualStudio.LaunchConfigurationService-RemoteServiceBrokerServer write: Content-Length: 181

{"jsonrpc":"2.0","id":3,"result":{"requestId":"2c8a4179-83b7-4b69-8e76-dc3f18bbc74b","pipeName":"/var/folders/r3/4_xhk7ks1gn7df05gbxrm4rh0000gn/T/7035cc38a53a47229c3d04c8cd6c07bb"}}
08/08/2024 18:22:59 Australian Eastern Standard Time : Information : Microsoft.VisualStudio.ProjectSystem.ProjectTreeProvider-RemoteServiceBrokerServer write: Content-Length: 181

{"jsonrpc":"2.0","id":3,"result":{"requestId":"078c19f6-951a-43b8-b3ec-806bd237ae98","pipeName":"/var/folders/r3/4_xhk7ks1gn7df05gbxrm4rh0000gn/T/f7265e7cd800496c8cd33d1bf283fd2d"}}
08/08/2024 18:22:59 Australian Eastern Standard Time : Information : Microsoft.VisualStudio.ProjectSystem.ProjectInitializationStatusService-RemoteServiceBrokerServer write: Content-Length: 181

{"jsonrpc":"2.0","id":3,"result":{"requestId":"ad069447-f35b-4de4-bf3d-e4ca8eb6f6e6","pipeName":"/var/folders/r3/4_xhk7ks1gn7df05gbxrm4rh0000gn/T/57c833c9272d4cb8876d3cb863503ad3"}}
08/08/2024 18:22:59 Australian Eastern Standard Time : Information : Microsoft.VisualStudio.LaunchConfigurationService-RemoteServiceBrokerServer read: Content-Length: 197

{"jsonrpc":"2.0","id":4,"method":"requestServiceChannel","params":[{"name":"Microsoft.VisualStudio.ProjectSystem.CompositionService","version":"0.1"},{"clientCulture":"en","clientUICulture":"en"}]}
08/08/2024 18:22:59 Australian Eastern Standard Time : Information : VsHubClient-hubController write: Content-Length: 1414

{"jsonrpc":"2.0","id":10,"method":"requestServiceChannel","params":[{"Name":"Microsoft.VisualStudio.ProjectSystem.CompositionService","Version":"0.1"},{"ActivationArguments":{"__servicehub__ServiceModuleInfo_Microsoft.VisualStudio.ProjectSystem.CompositionService":"{\"name\":null,\"host\":\"dotnet.projectSystem\",\"hostId\":\"C94B8CFE-E3FD-4BAF-A941-2866DBB566FE\",\"serviceBaseDirectory\":\"/Users/dori/.vscode/extensions/ms-dotnettools.csdevkit-1.8.14-darwin-arm64/components/CPS/platforms/darwin-arm64/node_modules/@microsoft/visualstudio-projectsystem-server.darwin-arm64\",\"entryPoint\":{\"assemblyPath\":\"/Users/dori/.vscode/extensions/ms-dotnettools.csdevkit-1.8.14-darwin-arm64/components/CPS/platforms/darwin-arm64/node_modules/@microsoft/visualstudio-projectsystem-server.darwin-arm64/Microsoft.VisualStudio.ProjectSystem.Server.Implementation.dll\",\"fullClassName\":\"Microsoft.VisualStudio.ProjectSystem.Server.CompositionServiceFactory\",\"scriptPath\":null,\"constructorFunction\":null,\"configPath\":null,\"appBasePath\":null,\"assemblySearchPathsConfig\":null},\"hostGroupAllowed\":null,\"hostGroupId\":null,\"serviceOverride\":null,\"singleDomainLoaderOptimization\":null,\"versionRange\":null,\"friendServices\":null}","__servicehub__ServiceHubRemoteServiceBrokerPipeName":"/Users/dori/.ServiceHub/a236158c5b/21de8ee63c"},"ClientCredentials":{},"ClientCulture":"en","ClientUICulture":"en"}]}
08/08/2024 18:22:59 Australian Eastern Standard Time : Information : VsHubClient-hubController read: Content-Length: 162

{"jsonrpc":"2.0","id":10,"result":{"RequestId":"e9bdba32-4b14-4ff3-9fe6-884df83dc4ca","PipeName":"/Users/dori/.ServiceHub/a236158c5b/b4578d20e0","IsEmpty":false}}
08/08/2024 18:22:59 Australian Eastern Standard Time : Information : Microsoft.VisualStudio.LaunchConfigurationService-RemoteServiceBrokerServer write: Content-Length: 145

{"jsonrpc":"2.0","id":4,"result":{"requestId":"e9bdba32-4b14-4ff3-9fe6-884df83dc4ca","pipeName":"/Users/dori/.ServiceHub/a236158c5b/b4578d20e0"}}
08/08/2024 18:22:59 Australian Eastern Standard Time : Information : Disposing ServiceBroker server '/Users/dori/.ServiceHub/a236158c5b/21de8ee63c'.
08/08/2024 18:22:59 Australian Eastern Standard Time : Information : Microsoft.VisualStudio.ProjectSystem.CompositionService-RemoteServiceBrokerServer read: Content-Length: 193

{"jsonrpc":"2.0","id":2,"method":"handshake","params":[{"supportedConnections":"IpcPipe","localServiceHost":{"operatingSystem":2,"processArchitecture":3,"runtime":2,"runtimeVersion":"8.0.7"}}]}
08/08/2024 18:22:59 Australian Eastern Standard Time : Information : Microsoft.VisualStudio.ProjectSystem.CompositionService-RemoteServiceBrokerServer write: Content-Length: 38

{"jsonrpc":"2.0","id":2,"result":null}
08/08/2024 18:22:59 Australian Eastern Standard Time : Information : Microsoft.VisualStudio.ProjectSystem.CompositionService-RemoteServiceBrokerServer read: Content-Length: 177

{"jsonrpc":"2.0","id":3,"method":"requestServiceChannel","params":[{"name":"Microsoft.ServiceHub.Framework.AuthorizationService"},{"clientCulture":"en","clientUICulture":"en"}]}
08/08/2024 18:22:59 Australian Eastern Standard Time : Information : Microsoft.VisualStudio.ProjectSystem.CompositionService-RemoteServiceBrokerServer write: Content-Length: 181

{"jsonrpc":"2.0","id":3,"result":{"requestId":"e347e51d-16de-4549-9a0c-944618726ab2","pipeName":"/var/folders/r3/4_xhk7ks1gn7df05gbxrm4rh0000gn/T/54302b1c0e3441fc8987d95cb33f2992"}}
08/08/2024 18:22:59 Australian Eastern Standard Time : Information : Microsoft.VisualStudio.ProjectSystem.CompositionService-RemoteServiceBrokerServer read: Content-Length: 191

{"jsonrpc":"2.0","id":4,"method":"requestServiceChannel","params":[{"name":"Microsoft.VisualStudio.NoDelay.EnvironmentService","version":"0.1"},{"clientCulture":"en","clientUICulture":"en"}]}
08/08/2024 18:22:59 Australian Eastern Standard Time : Information : Microsoft.VisualStudio.ProjectSystem.CompositionService-RemoteServiceBrokerServer read: Content-Length: 188

{"jsonrpc":"2.0","id":5,"method":"requestServiceChannel","params":[{"name":"Microsoft.VisualStudio.ComponentExportsService","version":"0.1"},{"clientCulture":"en","clientUICulture":"en"}]}
08/08/2024 18:22:59 Australian Eastern Standard Time : Information : Microsoft.VisualStudio.ProjectSystem.CompositionService-RemoteServiceBrokerServer write: Content-Length: 181

{"jsonrpc":"2.0","id":4,"result":{"requestId":"9c9846a1-3592-4b46-a833-a57814414e4f","pipeName":"/var/folders/r3/4_xhk7ks1gn7df05gbxrm4rh0000gn/T/eaaaec2e0812408d91a2ed4378895e3d"}}
08/08/2024 18:22:59 Australian Eastern Standard Time : Information : Microsoft.VisualStudio.ProjectSystem.CompositionService-RemoteServiceBrokerServer write: Content-Length: 181

{"jsonrpc":"2.0","id":5,"result":{"requestId":"6e2e6f79-029e-4155-9c62-88d35d7a8058","pipeName":"/var/folders/r3/4_xhk7ks1gn7df05gbxrm4rh0000gn/T/a5fd7e58e8144a6280398724c9f22108"}}
08/08/2024 18:22:59 Australian Eastern Standard Time : Information : VsHubClient-hubController write: Content-Length: 1487

{"jsonrpc":"2.0","id":11,"method":"requestServiceChannel","params":[{"Name":"Microsoft.VisualStudio.TestWindow.VSCode.ProjectSystemProvider.Service","Version":"0.1"},{"ActivationArguments":{"__servicehub__ServiceModuleInfo_Microsoft.VisualStudio.TestWindow.VSCode.ProjectSystemProvider.Service":"{\"name\":null,\"host\":\"dotnet\",\"hostId\":\"C94B8CFE-E3FD-4BAF-A941-2866DBB566FE\",\"serviceBaseDirectory\":\"/Users/dori/.vscode/extensions/ms-dotnettools.csdevkit-1.8.14-darwin-arm64/components/VSUnitTesting/platforms/darwin-arm64/node_modules/@microsoft/visualstudio-testwindow-vscode-service.darwin-arm64\",\"entryPoint\":{\"assemblyPath\":\"/Users/dori/.vscode/extensions/ms-dotnettools.csdevkit-1.8.14-darwin-arm64/components/VSUnitTesting/platforms/darwin-arm64/node_modules/@microsoft/visualstudio-testwindow-vscode-service.darwin-arm64/Microsoft.VisualStudio.TestWindow.VSCode.Service.dll\",\"fullClassName\":\"Microsoft.VisualStudio.TestWindow.VSCode.ProjectSystemProvider.Service.ProjectSystemProviderServiceFactory\",\"scriptPath\":null,\"constructorFunction\":null,\"configPath\":null,\"appBasePath\":null,\"assemblySearchPathsConfig\":null},\"hostGroupAllowed\":null,\"hostGroupId\":null,\"serviceOverride\":null,\"singleDomainLoaderOptimization\":null,\"versionRange\":null,\"friendServices\":null}","__servicehub__ServiceHubRemoteServiceBrokerPipeName":"/Users/dori/.ServiceHub/a236158c5b/37148d8342"},"ClientCredentials":{},"ClientCulture":"en","ClientUICulture":"en"}]}
08/08/2024 18:22:59 Australian Eastern Standard Time : Information : VsHubClient-hubController read: Content-Length: 162

{"jsonrpc":"2.0","id":11,"result":{"RequestId":"35bfbe64-1fec-407d-b715-3d70513854a9","PipeName":"/Users/dori/.ServiceHub/a236158c5b/d75c941f85","IsEmpty":false}}
08/08/2024 18:22:59 Australian Eastern Standard Time : Information : Disposing ServiceBroker server '/Users/dori/.ServiceHub/a236158c5b/37148d8342'.
08/08/2024 18:22:59 Australian Eastern Standard Time : Information : Microsoft.VisualStudio.TestWindow.VSCode.ProjectSystemProvider.Service-RemoteServiceBrokerServer read: Content-Length: 193

{"jsonrpc":"2.0","id":2,"method":"handshake","params":[{"supportedConnections":"IpcPipe","localServiceHost":{"operatingSystem":2,"processArchitecture":3,"runtime":2,"runtimeVersion":"8.0.7"}}]}
08/08/2024 18:22:59 Australian Eastern Standard Time : Information : Microsoft.VisualStudio.TestWindow.VSCode.ProjectSystemProvider.Service-RemoteServiceBrokerServer write: Content-Length: 38

{"jsonrpc":"2.0","id":2,"result":null}
08/08/2024 18:22:59 Australian Eastern Standard Time : Information : Microsoft.VisualStudio.TestWindow.VSCode.ProjectSystemProvider.Service-RemoteServiceBrokerServer read: Content-Length: 177

{"jsonrpc":"2.0","id":3,"method":"requestServiceChannel","params":[{"name":"Microsoft.ServiceHub.Framework.AuthorizationService"},{"clientCulture":"en","clientUICulture":"en"}]}
08/08/2024 18:22:59 Australian Eastern Standard Time : Information : Microsoft.VisualStudio.TestWindow.VSCode.ProjectSystemProvider.Service-RemoteServiceBrokerServer write: Content-Length: 181

{"jsonrpc":"2.0","id":3,"result":{"requestId":"f4c7757f-b603-45f1-8bb8-f03496093544","pipeName":"/var/folders/r3/4_xhk7ks1gn7df05gbxrm4rh0000gn/T/2402257fcf9a4b2fa0326376e2ee0cb6"}}
08/08/2024 18:22:59 Australian Eastern Standard Time : Information : Microsoft.VisualStudio.TestWindow.VSCode.ProjectSystemProvider.Service-RemoteServiceBrokerServer read: Content-Length: 287

{"jsonrpc":"2.0","id":4,"method":"requestServiceChannel","params":[{"name":"Microsoft.VisualStudio.ProjectSystem.Query.Remoting.QueryExecutionService","version":"0.2"},{"clientCulture":"en","clientUICulture":"en"}],"traceparent":"00-01b9a35cce09284db6fc8cbbd32de0b1-06934f74820c144c-00"}
08/08/2024 18:22:59 Australian Eastern Standard Time : Information : VsHubClient-hubController write: Content-Length: 1453

{"jsonrpc":"2.0","id":12,"method":"requestServiceChannel","params":[{"Name":"Microsoft.VisualStudio.ProjectSystem.Query.Remoting.QueryExecutionService","Version":"0.2"},{"ActivationArguments":{"__servicehub__ServiceModuleInfo_Microsoft.VisualStudio.ProjectSystem.Query.Remoting.QueryExecutionService":"{\"name\":null,\"host\":\"dotnet.projectSystem\",\"hostId\":\"C94B8CFE-E3FD-4BAF-A941-2866DBB566FE\",\"serviceBaseDirectory\":\"/Users/dori/.vscode/extensions/ms-dotnettools.csdevkit-1.8.14-darwin-arm64/components/CPS/platforms/darwin-arm64/node_modules/@microsoft/visualstudio-projectsystem-server.darwin-arm64\",\"entryPoint\":{\"assemblyPath\":\"/Users/dori/.vscode/extensions/ms-dotnettools.csdevkit-1.8.14-darwin-arm64/components/CPS/platforms/darwin-arm64/node_modules/@microsoft/visualstudio-projectsystem-server.darwin-arm64/Microsoft.VisualStudio.ProjectSystem.Server.Implementation.dll\",\"fullClassName\":\"Microsoft.VisualStudio.ProjectSystem.Server.QueryExecutionServiceFactory\",\"scriptPath\":null,\"constructorFunction\":null,\"configPath\":null,\"appBasePath\":null,\"assemblySearchPathsConfig\":null},\"hostGroupAllowed\":null,\"hostGroupId\":null,\"serviceOverride\":null,\"singleDomainLoaderOptimization\":null,\"versionRange\":null,\"friendServices\":null}","__servicehub__ServiceHubRemoteServiceBrokerPipeName":"/Users/dori/.ServiceHub/a236158c5b/611b649363"},"ClientCredentials":{},"ClientCulture":"en","ClientUICulture":"en"}]}
08/08/2024 18:22:59 Australian Eastern Standard Time : Information : VsHubClient-hubController read: Content-Length: 162

{"jsonrpc":"2.0","id":12,"result":{"RequestId":"867f8bfa-9c43-4795-851d-1d2a7e9778a8","PipeName":"/Users/dori/.ServiceHub/a236158c5b/f4fd6c216b","IsEmpty":false}}
08/08/2024 18:22:59 Australian Eastern Standard Time : Information : Microsoft.VisualStudio.TestWindow.VSCode.ProjectSystemProvider.Service-RemoteServiceBrokerServer write: Content-Length: 145

{"jsonrpc":"2.0","id":4,"result":{"requestId":"867f8bfa-9c43-4795-851d-1d2a7e9778a8","pipeName":"/Users/dori/.ServiceHub/a236158c5b/f4fd6c216b"}}
08/08/2024 18:22:59 Australian Eastern Standard Time : Information : Disposing ServiceBroker server '/Users/dori/.ServiceHub/a236158c5b/611b649363'.
08/08/2024 18:22:59 Australian Eastern Standard Time : Information : Microsoft.VisualStudio.ProjectSystem.Query.Remoting.QueryExecutionService-RemoteServiceBrokerServer read: Content-Length: 193

{"jsonrpc":"2.0","id":2,"method":"handshake","params":[{"supportedConnections":"IpcPipe","localServiceHost":{"operatingSystem":2,"processArchitecture":3,"runtime":2,"runtimeVersion":"8.0.7"}}]}
08/08/2024 18:22:59 Australian Eastern Standard Time : Information : Microsoft.VisualStudio.ProjectSystem.Query.Remoting.QueryExecutionService-RemoteServiceBrokerServer write: Content-Length: 38

{"jsonrpc":"2.0","id":2,"result":null}
08/08/2024 18:22:59 Australian Eastern Standard Time : Information : Microsoft.VisualStudio.ProjectSystem.Query.Remoting.QueryExecutionService-RemoteServiceBrokerServer read: Content-Length: 177

{"jsonrpc":"2.0","id":3,"method":"requestServiceChannel","params":[{"name":"Microsoft.ServiceHub.Framework.AuthorizationService"},{"clientCulture":"en","clientUICulture":"en"}]}
08/08/2024 18:22:59 Australian Eastern Standard Time : Information : Microsoft.VisualStudio.ProjectSystem.Query.Remoting.QueryExecutionService-RemoteServiceBrokerServer write: Content-Length: 181

{"jsonrpc":"2.0","id":3,"result":{"requestId":"5da2a880-693a-4229-b38e-27cfdeac5e5a","pipeName":"/var/folders/r3/4_xhk7ks1gn7df05gbxrm4rh0000gn/T/15c6798db63e42658d996f52b3dd7a1e"}}
08/08/2024 18:22:59 Australian Eastern Standard Time : Information : Microsoft.VisualStudio.ProjectSystem.CompositionService-RemoteServiceBrokerServer read: Content-Length: 236

{"jsonrpc":"2.0","id":6,"method":"requestServiceChannel","params":[{"name":"Microsoft.VisualStudio.NuGetSolutionRestoreService","version":"0.1"},{"activationArguments":{"needEvents":"True"},"clientCulture":"en","clientUICulture":"en"}]}Content-Length: 198

{"jsonrpc":"2.0","id":7,"method":"requestServiceChannel","params":[{"name":"Microsoft.VisualStudio.ActiveDocumentsInformationService","version":"0.1"},{"clientCulture":"en","clientUICulture":"en"}]}
08/08/2024 18:22:59 Australian Eastern Standard Time : Information : Microsoft.VisualStudio.ProjectSystem.CompositionService-RemoteServiceBrokerServer write: Content-Length: 181

{"jsonrpc":"2.0","id":6,"result":{"requestId":"a174413a-8246-4bf3-8ba9-86c17c130032","pipeName":"/var/folders/r3/4_xhk7ks1gn7df05gbxrm4rh0000gn/T/9a4b8d8314a240259a74981c1666c222"}}Content-Length: 181

{"jsonrpc":"2.0","id":7,"result":{"requestId":"771d20d5-ae8a-4e73-b889-062eb140223d","pipeName":"/var/folders/r3/4_xhk7ks1gn7df05gbxrm4rh0000gn/T/9ab48dc6583746d3b2db44f7e56479e0"}}
08/08/2024 18:23:00 Australian Eastern Standard Time : Information : Microsoft.VisualStudio.ProjectSystem.CompositionService-RemoteServiceBrokerServer read: Content-Length: 191

{"jsonrpc":"2.0","id":8,"method":"requestServiceChannel","params":[{"name":"Microsoft.VisualStudio.NoDelay.EnvironmentService","version":"0.1"},{"clientCulture":"en","clientUICulture":"en"}]}
08/08/2024 18:23:00 Australian Eastern Standard Time : Information : Microsoft.VisualStudio.ProjectSystem.CompositionService-RemoteServiceBrokerServer write: Content-Length: 181

{"jsonrpc":"2.0","id":8,"result":{"requestId":"1521fcca-e08a-4467-ba1b-eeec948685aa","pipeName":"/var/folders/r3/4_xhk7ks1gn7df05gbxrm4rh0000gn/T/d1306e80f8dc4dd4ae0b4024ac5dfb15"}}
08/08/2024 18:23:00 Australian Eastern Standard Time : Information : Microsoft.VisualStudio.ProjectSystem.CompositionService-RemoteServiceBrokerServer read: Content-Length: 196

{"jsonrpc":"2.0","id":9,"method":"requestServiceChannel","params":[{"name":"Microsoft.VisualStudio.LanguageServices.WorkspaceProjectFactoryService"},{"clientCulture":"en","clientUICulture":"en"}]}
08/08/2024 18:23:00 Australian Eastern Standard Time : Information : VsHubClient-hubController write: Content-Length: 1462

{"jsonrpc":"2.0","id":13,"method":"requestServiceChannel","params":[{"Name":"Microsoft.VisualStudio.ProjectSystem.ProjectInitializationStatusService","Version":"0.1"},{"ActivationArguments":{"__servicehub__ServiceModuleInfo_Microsoft.VisualStudio.ProjectSystem.ProjectInitializationStatusService":"{\"name\":null,\"host\":\"dotnet.projectSystem\",\"hostId\":\"C94B8CFE-E3FD-4BAF-A941-2866DBB566FE\",\"serviceBaseDirectory\":\"/Users/dori/.vscode/extensions/ms-dotnettools.csdevkit-1.8.14-darwin-arm64/components/CPS/platforms/darwin-arm64/node_modules/@microsoft/visualstudio-projectsystem-server.darwin-arm64\",\"entryPoint\":{\"assemblyPath\":\"/Users/dori/.vscode/extensions/ms-dotnettools.csdevkit-1.8.14-darwin-arm64/components/CPS/platforms/darwin-arm64/node_modules/@microsoft/visualstudio-projectsystem-server.darwin-arm64/Microsoft.VisualStudio.ProjectSystem.Server.Implementation.dll\",\"fullClassName\":\"Microsoft.VisualStudio.ProjectSystem.Server.ProjectInitializationStatusServiceFactory\",\"scriptPath\":null,\"constructorFunction\":null,\"configPath\":null,\"appBasePath\":null,\"assemblySearchPathsConfig\":null},\"hostGroupAllowed\":null,\"hostGroupId\":null,\"serviceOverride\":null,\"singleDomainLoaderOptimization\":null,\"versionRange\":null,\"friendServices\":null}","__servicehub__ServiceHubRemoteServiceBrokerPipeName":"/Users/dori/.ServiceHub/a236158c5b/7d02f74aba"},"ClientCredentials":{},"ClientCulture":"en","ClientUICulture":"en"}]}
08/08/2024 18:23:00 Australian Eastern Standard Time : Information : VsHubClient-hubController read: Content-Length: 162

{"jsonrpc":"2.0","id":13,"result":{"RequestId":"1c280f40-211f-46e0-8d79-3b0a1b41d468","PipeName":"/Users/dori/.ServiceHub/a236158c5b/5af0cc5965","IsEmpty":false}}
08/08/2024 18:23:00 Australian Eastern Standard Time : Information : Disposing ServiceBroker server '/Users/dori/.ServiceHub/a236158c5b/7d02f74aba'.
08/08/2024 18:23:00 Australian Eastern Standard Time : Information : Microsoft.VisualStudio.ProjectSystem.ProjectInitializationStatusService-RemoteServiceBrokerServer read: Content-Length: 193

{"jsonrpc":"2.0","id":2,"method":"handshake","params":[{"supportedConnections":"IpcPipe","localServiceHost":{"operatingSystem":2,"processArchitecture":3,"runtime":2,"runtimeVersion":"8.0.7"}}]}
08/08/2024 18:23:00 Australian Eastern Standard Time : Information : Microsoft.VisualStudio.ProjectSystem.ProjectInitializationStatusService-RemoteServiceBrokerServer write: Content-Length: 38

{"jsonrpc":"2.0","id":2,"result":null}
08/08/2024 18:23:00 Australian Eastern Standard Time : Information : Microsoft.VisualStudio.ProjectSystem.ProjectInitializationStatusService-RemoteServiceBrokerServer read: Content-Length: 177

{"jsonrpc":"2.0","id":3,"method":"requestServiceChannel","params":[{"name":"Microsoft.ServiceHub.Framework.AuthorizationService"},{"clientCulture":"en","clientUICulture":"en"}]}
08/08/2024 18:23:00 Australian Eastern Standard Time : Information : Microsoft.VisualStudio.ProjectSystem.CompositionService-RemoteServiceBrokerServer read: Content-Length: 179

{"jsonrpc":"2.0","id":10,"method":"requestServiceChannel","params":[{"name":"Microsoft.VisualStudio.OptionService","version":"0.1"},{"clientCulture":"en","clientUICulture":"en"}]}
08/08/2024 18:23:00 Australian Eastern Standard Time : Information : Microsoft.VisualStudio.ProjectSystem.ProjectInitializationStatusService-RemoteServiceBrokerServer write: Content-Length: 181

{"jsonrpc":"2.0","id":3,"result":{"requestId":"3b057efb-96a8-4040-9b71-0ec05a4e6661","pipeName":"/var/folders/r3/4_xhk7ks1gn7df05gbxrm4rh0000gn/T/a62ee60d71834310b99239f7f8893ef8"}}
08/08/2024 18:23:00 Australian Eastern Standard Time : Information : Microsoft.VisualStudio.ProjectSystem.CompositionService-RemoteServiceBrokerServer write: Content-Length: 182

{"jsonrpc":"2.0","id":10,"result":{"requestId":"b33f1aba-f9ed-48c6-8f1b-b46e65474456","pipeName":"/var/folders/r3/4_xhk7ks1gn7df05gbxrm4rh0000gn/T/ff0f7821b3f645059c052a554b21176b"}}
08/08/2024 18:23:00 Australian Eastern Standard Time : Information : Microsoft.VisualStudio.ProjectSystem.CompositionService-RemoteServiceBrokerServer write: Content-Length: 181

{"jsonrpc":"2.0","id":9,"result":{"requestId":"a5c86516-450d-4d86-ae84-3e3bd976f3d9","pipeName":"/var/folders/r3/4_xhk7ks1gn7df05gbxrm4rh0000gn/T/ab37c86cf2fa4130916c82e3926f445d"}}
08/08/2024 18:23:00 Australian Eastern Standard Time : Information : Microsoft.VisualStudio.ProjectSystem.CompositionService-RemoteServiceBrokerServer read: Content-Length: 193

{"jsonrpc":"2.0","id":11,"method":"requestServiceChannel","params":[{"name":"Microsoft.VisualStudio.NuGetSolutionRestoreService","version":"0.1"},{"clientCulture":"en","clientUICulture":"en"}]}
08/08/2024 18:23:00 Australian Eastern Standard Time : Information : Microsoft.VisualStudio.ProjectSystem.CompositionService-RemoteServiceBrokerServer write: Content-Length: 182

{"jsonrpc":"2.0","id":11,"result":{"requestId":"851b27d4-9721-4c35-8928-a83138d97177","pipeName":"/var/folders/r3/4_xhk7ks1gn7df05gbxrm4rh0000gn/T/d4c25d80d7b843e293f7e4edffc71f87"}}
08/08/2024 18:23:01 Australian Eastern Standard Time : Information : Microsoft.VisualStudio.ProjectSystem.CompositionService-RemoteServiceBrokerServer read: Content-Length: 244

{"jsonrpc":"2.0","id":12,"method":"requestServiceChannel","params":[{"name":"Microsoft.VisualStudio.LogOutputChannelService","version":"0.1"},{"activationArguments":{"outputChannelName":"Projects"},"clientCulture":"en","clientUICulture":"en"}]}
08/08/2024 18:23:01 Australian Eastern Standard Time : Information : Microsoft.VisualStudio.ProjectSystem.CompositionService-RemoteServiceBrokerServer write: Content-Length: 182

{"jsonrpc":"2.0","id":12,"result":{"requestId":"0f3d6cdd-3237-4960-a376-2f1e4065a19f","pipeName":"/var/folders/r3/4_xhk7ks1gn7df05gbxrm4rh0000gn/T/e77bbb3be03b4e59b1ade67dee3a5b3a"}}
08/08/2024 18:40:59 Australian Eastern Standard Time : Information : VsHubClient-hubController JSON RPC has been disposed
08/08/2024 18:40:59 Australian Eastern Standard Time : Information : VsHubClient-hubController read: end of stream
08/08/2024 18:40:59 Australian Eastern Standard Time : Information : Microsoft.VisualStudio.TestWindow.VSCode.Service-RemoteServiceBrokerServer read: end of stream
