08/08/2024 18:22:59 Australian Eastern Standard Time : Information : Local timezone is (UTC+10:00) Australian Eastern Time (Melbourne)
08/08/2024 18:22:59 Australian Eastern Standard Time : Information : Service Hub .NET service module host started. Host id: dotnet$C94B8CFE-E3FD-4BAF-A941-2866DBB566FE. Controller pipe: net.pipe://1351049CAE. PID: 13547
08/08/2024 18:22:59 Australian Eastern Standard Time : Information : hubHostClr read: Content-Length: 111

{"jsonrpc":"2.0","id":2,"method":"initializeHost","params":[{"HostsRootDirectory":".","AppConfigFallback":""}]}
08/08/2024 18:22:59 Australian Eastern Standard Time : Information : hubHostClr write: Content-Length: 79

{"jsonrpc":"2.0","id":2,"result":"dotnet$C94B8CFE-E3FD-4BAF-A941-2866DBB566FE"}
08/08/2024 18:22:59 Australian Eastern Standard Time : Information : hubHostClr read: Content-Length: 2054

{"jsonrpc":"2.0","id":4,"method":"startService","params":[{"name":"vs-intellicode-base-models","host":"dotnet","hostId":"C94B8CFE-E3FD-4BAF-A941-2866DBB566FE","serviceBaseDirectory":"/Users/dori/.vscode/extensions/ms-dotnettools.vscodeintellicode-csharp-2.1.11-darwin-arm64/components/model-service/platforms/darwin-arm64/node_modules/@vsintellicode/model-service.darwin-arm64","entryPoint":{"assemblyPath":"/Users/dori/.vscode/extensions/ms-dotnettools.vscodeintellicode-csharp-2.1.11-darwin-arm64/components/model-service/platforms/darwin-arm64/node_modules/@vsintellicode/model-service.darwin-arm64/Microsoft.VisualStudio.IntelliCode.CSharp.BaseModelService.dll","fullClassName":"Microsoft.VisualStudio.IntelliCode.BaseModelService.BaseModelServiceFactory"}},{"ActivationArguments":{"__servicehub__ServiceModuleInfo_vs-intellicode-base-models":"{\"name\":null,\"host\":\"dotnet\",\"hostId\":\"C94B8CFE-E3FD-4BAF-A941-2866DBB566FE\",\"serviceBaseDirectory\":\"/Users/dori/.vscode/extensions/ms-dotnettools.vscodeintellicode-csharp-2.1.11-darwin-arm64/components/model-service/platforms/darwin-arm64/node_modules/@vsintellicode/model-service.darwin-arm64\",\"entryPoint\":{\"assemblyPath\":\"/Users/dori/.vscode/extensions/ms-dotnettools.vscodeintellicode-csharp-2.1.11-darwin-arm64/components/model-service/platforms/darwin-arm64/node_modules/@vsintellicode/model-service.darwin-arm64/Microsoft.VisualStudio.IntelliCode.CSharp.BaseModelService.dll\",\"fullClassName\":\"Microsoft.VisualStudio.IntelliCode.BaseModelService.BaseModelServiceFactory\",\"scriptPath\":null,\"constructorFunction\":null,\"configPath\":null,\"appBasePath\":null,\"assemblySearchPathsConfig\":null},\"hostGroupAllowed\":null,\"hostGroupId\":null,\"serviceOverride\":null,\"singleDomainLoaderOptimization\":null,\"versionRange\":null,\"friendServices\":null}","__servicehub__ServiceHubRemoteServiceBrokerPipeName":"/Users/dori/.ServiceHub/a236158c5b/fc743b3d45","__servicehub__RequestedServiceVersion":"0.1"},"ClientCredentials":{},"ClientCulture":"en","ClientUICulture":"en"}]}
08/08/2024 18:22:59 Australian Eastern Standard Time : Information : hubHostClr read: Content-Length: 2074

{"jsonrpc":"2.0","id":3,"method":"startService","params":[{"name":"Microsoft.VisualStudio.Debugger.HotReloadSessionNotificationService","host":"dotnet","hostId":"C94B8CFE-E3FD-4BAF-A941-2866DBB566FE","serviceBaseDirectory":"/Users/dori/.vscode/extensions/ms-dotnettools.csdevkit-1.8.14-darwin-arm64/components/VSDebugCore/platforms/darwin-arm64/node_modules/@microsoft/visualstudio-debugger-devkit.darwin-arm64","entryPoint":{"assemblyPath":"/Users/dori/.vscode/extensions/ms-dotnettools.csdevkit-1.8.14-darwin-arm64/components/VSDebugCore/platforms/darwin-arm64/node_modules/@microsoft/visualstudio-debugger-devkit.darwin-arm64/Microsoft.VisualStudio.Debugger.DevKit.dll","fullClassName":"Microsoft.VisualStudio.Debugger.HotReloadSessionNotificationService+Factory"}},{"ActivationArguments":{"__servicehub__ServiceModuleInfo_Microsoft.VisualStudio.Debugger.HotReloadSessionNotificationService":"{\"name\":null,\"host\":\"dotnet\",\"hostId\":\"C94B8CFE-E3FD-4BAF-A941-2866DBB566FE\",\"serviceBaseDirectory\":\"/Users/dori/.vscode/extensions/ms-dotnettools.csdevkit-1.8.14-darwin-arm64/components/VSDebugCore/platforms/darwin-arm64/node_modules/@microsoft/visualstudio-debugger-devkit.darwin-arm64\",\"entryPoint\":{\"assemblyPath\":\"/Users/dori/.vscode/extensions/ms-dotnettools.csdevkit-1.8.14-darwin-arm64/components/VSDebugCore/platforms/darwin-arm64/node_modules/@microsoft/visualstudio-debugger-devkit.darwin-arm64/Microsoft.VisualStudio.Debugger.DevKit.dll\",\"fullClassName\":\"Microsoft.VisualStudio.Debugger.HotReloadSessionNotificationService+Factory\",\"scriptPath\":null,\"constructorFunction\":null,\"configPath\":null,\"appBasePath\":null,\"assemblySearchPathsConfig\":null},\"hostGroupAllowed\":null,\"hostGroupId\":null,\"serviceOverride\":null,\"singleDomainLoaderOptimization\":null,\"versionRange\":null,\"friendServices\":null}","__servicehub__ServiceHubRemoteServiceBrokerPipeName":"/Users/dori/.ServiceHub/a236158c5b/4b882a0d5b","__servicehub__RequestedServiceVersion":"0.1"},"ClientCredentials":{},"ClientCulture":"en-AU","ClientUICulture":"en-US"}]}Content-Length: 2106

{"jsonrpc":"2.0","id":5,"method":"startService","params":[{"name":"Microsoft.VisualStudio.TestWindow.VSCode.Service","host":"dotnet","hostId":"C94B8CFE-E3FD-4BAF-A941-2866DBB566FE","serviceBaseDirectory":"/Users/dori/.vscode/extensions/ms-dotnettools.csdevkit-1.8.14-darwin-arm64/components/VSUnitTesting/platforms/darwin-arm64/node_modules/@microsoft/visualstudio-testwindow-vscode-service.darwin-arm64","entryPoint":{"assemblyPath":"/Users/dori/.vscode/extensions/ms-dotnettools.csdevkit-1.8.14-darwin-arm64/components/VSUnitTesting/platforms/darwin-arm64/node_modules/@microsoft/visualstudio-testwindow-vscode-service.darwin-arm64/Microsoft.VisualStudio.TestWindow.VSCode.Service.dll","fullClassName":"Microsoft.VisualStudio.TestWindow.VSCode.Service.TestWindowVSCodeServiceFactory"}},{"ActivationArguments":{"__servicehub__ServiceModuleInfo_Microsoft.VisualStudio.TestWindow.VSCode.Service":"{\"name\":null,\"host\":\"dotnet\",\"hostId\":\"C94B8CFE-E3FD-4BAF-A941-2866DBB566FE\",\"serviceBaseDirectory\":\"/Users/dori/.vscode/extensions/ms-dotnettools.csdevkit-1.8.14-darwin-arm64/components/VSUnitTesting/platforms/darwin-arm64/node_modules/@microsoft/visualstudio-testwindow-vscode-service.darwin-arm64\",\"entryPoint\":{\"assemblyPath\":\"/Users/dori/.vscode/extensions/ms-dotnettools.csdevkit-1.8.14-darwin-arm64/components/VSUnitTesting/platforms/darwin-arm64/node_modules/@microsoft/visualstudio-testwindow-vscode-service.darwin-arm64/Microsoft.VisualStudio.TestWindow.VSCode.Service.dll\",\"fullClassName\":\"Microsoft.VisualStudio.TestWindow.VSCode.Service.TestWindowVSCodeServiceFactory\",\"scriptPath\":null,\"constructorFunction\":null,\"configPath\":null,\"appBasePath\":null,\"assemblySearchPathsConfig\":null},\"hostGroupAllowed\":null,\"hostGroupId\":null,\"serviceOverride\":null,\"singleDomainLoaderOptimization\":null,\"versionRange\":null,\"friendServices\":null}","__servicehub__ServiceHubRemoteServiceBrokerPipeName":"/Users/dori/.ServiceHub/a236158
08/08/2024 18:22:59 Australian Eastern Standard Time : Information : CLR host received start request for service 'vs-intellicode-base-models'
08/08/2024 18:22:59 Australian Eastern Standard Time : Information : hubHostClr read: c5b/cf5f1b094e","__servicehub__RequestedServiceVersion":"0.1"},"ClientCredentials":{},"ClientCulture":"en","ClientUICulture":"en"}]}Content-Length: 2010

{"jsonrpc":"2.0","id":6,"method":"startService","params":[{"name":"Microsoft.CodeCoverage.VSCode.ReportService","host":"dotnet","hostId":"C94B8CFE-E3FD-4BAF-A941-2866DBB566FE","serviceBaseDirectory":"/Users/dori/.vscode/extensions/ms-dotnettools.csdevkit-1.8.14-darwin-arm64/components/vs-code-coverage/platforms/darwin-arm64/node_modules/@microsoft/codecoverage-vscode-services.darwin-arm64","entryPoint":{"assemblyPath":"/Users/dori/.vscode/extensions/ms-dotnettools.csdevkit-1.8.14-darwin-arm64/components/vs-code-coverage/platforms/darwin-arm64/node_modules/@microsoft/codecoverage-vscode-services.darwin-arm64/Microsoft.CodeCoverage.VSCode.Services.dll","fullClassName":"Microsoft.VisualStudio.CoverageServices.ReportServiceFactory"}},{"ActivationArguments":{"__servicehub__ServiceModuleInfo_Microsoft.CodeCoverage.VSCode.ReportService":"{\"name\":null,\"host\":\"dotnet\",\"hostId\":\"C94B8CFE-E3FD-4BAF-A941-2866DBB566FE\",\"serviceBaseDirectory\":\"/Users/dori/.vscode/extensions/ms-dotnettools.csdevkit-1.8.14-darwin-arm64/components/vs-code-coverage/platforms/darwin-arm64/node_modules/@microsoft/codecoverage-vscode-services.darwin-arm64\",\"entryPoint\":{\"assemblyPath\":\"/Users/dori/.vscode/extensions/ms-dotnettools.csdevkit-1.8.14-darwin-arm64/components/vs-code-coverage/platforms/darwin-arm64/node_modules/@microsoft/codecoverage-vscode-services.darwin-arm64/Microsoft.CodeCoverage.VSCode.Services.dll\",\"fullClassName\":\"Microsoft.VisualStudio.CoverageServices.ReportServiceFactory\",\"scriptPath\":null,\"constructorFunction\":null,\"configPath\":null,\"appBasePath\":null,\"assemblySearchPathsConfig\":null},\"hostGroupAllowed\":null,\"hostGroupId\":null,\"serviceOverride\":null,\"singleDomainLoaderOptimization\":null,\"versionRange\":null,\"friendServices\":null}","__servicehub__ServiceHubRemoteServiceBrokerPipeName":"/Users/dori/.ServiceHub/a236158c5b/323d2da41f","__servicehub__RequestedServiceVersion":"1.0"},"ClientCredentials":{},"ClientCulture":"en","ClientUICulture":"en"}]}
08/08/2024 18:22:59 Australian Eastern Standard Time : Information : Loading service module assembly '/Users/dori/.vscode/extensions/ms-dotnettools.vscodeintellicode-csharp-2.1.11-darwin-arm64/components/model-service/platforms/darwin-arm64/node_modules/@vsintellicode/model-service.darwin-arm64/Microsoft.VisualStudio.IntelliCode.CSharp.BaseModelService.dll' from '/Users/dori/.vscode/extensions/ms-dotnettools.vscodeintellicode-csharp-2.1.11-darwin-arm64/components/model-service/platforms/darwin-arm64/node_modules/@vsintellicode/model-service.darwin-arm64'
08/08/2024 18:22:59 Australian Eastern Standard Time : Information : Starting service module 'vs-intellicode-base-models'. Class: Microsoft.VisualStudio.IntelliCode.BaseModelService.BaseModelServiceFactory, Supported Version: 
08/08/2024 18:22:59 Australian Eastern Standard Time : Information : Started service 'vs-intellicode-base-models'. Pipe name: /Users/dori/.ServiceHub/a236158c5b/949bb4630f, Supported Version: 
08/08/2024 18:22:59 Australian Eastern Standard Time : Information : hubHostClr write: Content-Length: 81

{"jsonrpc":"2.0","id":4,"result":"/Users/dori/.ServiceHub/a236158c5b/949bb4630f"}
08/08/2024 18:22:59 Australian Eastern Standard Time : Information : CLR host received start request for service 'Microsoft.VisualStudio.Debugger.HotReloadSessionNotificationService'
08/08/2024 18:22:59 Australian Eastern Standard Time : Information : Loading service module assembly '/Users/dori/.vscode/extensions/ms-dotnettools.csdevkit-1.8.14-darwin-arm64/components/VSDebugCore/platforms/darwin-arm64/node_modules/@microsoft/visualstudio-debugger-devkit.darwin-arm64/Microsoft.VisualStudio.Debugger.DevKit.dll' from '/Users/dori/.vscode/extensions/ms-dotnettools.csdevkit-1.8.14-darwin-arm64/components/VSDebugCore/platforms/darwin-arm64/node_modules/@microsoft/visualstudio-debugger-devkit.darwin-arm64'
08/08/2024 18:22:59 Australian Eastern Standard Time : Information : Starting service module 'Microsoft.VisualStudio.Debugger.HotReloadSessionNotificationService'. Class: Microsoft.VisualStudio.Debugger.HotReloadSessionNotificationService+Factory, Supported Version: 
08/08/2024 18:22:59 Australian Eastern Standard Time : Information : Started service 'Microsoft.VisualStudio.Debugger.HotReloadSessionNotificationService'. Pipe name: /Users/dori/.ServiceHub/a236158c5b/bbcdd34ed8, Supported Version: 
08/08/2024 18:22:59 Australian Eastern Standard Time : Information : CLR host received start request for service 'Microsoft.VisualStudio.TestWindow.VSCode.Service'
08/08/2024 18:22:59 Australian Eastern Standard Time : Information : hubHostClr write: Content-Length: 81

{"jsonrpc":"2.0","id":3,"result":"/Users/dori/.ServiceHub/a236158c5b/bbcdd34ed8"}
08/08/2024 18:22:59 Australian Eastern Standard Time : Information : Loading service module assembly '/Users/dori/.vscode/extensions/ms-dotnettools.csdevkit-1.8.14-darwin-arm64/components/VSUnitTesting/platforms/darwin-arm64/node_modules/@microsoft/visualstudio-testwindow-vscode-service.darwin-arm64/Microsoft.VisualStudio.TestWindow.VSCode.Service.dll' from '/Users/dori/.vscode/extensions/ms-dotnettools.csdevkit-1.8.14-darwin-arm64/components/VSUnitTesting/platforms/darwin-arm64/node_modules/@microsoft/visualstudio-testwindow-vscode-service.darwin-arm64'
08/08/2024 18:22:59 Australian Eastern Standard Time : Information : Starting service module 'Microsoft.VisualStudio.TestWindow.VSCode.Service'. Class: Microsoft.VisualStudio.TestWindow.VSCode.Service.TestWindowVSCodeServiceFactory, Supported Version: 
08/08/2024 18:22:59 Australian Eastern Standard Time : Information : Started service 'Microsoft.VisualStudio.TestWindow.VSCode.Service'. Pipe name: /Users/dori/.ServiceHub/a236158c5b/bfd0923950, Supported Version: 
08/08/2024 18:22:59 Australian Eastern Standard Time : Information : CLR host received start request for service 'Microsoft.CodeCoverage.VSCode.ReportService'
08/08/2024 18:22:59 Australian Eastern Standard Time : Information : hubHostClr write: Content-Length: 81

{"jsonrpc":"2.0","id":5,"result":"/Users/dori/.ServiceHub/a236158c5b/bfd0923950"}
08/08/2024 18:22:59 Australian Eastern Standard Time : Information : Loading service module assembly '/Users/dori/.vscode/extensions/ms-dotnettools.csdevkit-1.8.14-darwin-arm64/components/vs-code-coverage/platforms/darwin-arm64/node_modules/@microsoft/codecoverage-vscode-services.darwin-arm64/Microsoft.CodeCoverage.VSCode.Services.dll' from '/Users/dori/.vscode/extensions/ms-dotnettools.csdevkit-1.8.14-darwin-arm64/components/vs-code-coverage/platforms/darwin-arm64/node_modules/@microsoft/codecoverage-vscode-services.darwin-arm64'
08/08/2024 18:22:59 Australian Eastern Standard Time : Information : Starting service module 'Microsoft.CodeCoverage.VSCode.ReportService'. Class: Microsoft.VisualStudio.CoverageServices.ReportServiceFactory, Supported Version: 
08/08/2024 18:22:59 Australian Eastern Standard Time : Information : Started service 'Microsoft.CodeCoverage.VSCode.ReportService'. Pipe name: /Users/dori/.ServiceHub/a236158c5b/b23295f6a2, Supported Version: 
08/08/2024 18:22:59 Australian Eastern Standard Time : Information : hubHostClr write: Content-Length: 81

{"jsonrpc":"2.0","id":6,"result":"/Users/dori/.ServiceHub/a236158c5b/b23295f6a2"}
08/08/2024 18:22:59 Australian Eastern Standard Time : Information : A new client connected to CLR service module 'vs-intellicode-base-models'
08/08/2024 18:22:59 Australian Eastern Standard Time : Information : A new client connected to CLR service module 'Microsoft.VisualStudio.Debugger.HotReloadSessionNotificationService'
08/08/2024 18:22:59 Australian Eastern Standard Time : Information : A new client connected to CLR service module 'Microsoft.CodeCoverage.VSCode.ReportService'
08/08/2024 18:22:59 Australian Eastern Standard Time : Information : A new client connected to CLR service module 'Microsoft.VisualStudio.TestWindow.VSCode.Service'
08/08/2024 18:22:59 Australian Eastern Standard Time : Information : Found FactoryVersion=Version2 for service : Microsoft.VisualStudio.TestWindow.VSCode.Service.
08/08/2024 18:22:59 Australian Eastern Standard Time : Information : Found FactoryVersion=Version2 for service : Microsoft.CodeCoverage.VSCode.ReportService.
08/08/2024 18:22:59 Australian Eastern Standard Time : Information : Service 'Microsoft.VisualStudio.CoverageServices.ReportServiceFactory' implements IServiceHubServiceFactory. Creating factory instance and caching it.
08/08/2024 18:22:59 Australian Eastern Standard Time : Information : Found FactoryVersion=Version2 for service : vs-intellicode-base-models.
08/08/2024 18:22:59 Australian Eastern Standard Time : Information : Service 'Microsoft.VisualStudio.IntelliCode.BaseModelService.BaseModelServiceFactory' implements IServiceHubServiceFactory. Creating factory instance and caching it.
08/08/2024 18:22:59 Australian Eastern Standard Time : Information : Service 'Microsoft.VisualStudio.TestWindow.VSCode.Service.TestWindowVSCodeServiceFactory' implements IServiceHubServiceFactory. Creating factory instance and caching it.
08/08/2024 18:22:59 Australian Eastern Standard Time : Information : hubHostClr write: Content-Length: 105

{"jsonrpc":"2.0","method":"hostServicesStarted","params":["dotnet$C94B8CFE-E3FD-4BAF-A941-2866DBB566FE"]}
08/08/2024 18:22:59 Australian Eastern Standard Time : Information : Found FactoryVersion=Version2 for service : Microsoft.VisualStudio.Debugger.HotReloadSessionNotificationService.
08/08/2024 18:22:59 Australian Eastern Standard Time : Information : Service 'Microsoft.VisualStudio.Debugger.HotReloadSessionNotificationService+Factory' implements IServiceHubServiceFactory. Creating factory instance and caching it.
08/08/2024 18:22:59 Australian Eastern Standard Time : Information : Creating service Microsoft.VisualStudio.CoverageServices.ReportServiceFactory from factory with FactoryVersion=Version2 and ClientRequestedVersion=1.0.
08/08/2024 18:22:59 Australian Eastern Standard Time : Information : Creating service Microsoft.VisualStudio.Debugger.HotReloadSessionNotificationService+Factory from factory with FactoryVersion=Version2 and ClientRequestedVersion=0.1.
08/08/2024 18:22:59 Australian Eastern Standard Time : Information : Creating service Microsoft.VisualStudio.TestWindow.VSCode.Service.TestWindowVSCodeServiceFactory from factory with FactoryVersion=Version2 and ClientRequestedVersion=0.1.
08/08/2024 18:22:59 Australian Eastern Standard Time : Information : Creating service Microsoft.VisualStudio.IntelliCode.BaseModelService.BaseModelServiceFactory from factory with FactoryVersion=Version2 and ClientRequestedVersion=0.1.
08/08/2024 18:22:59 Australian Eastern Standard Time : Information : Setting up RPC connection for service 'Microsoft.VisualStudio.IntelliCode.BaseModelService.BaseModelServiceFactory' from factory
08/08/2024 18:22:59 Australian Eastern Standard Time : Information : Setting up RPC connection for service 'Microsoft.VisualStudio.Debugger.HotReloadSessionNotificationService+Factory' from factory
08/08/2024 18:22:59 Australian Eastern Standard Time : Information : Setting up RPC connection for service 'Microsoft.VisualStudio.TestWindow.VSCode.Service.TestWindowVSCodeServiceFactory' from factory
08/08/2024 18:22:59 Australian Eastern Standard Time : Information : Setting up RPC connection for service 'Microsoft.VisualStudio.CoverageServices.ReportServiceFactory' from factory
08/08/2024 18:22:59 Australian Eastern Standard Time : Information : Completed RPC connection setup for service 'Microsoft.VisualStudio.CoverageServices.ReportServiceFactory' from factory
08/08/2024 18:22:59 Australian Eastern Standard Time : Information : Completed RPC connection setup for service 'Microsoft.VisualStudio.IntelliCode.BaseModelService.BaseModelServiceFactory' from factory
08/08/2024 18:22:59 Australian Eastern Standard Time : Information : Completed RPC connection setup for service 'Microsoft.VisualStudio.TestWindow.VSCode.Service.TestWindowVSCodeServiceFactory' from factory
08/08/2024 18:22:59 Australian Eastern Standard Time : Information : Completed RPC connection setup for service 'Microsoft.VisualStudio.Debugger.HotReloadSessionNotificationService+Factory' from factory
08/08/2024 18:22:59 Australian Eastern Standard Time : Information : hubHostClr read: Content-Length: 2204

{"jsonrpc":"2.0","id":7,"method":"startService","params":[{"name":"Microsoft.VisualStudio.TestWindow.VSCode.ProjectSystemProvider.Service","host":"dotnet","hostId":"C94B8CFE-E3FD-4BAF-A941-2866DBB566FE","serviceBaseDirectory":"/Users/dori/.vscode/extensions/ms-dotnettools.csdevkit-1.8.14-darwin-arm64/components/VSUnitTesting/platforms/darwin-arm64/node_modules/@microsoft/visualstudio-testwindow-vscode-service.darwin-arm64","entryPoint":{"assemblyPath":"/Users/dori/.vscode/extensions/ms-dotnettools.csdevkit-1.8.14-darwin-arm64/components/VSUnitTesting/platforms/darwin-arm64/node_modules/@microsoft/visualstudio-testwindow-vscode-service.darwin-arm64/Microsoft.VisualStudio.TestWindow.VSCode.Service.dll","fullClassName":"Microsoft.VisualStudio.TestWindow.VSCode.ProjectSystemProvider.Service.ProjectSystemProviderServiceFactory"}},{"ActivationArguments":{"__servicehub__ServiceModuleInfo_Microsoft.VisualStudio.TestWindow.VSCode.ProjectSystemProvider.Service":"{\"name\":null,\"host\":\"dotnet\",\"hostId\":\"C94B8CFE-E3FD-4BAF-A941-2866DBB566FE\",\"serviceBaseDirectory\":\"/Users/dori/.vscode/extensions/ms-dotnettools.csdevkit-1.8.14-darwin-arm64/components/VSUnitTesting/platforms/darwin-arm64/node_modules/@microsoft/visualstudio-testwindow-vscode-service.darwin-arm64\",\"entryPoint\":{\"assemblyPath\":\"/Users/dori/.vscode/extensions/ms-dotnettools.csdevkit-1.8.14-darwin-arm64/components/VSUnitTesting/platforms/darwin-arm64/node_modules/@microsoft/visualstudio-testwindow-vscode-service.darwin-arm64/Microsoft.VisualStudio.TestWindow.VSCode.Service.dll\",\"fullClassName\":\"Microsoft.VisualStudio.TestWindow.VSCode.ProjectSystemProvider.Service.ProjectSystemProviderServiceFactory\",\"scriptPath\":null,\"constructorFunction\":null,\"configPath\":null,\"appBasePath\":null,\"assemblySearchPathsConfig\":null},\"hostGroupAllowed\":null,\"hostGroupId\":null,\"serviceOverride\":null,\"singleDomainLoaderOptimization\":null,\"versionRange\":null,\"friendServices\":null}","__servicehub__ServiceHubRemoteServiceBrokerPipeName":"/Users/dori/.ServiceHub/a236158c5b/37148d8342","__servicehub__RequestedServiceVersion":"0.1"},"ClientCredentials":{},"ClientCulture":"en","ClientUICulture":"en"}]}
08/08/2024 18:22:59 Australian Eastern Standard Time : Information : CLR host received start request for service 'Microsoft.VisualStudio.TestWindow.VSCode.ProjectSystemProvider.Service'
08/08/2024 18:22:59 Australian Eastern Standard Time : Information : Loading service module assembly '/Users/dori/.vscode/extensions/ms-dotnettools.csdevkit-1.8.14-darwin-arm64/components/VSUnitTesting/platforms/darwin-arm64/node_modules/@microsoft/visualstudio-testwindow-vscode-service.darwin-arm64/Microsoft.VisualStudio.TestWindow.VSCode.Service.dll' from '/Users/dori/.vscode/extensions/ms-dotnettools.csdevkit-1.8.14-darwin-arm64/components/VSUnitTesting/platforms/darwin-arm64/node_modules/@microsoft/visualstudio-testwindow-vscode-service.darwin-arm64'
08/08/2024 18:22:59 Australian Eastern Standard Time : Information : Starting service module 'Microsoft.VisualStudio.TestWindow.VSCode.ProjectSystemProvider.Service'. Class: Microsoft.VisualStudio.TestWindow.VSCode.ProjectSystemProvider.Service.ProjectSystemProviderServiceFactory, Supported Version: 
08/08/2024 18:22:59 Australian Eastern Standard Time : Information : Started service 'Microsoft.VisualStudio.TestWindow.VSCode.ProjectSystemProvider.Service'. Pipe name: /Users/dori/.ServiceHub/a236158c5b/d75c941f85, Supported Version: 
08/08/2024 18:22:59 Australian Eastern Standard Time : Information : hubHostClr write: Content-Length: 81

{"jsonrpc":"2.0","id":7,"result":"/Users/dori/.ServiceHub/a236158c5b/d75c941f85"}
08/08/2024 18:22:59 Australian Eastern Standard Time : Information : A new client connected to CLR service module 'Microsoft.VisualStudio.TestWindow.VSCode.ProjectSystemProvider.Service'
08/08/2024 18:22:59 Australian Eastern Standard Time : Information : Found FactoryVersion=Version2 for service : Microsoft.VisualStudio.TestWindow.VSCode.ProjectSystemProvider.Service.
08/08/2024 18:22:59 Australian Eastern Standard Time : Information : Service 'Microsoft.VisualStudio.TestWindow.VSCode.ProjectSystemProvider.Service.ProjectSystemProviderServiceFactory' implements IServiceHubServiceFactory. Creating factory instance and caching it.
08/08/2024 18:22:59 Australian Eastern Standard Time : Information : Creating service Microsoft.VisualStudio.TestWindow.VSCode.ProjectSystemProvider.Service.ProjectSystemProviderServiceFactory from factory with FactoryVersion=Version2 and ClientRequestedVersion=0.1.
08/08/2024 18:22:59 Australian Eastern Standard Time : Information : Setting up RPC connection for service 'Microsoft.VisualStudio.TestWindow.VSCode.ProjectSystemProvider.Service.ProjectSystemProviderServiceFactory' from factory
08/08/2024 18:22:59 Australian Eastern Standard Time : Information : Completed RPC connection setup for service 'Microsoft.VisualStudio.TestWindow.VSCode.ProjectSystemProvider.Service.ProjectSystemProviderServiceFactory' from factory
08/08/2024 18:40:59 Australian Eastern Standard Time : Information : hubHostClr write: Content-Length: 103

{"jsonrpc":"2.0","method":"hostServicesEnded","params":["dotnet$C94B8CFE-E3FD-4BAF-A941-2866DBB566FE"]}
08/08/2024 18:40:59 Australian Eastern Standard Time : Information : hubHostClr read: Content-Length: 46

{"jsonrpc":"2.0","method":"exit","params":[3]}
08/08/2024 18:40:59 Australian Eastern Standard Time : Information : Exit command received with reason 'ForcedControllerShutdown'. Exiting CLR host
08/08/2024 18:40:59 Australian Eastern Standard Time : Information : Checking if 'Microsoft.VisualStudio.Debugger.HotReloadSessionNotificationService+Factory' implements Microsoft.VisualStudio.Threading.IAsyncDisposable.
08/08/2024 18:40:59 Australian Eastern Standard Time : Information : Checking if 'Microsoft.VisualStudio.CoverageServices.ReportServiceFactory' implements Microsoft.VisualStudio.Threading.IAsyncDisposable.
08/08/2024 18:40:59 Australian Eastern Standard Time : Information : Checking if 'Microsoft.VisualStudio.IntelliCode.BaseModelService.BaseModelServiceFactory' implements Microsoft.VisualStudio.Threading.IAsyncDisposable.
08/08/2024 18:40:59 Australian Eastern Standard Time : Information : Checking if 'Microsoft.VisualStudio.TestWindow.VSCode.ProjectSystemProvider.Service.ProjectSystemProviderServiceFactory' implements Microsoft.VisualStudio.Threading.IAsyncDisposable.
08/08/2024 18:40:59 Australian Eastern Standard Time : Information : Checking if 'Microsoft.VisualStudio.CoverageServices.ReportServiceFactory' implements System.IAsyncDisposable.
08/08/2024 18:40:59 Australian Eastern Standard Time : Information : Checking if 'Microsoft.VisualStudio.Debugger.HotReloadSessionNotificationService+Factory' implements System.IAsyncDisposable.
08/08/2024 18:40:59 Australian Eastern Standard Time : Information : Checking if 'Microsoft.VisualStudio.CoverageServices.ReportServiceFactory' implements System.IDisposable.
08/08/2024 18:40:59 Australian Eastern Standard Time : Information : Checking if 'Microsoft.VisualStudio.IntelliCode.BaseModelService.BaseModelServiceFactory' implements System.IAsyncDisposable.
08/08/2024 18:40:59 Australian Eastern Standard Time : Information : Checking if 'Microsoft.VisualStudio.Debugger.HotReloadSessionNotificationService+Factory' implements System.IDisposable.
08/08/2024 18:40:59 Australian Eastern Standard Time : Information : Checking if 'Microsoft.VisualStudio.TestWindow.VSCode.Service.TestWindowVSCodeServiceFactory' implements Microsoft.VisualStudio.Threading.IAsyncDisposable.
08/08/2024 18:40:59 Australian Eastern Standard Time : Information : Checking if 'Microsoft.VisualStudio.TestWindow.VSCode.ProjectSystemProvider.Service.ProjectSystemProviderServiceFactory' implements System.IAsyncDisposable.
08/08/2024 18:40:59 Australian Eastern Standard Time : Information : Checking if 'Microsoft.VisualStudio.IntelliCode.BaseModelService.BaseModelServiceFactory' implements System.IDisposable.
08/08/2024 18:40:59 Australian Eastern Standard Time : Information : Checking if 'Microsoft.VisualStudio.TestWindow.VSCode.Service.TestWindowVSCodeServiceFactory' implements System.IAsyncDisposable.
08/08/2024 18:40:59 Australian Eastern Standard Time : Information : Checking if 'Microsoft.VisualStudio.TestWindow.VSCode.ProjectSystemProvider.Service.ProjectSystemProviderServiceFactory' implements System.IDisposable.
08/08/2024 18:40:59 Australian Eastern Standard Time : Information : Checking if 'Microsoft.VisualStudio.TestWindow.VSCode.Service.TestWindowVSCodeServiceFactory' implements System.IDisposable.
08/08/2024 18:40:59 Australian Eastern Standard Time : Information : hubHostClr JSON RPC has been disposed
08/08/2024 18:40:59 Australian Eastern Standard Time : Information : hubHostClr read: end of stream
