08/05/2024 16:18:12 Australian Eastern Standard Time : Information : Local timezone is (UTC+10:00) Australian Eastern Time (Melbourne)
08/05/2024 16:18:12 Australian Eastern Standard Time : Information : vs-intellicode-base-models read: Content-Length: 279

{"jsonrpc":"2.0","id":0,"method":"ConfigureServiceAsync","params":[{"CacheLocation":"/Users/dori/.vscode/extensions/ms-dotnettools.vscodeintellicode-csharp-2.1.11-darwin-arm64/starsModelCache","InternalTraceEnabled":false,"CustomModelsEnabled":false,"DeepLearningEnabled":true}]}
08/05/2024 16:18:13 Australian Eastern Standard Time : Information : Added local RPC method "ApplyArgumentOverloadModelAsync" -> Microsoft.VisualStudio.IntelliCode.BaseModelService.BaseServiceTarget.ApplyArgumentOverloadModelAsync(String, String, String, String, List`1, CancellationToken) (Microsoft.VisualStudio.IntelliCode.BaseModelService.BaseServiceTarget)
08/05/2024 16:18:13 Australian Eastern Standard Time : Information : Added local RPC method "ApplyArgumentSymbolKindModelAsync" -> Microsoft.VisualStudio.IntelliCode.BaseModelService.BaseServiceTarget.ApplyArgumentSymbolKindModelAsync(String, String, String, String, Int32, List`1, CancellationToken) (Microsoft.VisualStudio.IntelliCode.BaseModelService.BaseServiceTarget)
08/05/2024 16:18:13 Australian Eastern Standard Time : Information : Added local RPC method "ConfigureServiceAsync" -> Microsoft.VisualStudio.IntelliCode.BaseModelService.BaseServiceTarget.ConfigureServiceAsync(ModelServiceConfiguration) (Microsoft.VisualStudio.IntelliCode.BaseModelService.BaseServiceTarget)
08/05/2024 16:18:13 Australian Eastern Standard Time : Information : Added local RPC method "DeepLearningModelInferenceAsync" -> Microsoft.VisualStudio.IntelliCode.BaseModelService.BaseServiceTarget.DeepLearningModelInferenceAsync(String, String, IEnumerable`1, IEnumerable`1) (Microsoft.VisualStudio.IntelliCode.BaseModelService.BaseServiceTarget)
08/05/2024 16:18:13 Australian Eastern Standard Time : Information : Added local RPC method "GetArgumentWeightsAsync" -> Microsoft.VisualStudio.IntelliCode.BaseModelService.BaseServiceTarget.GetArgumentWeightsAsync(String, String, CancellationToken) (Microsoft.VisualStudio.IntelliCode.BaseModelService.BaseServiceTarget)
08/05/2024 16:18:13 Australian Eastern Standard Time : Information : Added local RPC method "GetConfigureServiceAsync" -> Microsoft.VisualStudio.IntelliCode.BaseModelService.BaseServiceTarget.GetConfigureServiceAsync() (Microsoft.VisualStudio.IntelliCode.BaseModelService.BaseServiceTarget)
08/05/2024 16:18:13 Australian Eastern Standard Time : Information : Added local RPC method "GetLoadedModelNamesAsync" -> Microsoft.VisualStudio.IntelliCode.BaseModelService.BaseServiceTarget.GetLoadedModelNamesAsync(String, String) (Microsoft.VisualStudio.IntelliCode.BaseModelService.BaseServiceTarget)
08/05/2024 16:18:13 Australian Eastern Standard Time : Information : Added local RPC method "GetMarkupAttributeSuggestionsAsync" -> Microsoft.VisualStudio.IntelliCode.BaseModelService.BaseServiceTarget.GetMarkupAttributeSuggestionsAsync(String, String, String, String) (Microsoft.VisualStudio.IntelliCode.BaseModelService.BaseServiceTarget)
08/05/2024 16:18:13 Australian Eastern Standard Time : Information : Added local RPC method "GetMarkupTagSuggestionsAsync" -> Microsoft.VisualStudio.IntelliCode.BaseModelService.BaseServiceTarget.GetMarkupTagSuggestionsAsync(String, String, String) (Microsoft.VisualStudio.IntelliCode.BaseModelService.BaseServiceTarget)
08/05/2024 16:18:13 Australian Eastern Standard Time : Information : Added local RPC method "GetPatternAsync" -> Microsoft.VisualStudio.IntelliCode.BaseModelService.BaseServiceTarget.GetPatternAsync(String, String, String) (Microsoft.VisualStudio.IntelliCode.BaseModelService.BaseServiceTarget)
08/05/2024 16:18:13 Australian Eastern Standard Time : Information : Added local RPC method "GetPatternAsync" -> Microsoft.VisualStudio.IntelliCode.BaseModelService.BaseServiceTarget.GetPatternAsync(String, String, String, QueryModelOrigin, CancellationToken) (Microsoft.VisualStudio.IntelliCode.BaseModelService.BaseServiceTarget)
08/05/2024 16:18:13 Australian Eastern Standard Time : Information : Added local RPC method "GetPatternsAsync" -> Microsoft.VisualStudio.IntelliCode.BaseModelService.BaseServiceTarget.GetPatternsAsync(String, String, IEnumerable`1) (Microsoft.VisualStudio.IntelliCode.BaseModelService.BaseServiceTarget)
08/05/2024 16:18:13 Australian Eastern Standard Time : Information : Added local RPC method "GetPatternsAsync" -> Microsoft.VisualStudio.IntelliCode.BaseModelService.BaseServiceTarget.GetPatternsAsync(String, String, IEnumerable`1, QueryModelOrigin, CancellationToken) (Microsoft.VisualStudio.IntelliCode.BaseModelService.BaseServiceTarget)
08/05/2024 16:18:13 Australian Eastern Standard Time : Information : Added local RPC method "LoadModelAsync" -> Microsoft.VisualStudio.IntelliCode.BaseModelService.BaseServiceTarget.LoadModelAsync(String, String, String, CancellationToken) (Microsoft.VisualStudio.IntelliCode.BaseModelService.BaseServiceTarget)
08/05/2024 16:18:13 Australian Eastern Standard Time : Information : Added local RPC method "RequestLoadModelsAsync" -> Microsoft.VisualStudio.IntelliCode.BaseModelService.BaseServiceTarget.RequestLoadModelsAsync(String, String) (Microsoft.VisualStudio.IntelliCode.BaseModelService.BaseServiceTarget)
08/05/2024 16:18:13 Australian Eastern Standard Time : Information : Added local RPC method "SendTelemetryAsync" -> Microsoft.VisualStudio.IntelliCode.BaseModelService.BaseServiceTarget.SendTelemetryAsync(String, Property[], Exception) (Microsoft.VisualStudio.IntelliCode.BaseModelService.BaseServiceTarget)
08/05/2024 16:18:13 Australian Eastern Standard Time : Information : Added local RPC method "SendTraceAsync" -> Microsoft.VisualStudio.IntelliCode.BaseModelService.BaseServiceTarget.SendTraceAsync(TraceEventType, String, Boolean) (Microsoft.VisualStudio.IntelliCode.BaseModelService.BaseServiceTarget)
08/05/2024 16:18:13 Australian Eastern Standard Time : Information : Added local RPC method "GetSerializedTelemetrySessionSettingsAsync" -> Microsoft.VisualStudio.IntelliCode.BaseModelService.BaseServiceTarget.GetSerializedTelemetrySessionSettingsAsync() (Microsoft.VisualStudio.IntelliCode.BaseModelService.BaseServiceTarget)
08/05/2024 16:18:13 Australian Eastern Standard Time : Information : Added local RPC method "ApplyArgumentOverloadModel" -> Microsoft.VisualStudio.IntelliCode.BaseModelService.BaseServiceTarget.ApplyArgumentOverloadModelAsync(String, String, String, String, List`1, CancellationToken) (Microsoft.VisualStudio.IntelliCode.BaseModelService.BaseServiceTarget)
08/05/2024 16:18:13 Australian Eastern Standard Time : Information : Added local RPC method "ApplyArgumentSymbolKindModel" -> Microsoft.VisualStudio.IntelliCode.BaseModelService.BaseServiceTarget.ApplyArgumentSymbolKindModelAsync(String, String, String, String, Int32, List`1, CancellationToken) (Microsoft.VisualStudio.IntelliCode.BaseModelService.BaseServiceTarget)
08/05/2024 16:18:13 Australian Eastern Standard Time : Information : Added local RPC method "ConfigureService" -> Microsoft.VisualStudio.IntelliCode.BaseModelService.BaseServiceTarget.ConfigureServiceAsync(ModelServiceConfiguration) (Microsoft.VisualStudio.IntelliCode.BaseModelService.BaseServiceTarget)
08/05/2024 16:18:13 Australian Eastern Standard Time : Information : Added local RPC method "DeepLearningModelInference" -> Microsoft.VisualStudio.IntelliCode.BaseModelService.BaseServiceTarget.DeepLearningModelInferenceAsync(String, String, IEnumerable`1, IEnumerable`1) (Microsoft.VisualStudio.IntelliCode.BaseModelService.BaseServiceTarget)
08/05/2024 16:18:13 Australian Eastern Standard Time : Information : Added local RPC method "GetArgumentWeights" -> Microsoft.VisualStudio.IntelliCode.BaseModelService.BaseServiceTarget.GetArgumentWeightsAsync(String, String, CancellationToken) (Microsoft.VisualStudio.IntelliCode.BaseModelService.BaseServiceTarget)
08/05/2024 16:18:13 Australian Eastern Standard Time : Information : Added local RPC method "GetConfigureService" -> Microsoft.VisualStudio.IntelliCode.BaseModelService.BaseServiceTarget.GetConfigureServiceAsync() (Microsoft.VisualStudio.IntelliCode.BaseModelService.BaseServiceTarget)
08/05/2024 16:18:13 Australian Eastern Standard Time : Information : Added local RPC method "GetLoadedModelNames" -> Microsoft.VisualStudio.IntelliCode.BaseModelService.BaseServiceTarget.GetLoadedModelNamesAsync(String, String) (Microsoft.VisualStudio.IntelliCode.BaseModelService.BaseServiceTarget)
08/05/2024 16:18:13 Australian Eastern Standard Time : Information : Added local RPC method "GetMarkupAttributeSuggestions" -> Microsoft.VisualStudio.IntelliCode.BaseModelService.BaseServiceTarget.GetMarkupAttributeSuggestionsAsync(String, String, String, String) (Microsoft.VisualStudio.IntelliCode.BaseModelService.BaseServiceTarget)
08/05/2024 16:18:13 Australian Eastern Standard Time : Information : Added local RPC method "GetMarkupTagSuggestions" -> Microsoft.VisualStudio.IntelliCode.BaseModelService.BaseServiceTarget.GetMarkupTagSuggestionsAsync(String, String, String) (Microsoft.VisualStudio.IntelliCode.BaseModelService.BaseServiceTarget)
08/05/2024 16:18:13 Australian Eastern Standard Time : Information : Added local RPC method "GetPattern" -> Microsoft.VisualStudio.IntelliCode.BaseModelService.BaseServiceTarget.GetPatternAsync(String, String, String) (Microsoft.VisualStudio.IntelliCode.BaseModelService.BaseServiceTarget)
08/05/2024 16:18:13 Australian Eastern Standard Time : Information : Added local RPC method "GetPattern" -> Microsoft.VisualStudio.IntelliCode.BaseModelService.BaseServiceTarget.GetPatternAsync(String, String, String, QueryModelOrigin, CancellationToken) (Microsoft.VisualStudio.IntelliCode.BaseModelService.BaseServiceTarget)
08/05/2024 16:18:13 Australian Eastern Standard Time : Information : Added local RPC method "GetPatterns" -> Microsoft.VisualStudio.IntelliCode.BaseModelService.BaseServiceTarget.GetPatternsAsync(String, String, IEnumerable`1) (Microsoft.VisualStudio.IntelliCode.BaseModelService.BaseServiceTarget)
08/05/2024 16:18:13 Australian Eastern Standard Time : Information : Added local RPC method "GetPatterns" -> Microsoft.VisualStudio.IntelliCode.BaseModelService.BaseServiceTarget.GetPatternsAsync(String, String, IEnumerable`1, QueryModelOrigin, CancellationToken) (Microsoft.VisualStudio.IntelliCode.BaseModelService.BaseServiceTarget)
08/05/2024 16:18:13 Australian Eastern Standard Time : Information : Added local RPC method "LoadModel" -> Microsoft.VisualStudio.IntelliCode.BaseModelService.BaseServiceTarget.LoadModelAsync(String, String, String, CancellationToken) (Microsoft.VisualStudio.IntelliCode.BaseModelService.BaseServiceTarget)
08/05/2024 16:18:13 Australian Eastern Standard Time : Information : Added local RPC method "RequestLoadModels" -> Microsoft.VisualStudio.IntelliCode.BaseModelService.BaseServiceTarget.RequestLoadModelsAsync(String, String) (Microsoft.VisualStudio.IntelliCode.BaseModelService.BaseServiceTarget)
08/05/2024 16:18:13 Australian Eastern Standard Time : Information : Added local RPC method "SendTelemetry" -> Microsoft.VisualStudio.IntelliCode.BaseModelService.BaseServiceTarget.SendTelemetryAsync(String, Property[], Exception) (Microsoft.VisualStudio.IntelliCode.BaseModelService.BaseServiceTarget)
08/05/2024 16:18:13 Australian Eastern Standard Time : Information : Added local RPC method "SendTrace" -> Microsoft.VisualStudio.IntelliCode.BaseModelService.BaseServiceTarget.SendTraceAsync(TraceEventType, String, Boolean) (Microsoft.VisualStudio.IntelliCode.BaseModelService.BaseServiceTarget)
08/05/2024 16:18:13 Australian Eastern Standard Time : Information : Added local RPC method "GetSerializedTelemetrySessionSettings" -> Microsoft.VisualStudio.IntelliCode.BaseModelService.BaseServiceTarget.GetSerializedTelemetrySessionSettingsAsync() (Microsoft.VisualStudio.IntelliCode.BaseModelService.BaseServiceTarget)
08/05/2024 16:18:13 Australian Eastern Standard Time: Information : 2 :Listening for events from Microsoft.VisualStudio.IntelliCode.BaseModelService.BaseServiceTarget.ModelLoaded to raise notification.
08/05/2024 16:18:13 Australian Eastern Standard Time: Information : 2 :Listening for events from Microsoft.VisualStudio.IntelliCode.BaseModelService.BaseServiceTarget.NoMatchingModelLoaded to raise notification.
08/05/2024 16:18:13 Australian Eastern Standard Time: Information : 2 :Listening for events from Microsoft.VisualStudio.IntelliCode.BaseModelService.BaseServiceTarget.RemoteTelemetrySent to raise notification.
08/05/2024 16:18:13 Australian Eastern Standard Time: Information : 2 :Listening for events from Microsoft.VisualStudio.IntelliCode.BaseModelService.BaseServiceTarget.RemoteTraceSent to raise notification.
08/05/2024 16:18:13 Australian Eastern Standard Time: Information : 3 :Listening started.
08/05/2024 16:18:13 Australian Eastern Standard Time: Information : 7 :{"id":0,"method":"ConfigureServiceAsync"}
08/05/2024 16:18:13 Australian Eastern Standard Time: Information : 6 :Received request "0" for method "ConfigureServiceAsync".
08/05/2024 16:18:13 Australian Eastern Standard Time: Information : 9 :Invoking Microsoft.VisualStudio.IntelliCode.BaseModelService.BaseServiceTarget.ConfigureServiceAsync(ModelServiceConfiguration)
08/05/2024 16:18:13 Australian Eastern Standard Time : Start : ConfigureServiceAsync
08/05/2024 16:18:13 Australian Eastern Standard Time : Stop : ConfigureServiceAsync
08/05/2024 16:18:13 Australian Eastern Standard Time: Information : 8 :{"id":0}
08/05/2024 16:18:13 Australian Eastern Standard Time : Information : vs-intellicode-base-models write: Content-Length: 38

{"jsonrpc":"2.0","id":0,"result":null}
08/05/2024 16:39:43 Australian Eastern Standard Time : Information : vs-intellicode-base-models read: end of stream
08/05/2024 16:39:43 Australian Eastern Standard Time: Information : 13 :Connection closing (RemotePartyTerminated: Reached end of stream.). 
08/05/2024 16:39:43 Australian Eastern Standard Time : Information : Waiting for 'vs-intellicode-base-models' instance to complete its completionTask.
08/05/2024 16:39:43 Australian Eastern Standard Time : Information : Disposed 'vs-intellicode-base-models' via 'completionTask' method.
08/05/2024 16:39:43 Australian Eastern Standard Time : Information : Finishing shutting down service: vs-intellicode-base-models.
