08/05/2024 16:18:13 Australian Eastern Standard Time : Information : Local timezone is (UTC+10:00) Eastern Australia Time (Melbourne)
08/05/2024 16:18:13 Australian Eastern Standard Time : Information : Added local RPC method "getPipe" -> Microsoft.VisualStudio.Utilities.ServiceBroker.GlobalBrokeredServiceContainer+View.GetPipeAsync(ServiceMoniker, ServiceActivationOptions, CancellationToken) (Microsoft.VisualStudio.Utilities.ServiceBroker.GlobalBrokeredServiceContainer+View)
08/05/2024 16:18:13 Australian Eastern Standard Time : Information : Added local RPC method "getProxy" -> Microsoft.VisualStudio.Utilities.ServiceBroker.GlobalBrokeredServiceContainer+View.GetProxyAsync(ServiceRpcDescriptor, ServiceActivationOptions, CancellationToken) (Microsoft.VisualStudio.Utilities.ServiceBroker.GlobalBrokeredServiceContainer+View)
08/05/2024 16:18:13 Australian Eastern Standard Time : Information : Added local RPC method "handshake" -> Microsoft.VisualStudio.Utilities.ServiceBroker.GlobalBrokeredServiceContainer+View.HandshakeAsync(ServiceBrokerClientMetadata, CancellationToken) (Microsoft.VisualStudio.Utilities.ServiceBroker.GlobalBrokeredServiceContainer+View)
08/05/2024 16:18:13 Australian Eastern Standard Time : Information : Added local RPC method "requestServiceChannel" -> Microsoft.VisualStudio.Utilities.ServiceBroker.GlobalBrokeredServiceContainer+View.RequestServiceChannelAsync(ServiceMoniker, ServiceActivationOptions, CancellationToken) (Microsoft.VisualStudio.Utilities.ServiceBroker.GlobalBrokeredServiceContainer+View)
08/05/2024 16:18:13 Australian Eastern Standard Time : Information : Added local RPC method "cancelServiceRequest" -> Microsoft.VisualStudio.Utilities.ServiceBroker.GlobalBrokeredServiceContainer+View.CancelServiceRequestAsync(Guid) (Microsoft.VisualStudio.Utilities.ServiceBroker.GlobalBrokeredServiceContainer+View)
08/05/2024 16:18:13 Australian Eastern Standard Time : Information : Added local RPC method "getPipe" -> Microsoft.VisualStudio.Utilities.ServiceBroker.GlobalBrokeredServiceContainer+View.GetPipeAsync(ServiceMoniker, ServiceActivationOptions, CancellationToken) (Microsoft.VisualStudio.Utilities.ServiceBroker.GlobalBrokeredServiceContainer+View)
08/05/2024 16:18:13 Australian Eastern Standard Time : Information : Added local RPC method "getProxy" -> Microsoft.VisualStudio.Utilities.ServiceBroker.GlobalBrokeredServiceContainer+View.GetProxyAsync(ServiceRpcDescriptor, ServiceActivationOptions, CancellationToken) (Microsoft.VisualStudio.Utilities.ServiceBroker.GlobalBrokeredServiceContainer+View)
08/05/2024 16:18:13 Australian Eastern Standard Time : Information : Added local RPC method "handshake" -> Microsoft.VisualStudio.Utilities.ServiceBroker.GlobalBrokeredServiceContainer+View.HandshakeAsync(ServiceBrokerClientMetadata, CancellationToken) (Microsoft.VisualStudio.Utilities.ServiceBroker.GlobalBrokeredServiceContainer+View)
08/05/2024 16:18:13 Australian Eastern Standard Time : Information : Added local RPC method "requestServiceChannel" -> Microsoft.VisualStudio.Utilities.ServiceBroker.GlobalBrokeredServiceContainer+View.RequestServiceChannelAsync(ServiceMoniker, ServiceActivationOptions, CancellationToken) (Microsoft.VisualStudio.Utilities.ServiceBroker.GlobalBrokeredServiceContainer+View)
08/05/2024 16:18:13 Australian Eastern Standard Time : Information : Added local RPC method "cancelServiceRequest" -> Microsoft.VisualStudio.Utilities.ServiceBroker.GlobalBrokeredServiceContainer+View.CancelServiceRequestAsync(Guid) (Microsoft.VisualStudio.Utilities.ServiceBroker.GlobalBrokeredServiceContainer+View)
08/05/2024 16:18:13 Australian Eastern Standard Time: Information : 2 :Listening for events from Microsoft.VisualStudio.Utilities.ServiceBroker.GlobalBrokeredServiceContainer+View.AvailabilityChanged to raise notification.
08/05/2024 16:18:13 Australian Eastern Standard Time: Information : 3 :Listening started.
08/05/2024 16:18:13 Australian Eastern Standard Time: Information : 7 :{"id":2,"method":"handshake"}
08/05/2024 16:18:13 Australian Eastern Standard Time: Information : 6 :Received request "2" for method "handshake".
08/05/2024 16:18:13 Australian Eastern Standard Time: Information : 9 :Invoking Microsoft.VisualStudio.Utilities.ServiceBroker.GlobalBrokeredServiceContainer+View.HandshakeAsync(ServiceBrokerClientMetadata, CancellationToken)
08/05/2024 16:18:13 Australian Eastern Standard Time : Start : handshake
08/05/2024 16:18:13 Australian Eastern Standard Time : Stop : handshake
08/05/2024 16:18:13 Australian Eastern Standard Time: Information : 8 :{"id":2}
08/05/2024 16:18:13 Australian Eastern Standard Time: Information : 7 :{"id":3,"method":"requestServiceChannel"}
08/05/2024 16:18:13 Australian Eastern Standard Time: Information : 6 :Received request "3" for method "requestServiceChannel".
08/05/2024 16:18:13 Australian Eastern Standard Time: Information : 9 :Invoking Microsoft.VisualStudio.Utilities.ServiceBroker.GlobalBrokeredServiceContainer+View.RequestServiceChannelAsync(ServiceMoniker, ServiceActivationOptions, CancellationToken)
08/05/2024 16:18:13 Australian Eastern Standard Time : Start : requestServiceChannel
08/05/2024 16:18:13 Australian Eastern Standard Time : Stop : requestServiceChannel
08/05/2024 16:18:13 Australian Eastern Standard Time: Information : 8 :{"id":3}
08/05/2024 16:18:13 Australian Eastern Standard Time: Information : 7 :{"id":4,"method":"requestServiceChannel"}
08/05/2024 16:18:13 Australian Eastern Standard Time: Information : 6 :Received request "4" for method "requestServiceChannel".
08/05/2024 16:18:13 Australian Eastern Standard Time: Information : 9 :Invoking Microsoft.VisualStudio.Utilities.ServiceBroker.GlobalBrokeredServiceContainer+View.RequestServiceChannelAsync(ServiceMoniker, ServiceActivationOptions, CancellationToken)
08/05/2024 16:18:13 Australian Eastern Standard Time : Start : requestServiceChannel
08/05/2024 16:18:13 Australian Eastern Standard Time: Information : 7 :{"id":5,"method":"requestServiceChannel"}
08/05/2024 16:18:13 Australian Eastern Standard Time: Information : 6 :Received request "5" for method "requestServiceChannel".
08/05/2024 16:18:13 Australian Eastern Standard Time: Information : 9 :Invoking Microsoft.VisualStudio.Utilities.ServiceBroker.GlobalBrokeredServiceContainer+View.RequestServiceChannelAsync(ServiceMoniker, ServiceActivationOptions, CancellationToken)
08/05/2024 16:18:13 Australian Eastern Standard Time : Start : requestServiceChannel
08/05/2024 16:18:13 Australian Eastern Standard Time : Stop : requestServiceChannel
08/05/2024 16:18:13 Australian Eastern Standard Time: Information : 8 :{"id":4}
08/05/2024 16:18:13 Australian Eastern Standard Time : Stop : requestServiceChannel
08/05/2024 16:18:13 Australian Eastern Standard Time: Information : 8 :{"id":5}
08/05/2024 16:18:13 Australian Eastern Standard Time: Information : 7 :{"id":6,"method":"requestServiceChannel"}
08/05/2024 16:18:13 Australian Eastern Standard Time: Information : 6 :Received request "6" for method "requestServiceChannel".
08/05/2024 16:18:13 Australian Eastern Standard Time: Information : 9 :Invoking Microsoft.VisualStudio.Utilities.ServiceBroker.GlobalBrokeredServiceContainer+View.RequestServiceChannelAsync(ServiceMoniker, ServiceActivationOptions, CancellationToken)
08/05/2024 16:18:13 Australian Eastern Standard Time : Start : requestServiceChannel
08/05/2024 16:18:13 Australian Eastern Standard Time: Information : 7 :{"id":7,"method":"requestServiceChannel"}
08/05/2024 16:18:13 Australian Eastern Standard Time : Stop : requestServiceChannel
08/05/2024 16:18:13 Australian Eastern Standard Time: Information : 6 :Received request "7" for method "requestServiceChannel".
08/05/2024 16:18:13 Australian Eastern Standard Time: Information : 8 :{"id":6}
08/05/2024 16:18:13 Australian Eastern Standard Time: Information : 9 :Invoking Microsoft.VisualStudio.Utilities.ServiceBroker.GlobalBrokeredServiceContainer+View.RequestServiceChannelAsync(ServiceMoniker, ServiceActivationOptions, CancellationToken)
08/05/2024 16:18:13 Australian Eastern Standard Time : Start : requestServiceChannel
08/05/2024 16:18:13 Australian Eastern Standard Time : Stop : requestServiceChannel
08/05/2024 16:18:13 Australian Eastern Standard Time: Information : 8 :{"id":7}
08/05/2024 16:18:13 Australian Eastern Standard Time: Information : 7 :{"id":8,"method":"requestServiceChannel"}
08/05/2024 16:18:13 Australian Eastern Standard Time: Information : 6 :Received request "8" for method "requestServiceChannel".
08/05/2024 16:18:13 Australian Eastern Standard Time: Information : 9 :Invoking Microsoft.VisualStudio.Utilities.ServiceBroker.GlobalBrokeredServiceContainer+View.RequestServiceChannelAsync(ServiceMoniker, ServiceActivationOptions, CancellationToken)
08/05/2024 16:18:13 Australian Eastern Standard Time : Start : requestServiceChannel
08/05/2024 16:18:13 Australian Eastern Standard Time : Stop : requestServiceChannel
08/05/2024 16:18:13 Australian Eastern Standard Time: Information : 8 :{"id":8}
08/05/2024 16:18:14 Australian Eastern Standard Time: Information : 7 :{"id":9,"method":"requestServiceChannel"}
08/05/2024 16:18:14 Australian Eastern Standard Time: Information : 6 :Received request "9" for method "requestServiceChannel".
08/05/2024 16:18:14 Australian Eastern Standard Time: Information : 9 :Invoking Microsoft.VisualStudio.Utilities.ServiceBroker.GlobalBrokeredServiceContainer+View.RequestServiceChannelAsync(ServiceMoniker, ServiceActivationOptions, CancellationToken)
08/05/2024 16:18:14 Australian Eastern Standard Time : Start : requestServiceChannel
08/05/2024 16:18:14 Australian Eastern Standard Time: Information : 7 :{"id":10,"method":"requestServiceChannel"}
08/05/2024 16:18:14 Australian Eastern Standard Time: Information : 6 :Received request "10" for method "requestServiceChannel".
08/05/2024 16:18:14 Australian Eastern Standard Time: Information : 9 :Invoking Microsoft.VisualStudio.Utilities.ServiceBroker.GlobalBrokeredServiceContainer+View.RequestServiceChannelAsync(ServiceMoniker, ServiceActivationOptions, CancellationToken)
08/05/2024 16:18:14 Australian Eastern Standard Time : Start : requestServiceChannel
08/05/2024 16:18:14 Australian Eastern Standard Time : Stop : requestServiceChannel
08/05/2024 16:18:14 Australian Eastern Standard Time: Information : 8 :{"id":10}
08/05/2024 16:18:14 Australian Eastern Standard Time : Stop : requestServiceChannel
08/05/2024 16:18:14 Australian Eastern Standard Time: Information : 8 :{"id":9}
08/05/2024 16:18:14 Australian Eastern Standard Time: Information : 7 :{"id":11,"method":"requestServiceChannel"}
08/05/2024 16:18:14 Australian Eastern Standard Time: Information : 6 :Received request "11" for method "requestServiceChannel".
08/05/2024 16:18:14 Australian Eastern Standard Time: Information : 9 :Invoking Microsoft.VisualStudio.Utilities.ServiceBroker.GlobalBrokeredServiceContainer+View.RequestServiceChannelAsync(ServiceMoniker, ServiceActivationOptions, CancellationToken)
08/05/2024 16:18:14 Australian Eastern Standard Time : Start : requestServiceChannel
08/05/2024 16:18:14 Australian Eastern Standard Time : Stop : requestServiceChannel
08/05/2024 16:18:14 Australian Eastern Standard Time: Information : 8 :{"id":11}
08/05/2024 16:18:14 Australian Eastern Standard Time: Information : 7 :{"id":12,"method":"requestServiceChannel"}
08/05/2024 16:18:14 Australian Eastern Standard Time: Information : 6 :Received request "12" for method "requestServiceChannel".
08/05/2024 16:18:14 Australian Eastern Standard Time: Information : 9 :Invoking Microsoft.VisualStudio.Utilities.ServiceBroker.GlobalBrokeredServiceContainer+View.RequestServiceChannelAsync(ServiceMoniker, ServiceActivationOptions, CancellationToken)
08/05/2024 16:18:14 Australian Eastern Standard Time : Start : requestServiceChannel
08/05/2024 16:18:14 Australian Eastern Standard Time : Stop : requestServiceChannel
08/05/2024 16:18:14 Australian Eastern Standard Time: Information : 8 :{"id":12}
