12388 : 2024-05-08 03:38:51,418 : INFO : telemetry.main : Attempt start. Configuration directory [/Users/dori/.azure].
12388 : 2024-05-08 03:38:51,418 : DEBUG : telemetry.note : acquiring lock
12388 : 2024-05-08 03:38:51,418 : DEBUG : telemetry.note : acquired lock
12388 : 2024-05-08 03:38:51,418 : INFO : telemetry.note : Update the note mtime to 2024-05-08 03:38:51.418411
12388 : 2024-05-08 03:38:51,418 : WARNING : telemetry.note : Fail to parse or read the timestamp 'N/A' in the note file. Set the last send time to minimal. Reason: not readable
12388 : 2024-05-08 03:38:51,418 : INFO : telemetry.records : 1 cache files to move.
12388 : 2024-05-08 03:38:51,418 : INFO : telemetry.records : Create temp folder /var/folders/r3/4_xhk7ks1gn7df05gbxrm4rh0000gn/T/tmphfpe3i4h
12388 : 2024-05-08 03:38:51,418 : INFO : telemetry.records : Move file /Users/dori/.azure/telemetry/cache to /var/folders/r3/4_xhk7ks1gn7df05gbxrm4rh0000gn/T/tmphfpe3i4h/cache
12388 : 2024-05-08 03:38:51,421 : INFO : telemetry.records : Processed file /var/folders/r3/4_xhk7ks1gn7df05gbxrm4rh0000gn/T/tmphfpe3i4h/cache into 1 records.
12388 : 2024-05-08 03:38:51,421 : INFO : telemetry.records : Remove directory /var/folders/r3/4_xhk7ks1gn7df05gbxrm4rh0000gn/T/tmphfpe3i4h
12388 : 2024-05-08 03:38:51,421 : INFO : telemetry.client : Accumulated 1 events. Flush the clients.
12388 : 2024-05-08 03:38:51,421 : INFO : telemetry.client : Flush client c4395b75-49cc-422c-bc95-c7d51aef5d46.
12388 : 2024-05-08 03:38:51,922 : INFO : telemetry.sender : Sending 4088 bytes
12388 : 2024-05-08 03:38:51,922 : INFO : telemetry.sender : Finish uploading in 0.500795 seconds.
12388 : 2024-05-08 03:38:51,923 : INFO : telemetry.note : Update the last send in note to 2024-05-08 03:38:51
12388 : 2024-05-08 03:38:51,923 : INFO : telemetry.note : Update the note mtime to 2024-05-08 03:38:51.923487
12414 : 2024-05-08 03:39:10,067 : INFO : telemetry.main : Attempt start. Configuration directory [/Users/dori/.azure].
12414 : 2024-05-08 03:39:10,067 : DEBUG : telemetry.note : acquiring lock
12414 : 2024-05-08 03:39:10,067 : DEBUG : telemetry.note : acquired lock
12414 : 2024-05-08 03:39:10,067 : INFO : telemetry.note : Update the note mtime to 2024-05-08 03:39:10.067306
12414 : 2024-05-08 03:39:10,067 : INFO : telemetry.note : Read timestamp from the note. The last send was 2024-05-08 03:38:51.
12414 : 2024-05-08 03:39:10,068 : INFO : telemetry.records : 1 cache files to move.
12414 : 2024-05-08 03:39:10,068 : INFO : telemetry.records : Create temp folder /var/folders/r3/4_xhk7ks1gn7df05gbxrm4rh0000gn/T/tmpr69em4yj
12414 : 2024-05-08 03:39:10,068 : INFO : telemetry.records : Move file /Users/dori/.azure/telemetry/cache to /var/folders/r3/4_xhk7ks1gn7df05gbxrm4rh0000gn/T/tmpr69em4yj/cache
12414 : 2024-05-08 03:39:10,068 : INFO : telemetry.records : Processed file /var/folders/r3/4_xhk7ks1gn7df05gbxrm4rh0000gn/T/tmpr69em4yj/cache into 1 records.
12414 : 2024-05-08 03:39:10,068 : INFO : telemetry.records : Remove directory /var/folders/r3/4_xhk7ks1gn7df05gbxrm4rh0000gn/T/tmpr69em4yj
12414 : 2024-05-08 03:39:10,068 : INFO : telemetry.client : Accumulated 1 events. Flush the clients.
12414 : 2024-05-08 03:39:10,068 : INFO : telemetry.client : Flush client c4395b75-49cc-422c-bc95-c7d51aef5d46.
12414 : 2024-05-08 03:39:10,484 : INFO : telemetry.sender : Sending 4163 bytes
12414 : 2024-05-08 03:39:10,484 : INFO : telemetry.sender : Finish uploading in 0.416054 seconds.
12414 : 2024-05-08 03:39:10,485 : INFO : telemetry.note : Update the last send in note to 2024-05-08 03:39:09
12414 : 2024-05-08 03:39:10,485 : INFO : telemetry.note : Update the note mtime to 2024-05-08 03:39:10.485705
12442 : 2024-05-08 03:39:33,704 : INFO : telemetry.main : Attempt start. Configuration directory [/Users/dori/.azure].
12442 : 2024-05-08 03:39:33,704 : DEBUG : telemetry.note : acquiring lock
12442 : 2024-05-08 03:39:33,704 : DEBUG : telemetry.note : acquired lock
12442 : 2024-05-08 03:39:33,704 : INFO : telemetry.note : Update the note mtime to 2024-05-08 03:39:33.704970
12442 : 2024-05-08 03:39:33,705 : INFO : telemetry.note : Read timestamp from the note. The last send was 2024-05-08 03:39:09.
12442 : 2024-05-08 03:39:33,705 : INFO : telemetry.records : 1 cache files to move.
12442 : 2024-05-08 03:39:33,705 : INFO : telemetry.records : Create temp folder /var/folders/r3/4_xhk7ks1gn7df05gbxrm4rh0000gn/T/tmpoh3sy091
12442 : 2024-05-08 03:39:33,705 : INFO : telemetry.records : Move file /Users/dori/.azure/telemetry/cache to /var/folders/r3/4_xhk7ks1gn7df05gbxrm4rh0000gn/T/tmpoh3sy091/cache
12442 : 2024-05-08 03:39:33,705 : INFO : telemetry.records : Processed file /var/folders/r3/4_xhk7ks1gn7df05gbxrm4rh0000gn/T/tmpoh3sy091/cache into 1 records.
12442 : 2024-05-08 03:39:33,705 : INFO : telemetry.records : Remove directory /var/folders/r3/4_xhk7ks1gn7df05gbxrm4rh0000gn/T/tmpoh3sy091
12442 : 2024-05-08 03:39:33,706 : INFO : telemetry.client : Accumulated 1 events. Flush the clients.
12442 : 2024-05-08 03:39:33,706 : INFO : telemetry.client : Flush client c4395b75-49cc-422c-bc95-c7d51aef5d46.
12442 : 2024-05-08 03:39:34,212 : INFO : telemetry.sender : Sending 4894 bytes
12442 : 2024-05-08 03:39:34,212 : INFO : telemetry.sender : Finish uploading in 0.506323 seconds.
12442 : 2024-05-08 03:39:34,213 : INFO : telemetry.note : Update the last send in note to 2024-05-08 03:39:33
12442 : 2024-05-08 03:39:34,213 : INFO : telemetry.note : Update the note mtime to 2024-05-08 03:39:34.213211
12736 : 2024-05-08 03:44:54,588 : INFO : telemetry.main : Attempt start. Configuration directory [/Users/dori/.azure].
12736 : 2024-05-08 03:44:54,588 : DEBUG : telemetry.note : acquiring lock
12736 : 2024-05-08 03:44:54,588 : DEBUG : telemetry.note : acquired lock
12736 : 2024-05-08 03:44:54,588 : INFO : telemetry.note : Update the note mtime to 2024-05-08 03:44:54.588470
12736 : 2024-05-08 03:44:54,588 : INFO : telemetry.note : Read timestamp from the note. The last send was 2024-05-08 03:39:33.
12736 : 2024-05-08 03:44:54,589 : INFO : telemetry.records : 1 cache files to move.
12736 : 2024-05-08 03:44:54,589 : INFO : telemetry.records : Create temp folder /var/folders/r3/4_xhk7ks1gn7df05gbxrm4rh0000gn/T/tmpp0r2_n9d
12736 : 2024-05-08 03:44:54,589 : INFO : telemetry.records : Move file /Users/dori/.azure/telemetry/cache to /var/folders/r3/4_xhk7ks1gn7df05gbxrm4rh0000gn/T/tmpp0r2_n9d/cache
12736 : 2024-05-08 03:44:54,589 : INFO : telemetry.records : Processed file /var/folders/r3/4_xhk7ks1gn7df05gbxrm4rh0000gn/T/tmpp0r2_n9d/cache into 1 records.
12736 : 2024-05-08 03:44:54,589 : INFO : telemetry.records : Remove directory /var/folders/r3/4_xhk7ks1gn7df05gbxrm4rh0000gn/T/tmpp0r2_n9d
12736 : 2024-05-08 03:44:54,589 : INFO : telemetry.client : Accumulated 1 events. Flush the clients.
12736 : 2024-05-08 03:44:54,589 : INFO : telemetry.client : Flush client c4395b75-49cc-422c-bc95-c7d51aef5d46.
12736 : 2024-05-08 03:44:55,126 : INFO : telemetry.sender : Sending 4256 bytes
12736 : 2024-05-08 03:44:55,127 : INFO : telemetry.sender : Finish uploading in 0.537565 seconds.
12736 : 2024-05-08 03:44:55,128 : INFO : telemetry.note : Update the last send in note to 2024-05-08 03:44:54
12736 : 2024-05-08 03:44:55,128 : INFO : telemetry.note : Update the note mtime to 2024-05-08 03:44:55.128191
13610 : 2024-05-08 13:31:51,290 : INFO : telemetry.main : Attempt start. Configuration directory [/Users/dori/.azure].
13610 : 2024-05-08 13:31:51,290 : DEBUG : telemetry.note : acquiring lock
13610 : 2024-05-08 13:31:51,290 : DEBUG : telemetry.note : acquired lock
13610 : 2024-05-08 13:31:51,290 : INFO : telemetry.note : Update the note mtime to 2024-05-08 13:31:51.290405
13610 : 2024-05-08 13:31:51,291 : INFO : telemetry.note : Read timestamp from the note. The last send was 2024-05-08 03:44:54.
13610 : 2024-05-08 13:31:51,291 : INFO : telemetry.records : 1 cache files to move.
13610 : 2024-05-08 13:31:51,291 : INFO : telemetry.records : Create temp folder /var/folders/r3/4_xhk7ks1gn7df05gbxrm4rh0000gn/T/tmpr7pv2o9z
13610 : 2024-05-08 13:31:51,291 : INFO : telemetry.records : Move file /Users/dori/.azure/telemetry/cache to /var/folders/r3/4_xhk7ks1gn7df05gbxrm4rh0000gn/T/tmpr7pv2o9z/cache
13610 : 2024-05-08 13:31:51,291 : INFO : telemetry.records : Processed file /var/folders/r3/4_xhk7ks1gn7df05gbxrm4rh0000gn/T/tmpr7pv2o9z/cache into 1 records.
13610 : 2024-05-08 13:31:51,291 : INFO : telemetry.records : Remove directory /var/folders/r3/4_xhk7ks1gn7df05gbxrm4rh0000gn/T/tmpr7pv2o9z
13610 : 2024-05-08 13:31:51,292 : INFO : telemetry.client : Accumulated 1 events. Flush the clients.
13610 : 2024-05-08 13:31:51,292 : INFO : telemetry.client : Flush client c4395b75-49cc-422c-bc95-c7d51aef5d46.
13615 : 2024-05-08 13:31:51,507 : INFO : telemetry.main : Attempt start. Configuration directory [/Users/dori/.azure].
13615 : 2024-05-08 13:31:51,507 : DEBUG : telemetry.note : acquiring lock
13615 : 2024-05-08 13:31:51,507 : INFO : telemetry.main : Lock out from note file under /Users/dori/.azure which means another process is running. Exit 0.
13610 : 2024-05-08 13:31:51,788 : INFO : telemetry.sender : Sending 4324 bytes
13610 : 2024-05-08 13:31:51,789 : INFO : telemetry.sender : Finish uploading in 0.496750 seconds.
13610 : 2024-05-08 13:31:51,789 : INFO : telemetry.note : Update the last send in note to 2024-05-08 13:31:51
13610 : 2024-05-08 13:31:51,789 : INFO : telemetry.note : Update the note mtime to 2024-05-08 13:31:51.789621
13796 : 2024-05-08 13:37:51,893 : INFO : telemetry.main : Attempt start. Configuration directory [/Users/dori/.azure].
13796 : 2024-05-08 13:37:51,893 : DEBUG : telemetry.note : acquiring lock
13796 : 2024-05-08 13:37:51,893 : DEBUG : telemetry.note : acquired lock
13796 : 2024-05-08 13:37:51,893 : INFO : telemetry.note : Update the note mtime to 2024-05-08 13:37:51.893648
13796 : 2024-05-08 13:37:51,894 : INFO : telemetry.note : Read timestamp from the note. The last send was 2024-05-08 13:31:51.
13796 : 2024-05-08 13:37:51,894 : INFO : telemetry.records : 1 cache files to move.
13796 : 2024-05-08 13:37:51,894 : INFO : telemetry.records : Create temp folder /var/folders/r3/4_xhk7ks1gn7df05gbxrm4rh0000gn/T/tmpbz65tovi
13796 : 2024-05-08 13:37:51,894 : INFO : telemetry.records : Move file /Users/dori/.azure/telemetry/cache to /var/folders/r3/4_xhk7ks1gn7df05gbxrm4rh0000gn/T/tmpbz65tovi/cache
13796 : 2024-05-08 13:37:51,894 : INFO : telemetry.records : Processed file /var/folders/r3/4_xhk7ks1gn7df05gbxrm4rh0000gn/T/tmpbz65tovi/cache into 1 records.
13796 : 2024-05-08 13:37:51,894 : INFO : telemetry.records : Remove directory /var/folders/r3/4_xhk7ks1gn7df05gbxrm4rh0000gn/T/tmpbz65tovi
13796 : 2024-05-08 13:37:51,895 : INFO : telemetry.client : Accumulated 1 events. Flush the clients.
13796 : 2024-05-08 13:37:51,895 : INFO : telemetry.client : Flush client c4395b75-49cc-422c-bc95-c7d51aef5d46.
13796 : 2024-05-08 13:37:52,279 : INFO : telemetry.sender : Sending 4327 bytes
13796 : 2024-05-08 13:37:52,280 : INFO : telemetry.sender : Finish uploading in 0.384896 seconds.
13796 : 2024-05-08 13:37:52,280 : INFO : telemetry.note : Update the last send in note to 2024-05-08 13:37:51
13796 : 2024-05-08 13:37:52,280 : INFO : telemetry.note : Update the note mtime to 2024-05-08 13:37:52.280826
13869 : 2024-05-08 13:40:02,575 : INFO : telemetry.main : Attempt start. Configuration directory [/Users/dori/.azure].
13869 : 2024-05-08 13:40:02,575 : DEBUG : telemetry.note : acquiring lock
13869 : 2024-05-08 13:40:02,575 : DEBUG : telemetry.note : acquired lock
13869 : 2024-05-08 13:40:02,575 : INFO : telemetry.note : Update the note mtime to 2024-05-08 13:40:02.575374
13869 : 2024-05-08 13:40:02,575 : INFO : telemetry.note : Read timestamp from the note. The last send was 2024-05-08 13:37:51.
13869 : 2024-05-08 13:40:02,576 : INFO : telemetry.records : 1 cache files to move.
13869 : 2024-05-08 13:40:02,576 : INFO : telemetry.records : Create temp folder /var/folders/r3/4_xhk7ks1gn7df05gbxrm4rh0000gn/T/tmplvbf5uzf
13869 : 2024-05-08 13:40:02,576 : INFO : telemetry.records : Move file /Users/dori/.azure/telemetry/cache to /var/folders/r3/4_xhk7ks1gn7df05gbxrm4rh0000gn/T/tmplvbf5uzf/cache
13869 : 2024-05-08 13:40:02,576 : INFO : telemetry.records : Processed file /var/folders/r3/4_xhk7ks1gn7df05gbxrm4rh0000gn/T/tmplvbf5uzf/cache into 1 records.
13869 : 2024-05-08 13:40:02,576 : INFO : telemetry.records : Remove directory /var/folders/r3/4_xhk7ks1gn7df05gbxrm4rh0000gn/T/tmplvbf5uzf
13869 : 2024-05-08 13:40:02,576 : INFO : telemetry.client : Accumulated 1 events. Flush the clients.
13869 : 2024-05-08 13:40:02,576 : INFO : telemetry.client : Flush client c4395b75-49cc-422c-bc95-c7d51aef5d46.
13869 : 2024-05-08 13:40:03,017 : INFO : telemetry.sender : Sending 4320 bytes
13869 : 2024-05-08 13:40:03,018 : INFO : telemetry.sender : Finish uploading in 0.441192 seconds.
13869 : 2024-05-08 13:40:03,018 : INFO : telemetry.note : Update the last send in note to 2024-05-08 13:40:02
13869 : 2024-05-08 13:40:03,018 : INFO : telemetry.note : Update the note mtime to 2024-05-08 13:40:03.018693
14621 : 2024-05-08 14:04:56,888 : INFO : telemetry.main : Attempt start. Configuration directory [/Users/dori/.azure].
14621 : 2024-05-08 14:04:56,889 : DEBUG : telemetry.note : acquiring lock
14621 : 2024-05-08 14:04:56,889 : DEBUG : telemetry.note : acquired lock
14621 : 2024-05-08 14:04:56,889 : INFO : telemetry.note : Update the note mtime to 2024-05-08 14:04:56.889586
14621 : 2024-05-08 14:04:56,890 : INFO : telemetry.note : Read timestamp from the note. The last send was 2024-05-08 13:40:02.
14621 : 2024-05-08 14:04:56,890 : INFO : telemetry.records : 1 cache files to move.
14621 : 2024-05-08 14:04:56,890 : INFO : telemetry.records : Create temp folder /var/folders/r3/4_xhk7ks1gn7df05gbxrm4rh0000gn/T/tmpgowzrr2e
14621 : 2024-05-08 14:04:56,890 : INFO : telemetry.records : Move file /Users/dori/.azure/telemetry/cache to /var/folders/r3/4_xhk7ks1gn7df05gbxrm4rh0000gn/T/tmpgowzrr2e/cache
14621 : 2024-05-08 14:04:56,890 : INFO : telemetry.records : Processed file /var/folders/r3/4_xhk7ks1gn7df05gbxrm4rh0000gn/T/tmpgowzrr2e/cache into 1 records.
14621 : 2024-05-08 14:04:56,890 : INFO : telemetry.records : Remove directory /var/folders/r3/4_xhk7ks1gn7df05gbxrm4rh0000gn/T/tmpgowzrr2e
14621 : 2024-05-08 14:04:56,891 : INFO : telemetry.client : Accumulated 1 events. Flush the clients.
14621 : 2024-05-08 14:04:56,891 : INFO : telemetry.client : Flush client c4395b75-49cc-422c-bc95-c7d51aef5d46.
14621 : 2024-05-08 14:04:57,275 : INFO : telemetry.sender : Sending 4340 bytes
14621 : 2024-05-08 14:04:57,276 : INFO : telemetry.sender : Finish uploading in 0.385192 seconds.
14621 : 2024-05-08 14:04:57,276 : INFO : telemetry.note : Update the last send in note to 2024-05-08 14:04:56
14621 : 2024-05-08 14:04:57,277 : INFO : telemetry.note : Update the note mtime to 2024-05-08 14:04:57.276980
14654 : 2024-05-08 14:05:49,853 : INFO : telemetry.main : Attempt start. Configuration directory [/Users/dori/.azure].
14654 : 2024-05-08 14:05:49,853 : DEBUG : telemetry.note : acquiring lock
14654 : 2024-05-08 14:05:49,853 : DEBUG : telemetry.note : acquired lock
14654 : 2024-05-08 14:05:49,853 : INFO : telemetry.note : Update the note mtime to 2024-05-08 14:05:49.853879
14654 : 2024-05-08 14:05:49,854 : INFO : telemetry.note : Read timestamp from the note. The last send was 2024-05-08 14:04:56.
14654 : 2024-05-08 14:05:49,854 : INFO : telemetry.records : 1 cache files to move.
14654 : 2024-05-08 14:05:49,854 : INFO : telemetry.records : Create temp folder /var/folders/r3/4_xhk7ks1gn7df05gbxrm4rh0000gn/T/tmpwien_bj2
14654 : 2024-05-08 14:05:49,854 : INFO : telemetry.records : Move file /Users/dori/.azure/telemetry/cache to /var/folders/r3/4_xhk7ks1gn7df05gbxrm4rh0000gn/T/tmpwien_bj2/cache
14654 : 2024-05-08 14:05:49,854 : INFO : telemetry.records : Processed file /var/folders/r3/4_xhk7ks1gn7df05gbxrm4rh0000gn/T/tmpwien_bj2/cache into 1 records.
14654 : 2024-05-08 14:05:49,854 : INFO : telemetry.records : Remove directory /var/folders/r3/4_xhk7ks1gn7df05gbxrm4rh0000gn/T/tmpwien_bj2
14654 : 2024-05-08 14:05:49,855 : INFO : telemetry.client : Accumulated 1 events. Flush the clients.
14654 : 2024-05-08 14:05:49,855 : INFO : telemetry.client : Flush client c4395b75-49cc-422c-bc95-c7d51aef5d46.
14654 : 2024-05-08 14:05:50,215 : INFO : telemetry.sender : Sending 4212 bytes
14654 : 2024-05-08 14:05:50,215 : INFO : telemetry.sender : Finish uploading in 0.360354 seconds.
14654 : 2024-05-08 14:05:50,216 : INFO : telemetry.note : Update the last send in note to 2024-05-08 14:05:49
14654 : 2024-05-08 14:05:50,216 : INFO : telemetry.note : Update the note mtime to 2024-05-08 14:05:50.216558
14665 : 2024-05-08 14:05:57,802 : INFO : telemetry.main : Attempt start. Configuration directory [/Users/dori/.azure].
14665 : 2024-05-08 14:05:57,802 : DEBUG : telemetry.note : acquiring lock
14665 : 2024-05-08 14:05:57,802 : DEBUG : telemetry.note : acquired lock
14665 : 2024-05-08 14:05:57,802 : INFO : telemetry.note : Update the note mtime to 2024-05-08 14:05:57.802250
14665 : 2024-05-08 14:05:57,802 : INFO : telemetry.note : Read timestamp from the note. The last send was 2024-05-08 14:05:49.
14665 : 2024-05-08 14:05:57,802 : INFO : telemetry.records : 1 cache files to move.
14665 : 2024-05-08 14:05:57,802 : INFO : telemetry.records : Create temp folder /var/folders/r3/4_xhk7ks1gn7df05gbxrm4rh0000gn/T/tmpagghv54c
14665 : 2024-05-08 14:05:57,803 : INFO : telemetry.records : Move file /Users/dori/.azure/telemetry/cache to /var/folders/r3/4_xhk7ks1gn7df05gbxrm4rh0000gn/T/tmpagghv54c/cache
14665 : 2024-05-08 14:05:57,803 : INFO : telemetry.records : Processed file /var/folders/r3/4_xhk7ks1gn7df05gbxrm4rh0000gn/T/tmpagghv54c/cache into 1 records.
14665 : 2024-05-08 14:05:57,803 : INFO : telemetry.records : Remove directory /var/folders/r3/4_xhk7ks1gn7df05gbxrm4rh0000gn/T/tmpagghv54c
14665 : 2024-05-08 14:05:57,803 : INFO : telemetry.client : Accumulated 1 events. Flush the clients.
14665 : 2024-05-08 14:05:57,803 : INFO : telemetry.client : Flush client c4395b75-49cc-422c-bc95-c7d51aef5d46.
14665 : 2024-05-08 14:05:58,206 : INFO : telemetry.sender : Sending 4341 bytes
14665 : 2024-05-08 14:05:58,207 : INFO : telemetry.sender : Finish uploading in 0.403183 seconds.
14665 : 2024-05-08 14:05:58,207 : INFO : telemetry.note : Update the last send in note to 2024-05-08 14:05:57
14665 : 2024-05-08 14:05:58,207 : INFO : telemetry.note : Update the note mtime to 2024-05-08 14:05:58.207717
14681 : 2024-05-08 14:06:18,584 : INFO : telemetry.main : Attempt start. Configuration directory [/Users/dori/.azure].
14681 : 2024-05-08 14:06:18,584 : DEBUG : telemetry.note : acquiring lock
14681 : 2024-05-08 14:06:18,584 : DEBUG : telemetry.note : acquired lock
14681 : 2024-05-08 14:06:18,584 : INFO : telemetry.note : Update the note mtime to 2024-05-08 14:06:18.584765
14681 : 2024-05-08 14:06:18,585 : INFO : telemetry.note : Read timestamp from the note. The last send was 2024-05-08 14:05:57.
14681 : 2024-05-08 14:06:18,585 : INFO : telemetry.records : 1 cache files to move.
14681 : 2024-05-08 14:06:18,585 : INFO : telemetry.records : Create temp folder /var/folders/r3/4_xhk7ks1gn7df05gbxrm4rh0000gn/T/tmpflitt6as
14681 : 2024-05-08 14:06:18,585 : INFO : telemetry.records : Move file /Users/dori/.azure/telemetry/cache to /var/folders/r3/4_xhk7ks1gn7df05gbxrm4rh0000gn/T/tmpflitt6as/cache
14681 : 2024-05-08 14:06:18,585 : INFO : telemetry.records : Processed file /var/folders/r3/4_xhk7ks1gn7df05gbxrm4rh0000gn/T/tmpflitt6as/cache into 1 records.
14681 : 2024-05-08 14:06:18,585 : INFO : telemetry.records : Remove directory /var/folders/r3/4_xhk7ks1gn7df05gbxrm4rh0000gn/T/tmpflitt6as
14681 : 2024-05-08 14:06:18,586 : INFO : telemetry.client : Accumulated 1 events. Flush the clients.
14681 : 2024-05-08 14:06:18,586 : INFO : telemetry.client : Flush client c4395b75-49cc-422c-bc95-c7d51aef5d46.
14681 : 2024-05-08 14:06:18,958 : INFO : telemetry.sender : Sending 4212 bytes
14681 : 2024-05-08 14:06:18,959 : INFO : telemetry.sender : Finish uploading in 0.372976 seconds.
14681 : 2024-05-08 14:06:18,959 : INFO : telemetry.note : Update the last send in note to 2024-05-08 14:06:18
14681 : 2024-05-08 14:06:18,960 : INFO : telemetry.note : Update the note mtime to 2024-05-08 14:06:18.959999
14716 : 2024-05-08 14:07:02,646 : INFO : telemetry.main : Attempt start. Configuration directory [/Users/dori/.azure].
14716 : 2024-05-08 14:07:02,646 : DEBUG : telemetry.note : acquiring lock
14716 : 2024-05-08 14:07:02,646 : DEBUG : telemetry.note : acquired lock
14716 : 2024-05-08 14:07:02,646 : INFO : telemetry.note : Update the note mtime to 2024-05-08 14:07:02.646284
14716 : 2024-05-08 14:07:02,646 : INFO : telemetry.note : Read timestamp from the note. The last send was 2024-05-08 14:06:18.
14716 : 2024-05-08 14:07:02,646 : INFO : telemetry.records : 1 cache files to move.
14716 : 2024-05-08 14:07:02,647 : INFO : telemetry.records : Create temp folder /var/folders/r3/4_xhk7ks1gn7df05gbxrm4rh0000gn/T/tmpnoack7af
14716 : 2024-05-08 14:07:02,647 : INFO : telemetry.records : Move file /Users/dori/.azure/telemetry/cache to /var/folders/r3/4_xhk7ks1gn7df05gbxrm4rh0000gn/T/tmpnoack7af/cache
14716 : 2024-05-08 14:07:02,647 : INFO : telemetry.records : Processed file /var/folders/r3/4_xhk7ks1gn7df05gbxrm4rh0000gn/T/tmpnoack7af/cache into 1 records.
14716 : 2024-05-08 14:07:02,647 : INFO : telemetry.records : Remove directory /var/folders/r3/4_xhk7ks1gn7df05gbxrm4rh0000gn/T/tmpnoack7af
14716 : 2024-05-08 14:07:02,647 : INFO : telemetry.client : Accumulated 1 events. Flush the clients.
14716 : 2024-05-08 14:07:02,647 : INFO : telemetry.client : Flush client c4395b75-49cc-422c-bc95-c7d51aef5d46.
14716 : 2024-05-08 14:07:03,016 : INFO : telemetry.sender : Sending 4340 bytes
14716 : 2024-05-08 14:07:03,016 : INFO : telemetry.sender : Finish uploading in 0.368959 seconds.
14716 : 2024-05-08 14:07:03,017 : INFO : telemetry.note : Update the last send in note to 2024-05-08 14:07:02
14716 : 2024-05-08 14:07:03,017 : INFO : telemetry.note : Update the note mtime to 2024-05-08 14:07:03.017306
14785 : 2024-05-08 14:09:00,146 : INFO : telemetry.main : Attempt start. Configuration directory [/Users/dori/.azure].
14785 : 2024-05-08 14:09:00,147 : DEBUG : telemetry.note : acquiring lock
14785 : 2024-05-08 14:09:00,147 : DEBUG : telemetry.note : acquired lock
14785 : 2024-05-08 14:09:00,147 : INFO : telemetry.note : Update the note mtime to 2024-05-08 14:09:00.147157
14785 : 2024-05-08 14:09:00,147 : INFO : telemetry.note : Read timestamp from the note. The last send was 2024-05-08 14:07:02.
14785 : 2024-05-08 14:09:00,147 : INFO : telemetry.records : 1 cache files to move.
14785 : 2024-05-08 14:09:00,147 : INFO : telemetry.records : Create temp folder /var/folders/r3/4_xhk7ks1gn7df05gbxrm4rh0000gn/T/tmpc43t56fe
14785 : 2024-05-08 14:09:00,148 : INFO : telemetry.records : Move file /Users/dori/.azure/telemetry/cache to /var/folders/r3/4_xhk7ks1gn7df05gbxrm4rh0000gn/T/tmpc43t56fe/cache
14785 : 2024-05-08 14:09:00,148 : INFO : telemetry.records : Processed file /var/folders/r3/4_xhk7ks1gn7df05gbxrm4rh0000gn/T/tmpc43t56fe/cache into 1 records.
14785 : 2024-05-08 14:09:00,148 : INFO : telemetry.records : Remove directory /var/folders/r3/4_xhk7ks1gn7df05gbxrm4rh0000gn/T/tmpc43t56fe
14785 : 2024-05-08 14:09:00,148 : INFO : telemetry.client : Accumulated 1 events. Flush the clients.
14785 : 2024-05-08 14:09:00,148 : INFO : telemetry.client : Flush client c4395b75-49cc-422c-bc95-c7d51aef5d46.
14785 : 2024-05-08 14:09:00,542 : INFO : telemetry.sender : Sending 4341 bytes
14785 : 2024-05-08 14:09:00,543 : INFO : telemetry.sender : Finish uploading in 0.394788 seconds.
14785 : 2024-05-08 14:09:00,544 : INFO : telemetry.note : Update the last send in note to 2024-05-08 14:09:00
14785 : 2024-05-08 14:09:00,544 : INFO : telemetry.note : Update the note mtime to 2024-05-08 14:09:00.544217
14824 : 2024-05-08 14:10:06,374 : INFO : telemetry.main : Attempt start. Configuration directory [/Users/dori/.azure].
14824 : 2024-05-08 14:10:06,375 : DEBUG : telemetry.note : acquiring lock
14824 : 2024-05-08 14:10:06,375 : DEBUG : telemetry.note : acquired lock
14824 : 2024-05-08 14:10:06,375 : INFO : telemetry.note : Update the note mtime to 2024-05-08 14:10:06.375156
14824 : 2024-05-08 14:10:06,375 : INFO : telemetry.note : Read timestamp from the note. The last send was 2024-05-08 14:09:00.
14824 : 2024-05-08 14:10:06,375 : INFO : telemetry.records : 1 cache files to move.
14824 : 2024-05-08 14:10:06,375 : INFO : telemetry.records : Create temp folder /var/folders/r3/4_xhk7ks1gn7df05gbxrm4rh0000gn/T/tmpy3jhuit3
14824 : 2024-05-08 14:10:06,375 : INFO : telemetry.records : Move file /Users/dori/.azure/telemetry/cache to /var/folders/r3/4_xhk7ks1gn7df05gbxrm4rh0000gn/T/tmpy3jhuit3/cache
14824 : 2024-05-08 14:10:06,376 : INFO : telemetry.records : Processed file /var/folders/r3/4_xhk7ks1gn7df05gbxrm4rh0000gn/T/tmpy3jhuit3/cache into 1 records.
14824 : 2024-05-08 14:10:06,376 : INFO : telemetry.records : Remove directory /var/folders/r3/4_xhk7ks1gn7df05gbxrm4rh0000gn/T/tmpy3jhuit3
14824 : 2024-05-08 14:10:06,376 : INFO : telemetry.client : Accumulated 1 events. Flush the clients.
14824 : 2024-05-08 14:10:06,376 : INFO : telemetry.client : Flush client c4395b75-49cc-422c-bc95-c7d51aef5d46.
14824 : 2024-05-08 14:10:06,846 : INFO : telemetry.sender : Sending 4361 bytes
14824 : 2024-05-08 14:10:06,847 : INFO : telemetry.sender : Finish uploading in 0.470439 seconds.
14824 : 2024-05-08 14:10:06,847 : INFO : telemetry.note : Update the last send in note to 2024-05-08 14:10:06
14824 : 2024-05-08 14:10:06,847 : INFO : telemetry.note : Update the note mtime to 2024-05-08 14:10:06.847838
31329 : 2024-08-05 02:53:42,917 : INFO : telemetry.main : Attempt start. Configuration directory [/Users/dori/.azure].
31329 : 2024-08-05 02:53:42,918 : DEBUG : telemetry.note : acquiring lock
31329 : 2024-08-05 02:53:42,918 : DEBUG : telemetry.note : acquired lock
31329 : 2024-08-05 02:53:42,918 : INFO : telemetry.note : Update the note mtime to 2024-08-05 02:53:42.918192
31329 : 2024-08-05 02:53:42,919 : INFO : telemetry.note : Read timestamp from the note. The last send was 2024-05-08 14:10:06.
31329 : 2024-08-05 02:53:42,919 : INFO : telemetry.records : 1 cache files to move.
31329 : 2024-08-05 02:53:42,919 : INFO : telemetry.records : Create temp folder /var/folders/r3/4_xhk7ks1gn7df05gbxrm4rh0000gn/T/tmpgrw7046_
31329 : 2024-08-05 02:53:42,919 : INFO : telemetry.records : Move file /Users/dori/.azure/telemetry/cache to /var/folders/r3/4_xhk7ks1gn7df05gbxrm4rh0000gn/T/tmpgrw7046_/cache
31329 : 2024-08-05 02:53:42,919 : INFO : telemetry.records : Processed file /var/folders/r3/4_xhk7ks1gn7df05gbxrm4rh0000gn/T/tmpgrw7046_/cache into 1 records.
31329 : 2024-08-05 02:53:42,919 : INFO : telemetry.records : Remove directory /var/folders/r3/4_xhk7ks1gn7df05gbxrm4rh0000gn/T/tmpgrw7046_
31329 : 2024-08-05 02:53:42,920 : INFO : telemetry.client : Accumulated 1 events. Flush the clients.
31329 : 2024-08-05 02:53:42,920 : INFO : telemetry.client : Flush client c4395b75-49cc-422c-bc95-c7d51aef5d46.
31329 : 2024-08-05 02:53:43,557 : INFO : telemetry.sender : Sending 4147 bytes
31329 : 2024-08-05 02:53:43,558 : INFO : telemetry.sender : Finish uploading in 0.638066 seconds.
31329 : 2024-08-05 02:53:43,558 : INFO : telemetry.note : Update the last send in note to 2024-08-05 02:53:42
31329 : 2024-08-05 02:53:43,558 : INFO : telemetry.note : Update the note mtime to 2024-08-05 02:53:43.558870
34019 : 2024-08-05 02:54:56,077 : INFO : telemetry.main : Attempt start. Configuration directory [/Users/dori/.azure].
34019 : 2024-08-05 02:54:56,078 : DEBUG : telemetry.note : acquiring lock
34019 : 2024-08-05 02:54:56,078 : DEBUG : telemetry.note : acquired lock
34019 : 2024-08-05 02:54:56,078 : INFO : telemetry.note : Update the note mtime to 2024-08-05 02:54:56.078101
34019 : 2024-08-05 02:54:56,078 : INFO : telemetry.note : Read timestamp from the note. The last send was 2024-08-05 02:53:42.
34019 : 2024-08-05 02:54:56,079 : INFO : telemetry.records : 1 cache files to move.
34019 : 2024-08-05 02:54:56,079 : INFO : telemetry.records : Create temp folder /var/folders/r3/4_xhk7ks1gn7df05gbxrm4rh0000gn/T/tmpzgs5kcxt
34019 : 2024-08-05 02:54:56,079 : INFO : telemetry.records : Move file /Users/dori/.azure/telemetry/cache to /var/folders/r3/4_xhk7ks1gn7df05gbxrm4rh0000gn/T/tmpzgs5kcxt/cache
34019 : 2024-08-05 02:54:56,079 : INFO : telemetry.records : Processed file /var/folders/r3/4_xhk7ks1gn7df05gbxrm4rh0000gn/T/tmpzgs5kcxt/cache into 1 records.
34019 : 2024-08-05 02:54:56,079 : INFO : telemetry.records : Remove directory /var/folders/r3/4_xhk7ks1gn7df05gbxrm4rh0000gn/T/tmpzgs5kcxt
34019 : 2024-08-05 02:54:56,079 : INFO : telemetry.client : Accumulated 1 events. Flush the clients.
34019 : 2024-08-05 02:54:56,079 : INFO : telemetry.client : Flush client c4395b75-49cc-422c-bc95-c7d51aef5d46.
34019 : 2024-08-05 02:54:56,544 : INFO : telemetry.sender : Sending 4213 bytes
34019 : 2024-08-05 02:54:56,545 : INFO : telemetry.sender : Finish uploading in 0.465417 seconds.
34019 : 2024-08-05 02:54:56,545 : INFO : telemetry.note : Update the last send in note to 2024-08-05 02:54:56
34019 : 2024-08-05 02:54:56,545 : INFO : telemetry.note : Update the note mtime to 2024-08-05 02:54:56.545856
35179 : 2024-08-05 02:55:22,458 : INFO : telemetry.main : Attempt start. Configuration directory [/Users/dori/.azure].
35179 : 2024-08-05 02:55:22,458 : DEBUG : telemetry.note : acquiring lock
35179 : 2024-08-05 02:55:22,458 : DEBUG : telemetry.note : acquired lock
35179 : 2024-08-05 02:55:22,458 : INFO : telemetry.note : Update the note mtime to 2024-08-05 02:55:22.458966
35179 : 2024-08-05 02:55:22,459 : INFO : telemetry.note : Read timestamp from the note. The last send was 2024-08-05 02:54:56.
35179 : 2024-08-05 02:55:22,459 : INFO : telemetry.records : 1 cache files to move.
35179 : 2024-08-05 02:55:22,459 : INFO : telemetry.records : Create temp folder /var/folders/r3/4_xhk7ks1gn7df05gbxrm4rh0000gn/T/tmpdvgpshq4
35179 : 2024-08-05 02:55:22,459 : INFO : telemetry.records : Move file /Users/dori/.azure/telemetry/cache to /var/folders/r3/4_xhk7ks1gn7df05gbxrm4rh0000gn/T/tmpdvgpshq4/cache
35179 : 2024-08-05 02:55:22,459 : INFO : telemetry.records : Processed file /var/folders/r3/4_xhk7ks1gn7df05gbxrm4rh0000gn/T/tmpdvgpshq4/cache into 1 records.
35179 : 2024-08-05 02:55:22,460 : INFO : telemetry.records : Remove directory /var/folders/r3/4_xhk7ks1gn7df05gbxrm4rh0000gn/T/tmpdvgpshq4
35179 : 2024-08-05 02:55:22,460 : INFO : telemetry.client : Accumulated 1 events. Flush the clients.
35179 : 2024-08-05 02:55:22,460 : INFO : telemetry.client : Flush client c4395b75-49cc-422c-bc95-c7d51aef5d46.
35179 : 2024-08-05 02:55:22,890 : INFO : telemetry.sender : Sending 4254 bytes
35179 : 2024-08-05 02:55:22,891 : INFO : telemetry.sender : Finish uploading in 0.430665 seconds.
35179 : 2024-08-05 02:55:22,892 : INFO : telemetry.note : Update the last send in note to 2024-08-05 02:55:22
35179 : 2024-08-05 02:55:22,896 : INFO : telemetry.note : Update the note mtime to 2024-08-05 02:55:22.893055
64952 : 2024-08-08 18:12:11,844 : INFO : telemetry.main : Attempt start. Configuration directory [/Users/dori/.azure].
64952 : 2024-08-08 18:12:11,844 : DEBUG : telemetry.note : acquiring lock
64952 : 2024-08-08 18:12:11,844 : DEBUG : telemetry.note : acquired lock
64952 : 2024-08-08 18:12:11,844 : INFO : telemetry.note : Update the note mtime to 2024-08-08 18:12:11.844575
64952 : 2024-08-08 18:12:11,845 : INFO : telemetry.note : Read timestamp from the note. The last send was 2024-08-05 02:55:22.
64952 : 2024-08-08 18:12:11,845 : INFO : telemetry.records : 1 cache files to move.
64952 : 2024-08-08 18:12:11,845 : INFO : telemetry.records : Create temp folder /var/folders/r3/4_xhk7ks1gn7df05gbxrm4rh0000gn/T/tmpxfne9fhn
64952 : 2024-08-08 18:12:11,845 : INFO : telemetry.records : Move file /Users/dori/.azure/telemetry/cache to /var/folders/r3/4_xhk7ks1gn7df05gbxrm4rh0000gn/T/tmpxfne9fhn/cache
64952 : 2024-08-08 18:12:11,845 : INFO : telemetry.records : Processed file /var/folders/r3/4_xhk7ks1gn7df05gbxrm4rh0000gn/T/tmpxfne9fhn/cache into 1 records.
64952 : 2024-08-08 18:12:11,845 : INFO : telemetry.records : Remove directory /var/folders/r3/4_xhk7ks1gn7df05gbxrm4rh0000gn/T/tmpxfne9fhn
64952 : 2024-08-08 18:12:11,846 : INFO : telemetry.client : Accumulated 1 events. Flush the clients.
64952 : 2024-08-08 18:12:11,846 : INFO : telemetry.client : Flush client c4395b75-49cc-422c-bc95-c7d51aef5d46.
64952 : 2024-08-08 18:12:12,202 : INFO : telemetry.sender : Sending 4098 bytes
64952 : 2024-08-08 18:12:12,203 : INFO : telemetry.sender : Finish uploading in 0.357169 seconds.
64952 : 2024-08-08 18:12:12,203 : INFO : telemetry.note : Update the last send in note to 2024-08-08 18:12:11
64952 : 2024-08-08 18:12:12,204 : INFO : telemetry.note : Update the note mtime to 2024-08-08 18:12:12.203940
20773 : 2024-08-08 18:24:28,693 : INFO : telemetry.main : Attempt start. Configuration directory [/Users/dori/.azure].
20773 : 2024-08-08 18:24:28,693 : DEBUG : telemetry.note : acquiring lock
20773 : 2024-08-08 18:24:28,694 : DEBUG : telemetry.note : acquired lock
20773 : 2024-08-08 18:24:28,694 : INFO : telemetry.note : Update the note mtime to 2024-08-08 18:24:28.694093
20773 : 2024-08-08 18:24:28,694 : INFO : telemetry.note : Read timestamp from the note. The last send was 2024-08-08 18:12:11.
20773 : 2024-08-08 18:24:28,695 : INFO : telemetry.records : 1 cache files to move.
20773 : 2024-08-08 18:24:28,695 : INFO : telemetry.records : Create temp folder /var/folders/r3/4_xhk7ks1gn7df05gbxrm4rh0000gn/T/tmpipsaaov_
20773 : 2024-08-08 18:24:28,695 : INFO : telemetry.records : Move file /Users/dori/.azure/telemetry/cache to /var/folders/r3/4_xhk7ks1gn7df05gbxrm4rh0000gn/T/tmpipsaaov_/cache
20773 : 2024-08-08 18:24:28,695 : INFO : telemetry.records : Processed file /var/folders/r3/4_xhk7ks1gn7df05gbxrm4rh0000gn/T/tmpipsaaov_/cache into 1 records.
20773 : 2024-08-08 18:24:28,695 : INFO : telemetry.records : Remove directory /var/folders/r3/4_xhk7ks1gn7df05gbxrm4rh0000gn/T/tmpipsaaov_
20773 : 2024-08-08 18:24:28,695 : INFO : telemetry.client : Accumulated 1 events. Flush the clients.
20773 : 2024-08-08 18:24:28,695 : INFO : telemetry.client : Flush client c4395b75-49cc-422c-bc95-c7d51aef5d46.
20773 : 2024-08-08 18:24:29,095 : INFO : telemetry.sender : Sending 4235 bytes
20773 : 2024-08-08 18:24:29,095 : INFO : telemetry.sender : Finish uploading in 0.399548 seconds.
20773 : 2024-08-08 18:24:29,095 : INFO : telemetry.note : Update the last send in note to 2024-08-08 18:24:28
20773 : 2024-08-08 18:24:29,096 : INFO : telemetry.note : Update the note mtime to 2024-08-08 18:24:29.095936
93478 : 2024-08-08 19:49:26,615 : INFO : telemetry.main : Attempt start. Configuration directory [/Users/dori/.azure].
93478 : 2024-08-08 19:49:26,615 : DEBUG : telemetry.note : acquiring lock
93478 : 2024-08-08 19:49:26,615 : DEBUG : telemetry.note : acquired lock
93478 : 2024-08-08 19:49:26,615 : INFO : telemetry.note : Update the note mtime to 2024-08-08 19:49:26.615636
93478 : 2024-08-08 19:49:26,616 : INFO : telemetry.note : Read timestamp from the note. The last send was 2024-08-08 18:24:28.
93478 : 2024-08-08 19:49:26,616 : INFO : telemetry.records : 1 cache files to move.
93478 : 2024-08-08 19:49:26,616 : INFO : telemetry.records : Create temp folder /var/folders/r3/4_xhk7ks1gn7df05gbxrm4rh0000gn/T/tmpmuy4mxif
93478 : 2024-08-08 19:49:26,616 : INFO : telemetry.records : Move file /Users/dori/.azure/telemetry/cache to /var/folders/r3/4_xhk7ks1gn7df05gbxrm4rh0000gn/T/tmpmuy4mxif/cache
93478 : 2024-08-08 19:49:26,616 : INFO : telemetry.records : Processed file /var/folders/r3/4_xhk7ks1gn7df05gbxrm4rh0000gn/T/tmpmuy4mxif/cache into 1 records.
93478 : 2024-08-08 19:49:26,617 : INFO : telemetry.records : Remove directory /var/folders/r3/4_xhk7ks1gn7df05gbxrm4rh0000gn/T/tmpmuy4mxif
93478 : 2024-08-08 19:49:26,617 : INFO : telemetry.client : Accumulated 1 events. Flush the clients.
93478 : 2024-08-08 19:49:26,617 : INFO : telemetry.client : Flush client c4395b75-49cc-422c-bc95-c7d51aef5d46.
93478 : 2024-08-08 19:49:27,004 : INFO : telemetry.sender : Sending 4305 bytes
93478 : 2024-08-08 19:49:27,005 : INFO : telemetry.sender : Finish uploading in 0.387617 seconds.
93478 : 2024-08-08 19:49:27,005 : INFO : telemetry.note : Update the last send in note to 2024-08-08 19:49:26
93478 : 2024-08-08 19:49:27,005 : INFO : telemetry.note : Update the note mtime to 2024-08-08 19:49:27.005838
9444 : 2024-08-08 19:52:46,804 : INFO : telemetry.main : Attempt start. Configuration directory [/Users/dori/.azure].
9444 : 2024-08-08 19:52:46,804 : DEBUG : telemetry.note : acquiring lock
9444 : 2024-08-08 19:52:46,804 : DEBUG : telemetry.note : acquired lock
9444 : 2024-08-08 19:52:46,804 : INFO : telemetry.note : Update the note mtime to 2024-08-08 19:52:46.804416
9444 : 2024-08-08 19:52:46,805 : INFO : telemetry.note : Read timestamp from the note. The last send was 2024-08-08 19:49:26.
9444 : 2024-08-08 19:52:46,805 : INFO : telemetry.records : 1 cache files to move.
9444 : 2024-08-08 19:52:46,805 : INFO : telemetry.records : Create temp folder /var/folders/r3/4_xhk7ks1gn7df05gbxrm4rh0000gn/T/tmpu4qj7o6w
9444 : 2024-08-08 19:52:46,805 : INFO : telemetry.records : Move file /Users/dori/.azure/telemetry/cache to /var/folders/r3/4_xhk7ks1gn7df05gbxrm4rh0000gn/T/tmpu4qj7o6w/cache
9444 : 2024-08-08 19:52:46,805 : INFO : telemetry.records : Processed file /var/folders/r3/4_xhk7ks1gn7df05gbxrm4rh0000gn/T/tmpu4qj7o6w/cache into 1 records.
9444 : 2024-08-08 19:52:46,805 : INFO : telemetry.records : Remove directory /var/folders/r3/4_xhk7ks1gn7df05gbxrm4rh0000gn/T/tmpu4qj7o6w
9444 : 2024-08-08 19:52:46,806 : INFO : telemetry.client : Accumulated 1 events. Flush the clients.
9444 : 2024-08-08 19:52:46,806 : INFO : telemetry.client : Flush client c4395b75-49cc-422c-bc95-c7d51aef5d46.
9444 : 2024-08-08 19:52:47,139 : INFO : telemetry.sender : Sending 4597 bytes
9444 : 2024-08-08 19:52:47,140 : INFO : telemetry.sender : Finish uploading in 0.333930 seconds.
9444 : 2024-08-08 19:52:47,140 : INFO : telemetry.note : Update the last send in note to 2024-08-08 19:52:46
9444 : 2024-08-08 19:52:47,140 : INFO : telemetry.note : Update the note mtime to 2024-08-08 19:52:47.140868
25966 : 2024-08-08 19:56:20,149 : INFO : telemetry.main : Attempt start. Configuration directory [/Users/dori/.azure].
25966 : 2024-08-08 19:56:20,149 : DEBUG : telemetry.note : acquiring lock
25966 : 2024-08-08 19:56:20,149 : DEBUG : telemetry.note : acquired lock
25966 : 2024-08-08 19:56:20,149 : INFO : telemetry.note : Update the note mtime to 2024-08-08 19:56:20.149746
25966 : 2024-08-08 19:56:20,150 : INFO : telemetry.note : Read timestamp from the note. The last send was 2024-08-08 19:52:46.
25966 : 2024-08-08 19:56:20,150 : INFO : telemetry.records : 1 cache files to move.
25966 : 2024-08-08 19:56:20,150 : INFO : telemetry.records : Create temp folder /var/folders/r3/4_xhk7ks1gn7df05gbxrm4rh0000gn/T/tmpt7228v2f
25966 : 2024-08-08 19:56:20,150 : INFO : telemetry.records : Move file /Users/dori/.azure/telemetry/cache to /var/folders/r3/4_xhk7ks1gn7df05gbxrm4rh0000gn/T/tmpt7228v2f/cache
25966 : 2024-08-08 19:56:20,150 : INFO : telemetry.records : Processed file /var/folders/r3/4_xhk7ks1gn7df05gbxrm4rh0000gn/T/tmpt7228v2f/cache into 1 records.
25966 : 2024-08-08 19:56:20,150 : INFO : telemetry.records : Remove directory /var/folders/r3/4_xhk7ks1gn7df05gbxrm4rh0000gn/T/tmpt7228v2f
25966 : 2024-08-08 19:56:20,151 : INFO : telemetry.client : Accumulated 1 events. Flush the clients.
25966 : 2024-08-08 19:56:20,151 : INFO : telemetry.client : Flush client c4395b75-49cc-422c-bc95-c7d51aef5d46.
25966 : 2024-08-08 19:56:20,620 : INFO : telemetry.sender : Sending 4326 bytes
25966 : 2024-08-08 19:56:20,621 : INFO : telemetry.sender : Finish uploading in 0.469588 seconds.
25966 : 2024-08-08 19:56:20,621 : INFO : telemetry.note : Update the last send in note to 2024-08-08 19:56:20
25966 : 2024-08-08 19:56:20,621 : INFO : telemetry.note : Update the note mtime to 2024-08-08 19:56:20.621510
8512 : 2024-08-08 20:13:58,190 : INFO : telemetry.main : Attempt start. Configuration directory [/Users/dori/.azure].
8512 : 2024-08-08 20:13:58,191 : DEBUG : telemetry.note : acquiring lock
8512 : 2024-08-08 20:13:58,191 : DEBUG : telemetry.note : acquired lock
8512 : 2024-08-08 20:13:58,191 : INFO : telemetry.note : Update the note mtime to 2024-08-08 20:13:58.191320
8512 : 2024-08-08 20:13:58,192 : INFO : telemetry.note : Read timestamp from the note. The last send was 2024-08-08 19:56:20.
8512 : 2024-08-08 20:13:58,192 : INFO : telemetry.records : 1 cache files to move.
8512 : 2024-08-08 20:13:58,192 : INFO : telemetry.records : Create temp folder /var/folders/r3/4_xhk7ks1gn7df05gbxrm4rh0000gn/T/tmp7z0c7qae
8512 : 2024-08-08 20:13:58,192 : INFO : telemetry.records : Move file /Users/dori/.azure/telemetry/cache to /var/folders/r3/4_xhk7ks1gn7df05gbxrm4rh0000gn/T/tmp7z0c7qae/cache
8512 : 2024-08-08 20:13:58,192 : INFO : telemetry.records : Processed file /var/folders/r3/4_xhk7ks1gn7df05gbxrm4rh0000gn/T/tmp7z0c7qae/cache into 1 records.
8512 : 2024-08-08 20:13:58,192 : INFO : telemetry.records : Remove directory /var/folders/r3/4_xhk7ks1gn7df05gbxrm4rh0000gn/T/tmp7z0c7qae
8512 : 2024-08-08 20:13:58,192 : INFO : telemetry.client : Accumulated 1 events. Flush the clients.
8512 : 2024-08-08 20:13:58,192 : INFO : telemetry.client : Flush client c4395b75-49cc-422c-bc95-c7d51aef5d46.
8512 : 2024-08-08 20:13:58,608 : INFO : telemetry.sender : Sending 4098 bytes
8512 : 2024-08-08 20:13:58,608 : INFO : telemetry.sender : Finish uploading in 0.415341 seconds.
8512 : 2024-08-08 20:13:58,608 : INFO : telemetry.note : Update the last send in note to 2024-08-08 20:13:58
8512 : 2024-08-08 20:13:58,608 : INFO : telemetry.note : Update the note mtime to 2024-08-08 20:13:58.608690
54088 : 2024-08-08 20:45:03,472 : INFO : telemetry.main : Attempt start. Configuration directory [/Users/dori/.azure].
54088 : 2024-08-08 20:45:03,472 : DEBUG : telemetry.note : acquiring lock
54088 : 2024-08-08 20:45:03,472 : DEBUG : telemetry.note : acquired lock
54088 : 2024-08-08 20:45:03,472 : INFO : telemetry.note : Update the note mtime to 2024-08-08 20:45:03.472937
54088 : 2024-08-08 20:45:03,473 : INFO : telemetry.note : Read timestamp from the note. The last send was 2024-08-08 20:13:58.
54088 : 2024-08-08 20:45:03,473 : INFO : telemetry.records : 1 cache files to move.
54088 : 2024-08-08 20:45:03,473 : INFO : telemetry.records : Create temp folder /var/folders/r3/4_xhk7ks1gn7df05gbxrm4rh0000gn/T/tmpumj8ta_m
54088 : 2024-08-08 20:45:03,474 : INFO : telemetry.records : Move file /Users/dori/.azure/telemetry/cache to /var/folders/r3/4_xhk7ks1gn7df05gbxrm4rh0000gn/T/tmpumj8ta_m/cache
54088 : 2024-08-08 20:45:03,474 : INFO : telemetry.records : Processed file /var/folders/r3/4_xhk7ks1gn7df05gbxrm4rh0000gn/T/tmpumj8ta_m/cache into 1 records.
54088 : 2024-08-08 20:45:03,474 : INFO : telemetry.records : Remove directory /var/folders/r3/4_xhk7ks1gn7df05gbxrm4rh0000gn/T/tmpumj8ta_m
54088 : 2024-08-08 20:45:03,474 : INFO : telemetry.client : Accumulated 1 events. Flush the clients.
54088 : 2024-08-08 20:45:03,474 : INFO : telemetry.client : Flush client c4395b75-49cc-422c-bc95-c7d51aef5d46.
54088 : 2024-08-08 20:45:03,904 : INFO : telemetry.sender : Sending 4098 bytes
54088 : 2024-08-08 20:45:03,904 : INFO : telemetry.sender : Finish uploading in 0.430201 seconds.
54088 : 2024-08-08 20:45:03,905 : INFO : telemetry.note : Update the last send in note to 2024-08-08 20:45:03
54088 : 2024-08-08 20:45:03,905 : INFO : telemetry.note : Update the note mtime to 2024-08-08 20:45:03.905263
68542 : 2024-08-08 20:48:09,486 : INFO : telemetry.main : Attempt start. Configuration directory [/Users/dori/.azure].
68542 : 2024-08-08 20:48:09,486 : DEBUG : telemetry.note : acquiring lock
68542 : 2024-08-08 20:48:09,486 : DEBUG : telemetry.note : acquired lock
68542 : 2024-08-08 20:48:09,486 : INFO : telemetry.note : Update the note mtime to 2024-08-08 20:48:09.486329
68542 : 2024-08-08 20:48:09,486 : INFO : telemetry.note : Read timestamp from the note. The last send was 2024-08-08 20:45:03.
68542 : 2024-08-08 20:48:09,487 : INFO : telemetry.records : 1 cache files to move.
68542 : 2024-08-08 20:48:09,487 : INFO : telemetry.records : Create temp folder /var/folders/r3/4_xhk7ks1gn7df05gbxrm4rh0000gn/T/tmpsbh69qab
68542 : 2024-08-08 20:48:09,487 : INFO : telemetry.records : Move file /Users/dori/.azure/telemetry/cache to /var/folders/r3/4_xhk7ks1gn7df05gbxrm4rh0000gn/T/tmpsbh69qab/cache
68542 : 2024-08-08 20:48:09,487 : INFO : telemetry.records : Processed file /var/folders/r3/4_xhk7ks1gn7df05gbxrm4rh0000gn/T/tmpsbh69qab/cache into 1 records.
68542 : 2024-08-08 20:48:09,487 : INFO : telemetry.records : Remove directory /var/folders/r3/4_xhk7ks1gn7df05gbxrm4rh0000gn/T/tmpsbh69qab
68542 : 2024-08-08 20:48:09,487 : INFO : telemetry.client : Accumulated 1 events. Flush the clients.
68542 : 2024-08-08 20:48:09,487 : INFO : telemetry.client : Flush client c4395b75-49cc-422c-bc95-c7d51aef5d46.
68542 : 2024-08-08 20:48:09,811 : INFO : telemetry.sender : Sending 4305 bytes
68542 : 2024-08-08 20:48:09,811 : INFO : telemetry.sender : Finish uploading in 0.323385 seconds.
68542 : 2024-08-08 20:48:09,811 : INFO : telemetry.note : Update the last send in note to 2024-08-08 20:48:09
68542 : 2024-08-08 20:48:09,811 : INFO : telemetry.note : Update the note mtime to 2024-08-08 20:48:09.811625
24008 : 2024-08-08 20:59:53,636 : INFO : telemetry.main : Attempt start. Configuration directory [/Users/dori/.azure].
24008 : 2024-08-08 20:59:53,637 : DEBUG : telemetry.note : acquiring lock
24008 : 2024-08-08 20:59:53,637 : DEBUG : telemetry.note : acquired lock
24008 : 2024-08-08 20:59:53,637 : INFO : telemetry.note : Update the note mtime to 2024-08-08 20:59:53.637216
24008 : 2024-08-08 20:59:53,637 : INFO : telemetry.note : Read timestamp from the note. The last send was 2024-08-08 20:48:09.
24008 : 2024-08-08 20:59:53,637 : INFO : telemetry.records : 1 cache files to move.
24008 : 2024-08-08 20:59:53,637 : INFO : telemetry.records : Create temp folder /var/folders/r3/4_xhk7ks1gn7df05gbxrm4rh0000gn/T/tmp2e3ca08c
24008 : 2024-08-08 20:59:53,638 : INFO : telemetry.records : Move file /Users/dori/.azure/telemetry/cache to /var/folders/r3/4_xhk7ks1gn7df05gbxrm4rh0000gn/T/tmp2e3ca08c/cache
24008 : 2024-08-08 20:59:53,638 : INFO : telemetry.records : Processed file /var/folders/r3/4_xhk7ks1gn7df05gbxrm4rh0000gn/T/tmp2e3ca08c/cache into 1 records.
24008 : 2024-08-08 20:59:53,638 : INFO : telemetry.records : Remove directory /var/folders/r3/4_xhk7ks1gn7df05gbxrm4rh0000gn/T/tmp2e3ca08c
24008 : 2024-08-08 20:59:53,638 : INFO : telemetry.client : Accumulated 1 events. Flush the clients.
24008 : 2024-08-08 20:59:53,638 : INFO : telemetry.client : Flush client c4395b75-49cc-422c-bc95-c7d51aef5d46.
24008 : 2024-08-08 20:59:53,961 : INFO : telemetry.sender : Sending 4593 bytes
24008 : 2024-08-08 20:59:53,961 : INFO : telemetry.sender : Finish uploading in 0.322455 seconds.
24008 : 2024-08-08 20:59:53,961 : INFO : telemetry.note : Update the last send in note to 2024-08-08 20:59:53
24008 : 2024-08-08 20:59:53,961 : INFO : telemetry.note : Update the note mtime to 2024-08-08 20:59:53.961408
37709 : 2024-08-08 21:02:51,428 : INFO : telemetry.main : Attempt start. Configuration directory [/Users/dori/.azure].
37709 : 2024-08-08 21:02:51,428 : DEBUG : telemetry.note : acquiring lock
37709 : 2024-08-08 21:02:51,428 : DEBUG : telemetry.note : acquired lock
37709 : 2024-08-08 21:02:51,428 : INFO : telemetry.note : Update the note mtime to 2024-08-08 21:02:51.428567
37709 : 2024-08-08 21:02:51,429 : INFO : telemetry.note : Read timestamp from the note. The last send was 2024-08-08 20:59:53.
37709 : 2024-08-08 21:02:51,429 : INFO : telemetry.records : 1 cache files to move.
37709 : 2024-08-08 21:02:51,429 : INFO : telemetry.records : Create temp folder /var/folders/r3/4_xhk7ks1gn7df05gbxrm4rh0000gn/T/tmpbfwv4f2k
37709 : 2024-08-08 21:02:51,429 : INFO : telemetry.records : Move file /Users/dori/.azure/telemetry/cache to /var/folders/r3/4_xhk7ks1gn7df05gbxrm4rh0000gn/T/tmpbfwv4f2k/cache
37709 : 2024-08-08 21:02:51,429 : INFO : telemetry.records : Processed file /var/folders/r3/4_xhk7ks1gn7df05gbxrm4rh0000gn/T/tmpbfwv4f2k/cache into 1 records.
37709 : 2024-08-08 21:02:51,429 : INFO : telemetry.records : Remove directory /var/folders/r3/4_xhk7ks1gn7df05gbxrm4rh0000gn/T/tmpbfwv4f2k
37709 : 2024-08-08 21:02:51,430 : INFO : telemetry.client : Accumulated 1 events. Flush the clients.
37709 : 2024-08-08 21:02:51,430 : INFO : telemetry.client : Flush client c4395b75-49cc-422c-bc95-c7d51aef5d46.
37709 : 2024-08-08 21:02:51,858 : INFO : telemetry.sender : Sending 4326 bytes
37709 : 2024-08-08 21:02:51,858 : INFO : telemetry.sender : Finish uploading in 0.428272 seconds.
37709 : 2024-08-08 21:02:51,858 : INFO : telemetry.note : Update the last send in note to 2024-08-08 21:02:51
37709 : 2024-08-08 21:02:51,859 : INFO : telemetry.note : Update the note mtime to 2024-08-08 21:02:51.859128
81153 : 2024-08-29 13:38:58,989 : INFO : telemetry.main : Attempt start. Configuration directory [/Users/dori/.azure].
81153 : 2024-08-29 13:38:58,989 : DEBUG : telemetry.note : acquiring lock
81153 : 2024-08-29 13:38:58,990 : DEBUG : telemetry.note : acquired lock
81153 : 2024-08-29 13:38:58,990 : INFO : telemetry.note : Update the note mtime to 2024-08-29 13:38:58.990034
81153 : 2024-08-29 13:38:58,990 : INFO : telemetry.note : Read timestamp from the note. The last send was 2024-08-08 21:02:51.
81153 : 2024-08-29 13:38:58,991 : INFO : telemetry.records : 1 cache files to move.
81153 : 2024-08-29 13:38:58,991 : INFO : telemetry.records : Create temp folder /var/folders/r3/4_xhk7ks1gn7df05gbxrm4rh0000gn/T/tmpqzvi6tlf
81153 : 2024-08-29 13:38:58,991 : INFO : telemetry.records : Move file /Users/dori/.azure/telemetry/cache to /var/folders/r3/4_xhk7ks1gn7df05gbxrm4rh0000gn/T/tmpqzvi6tlf/cache
81153 : 2024-08-29 13:38:58,991 : INFO : telemetry.records : Processed file /var/folders/r3/4_xhk7ks1gn7df05gbxrm4rh0000gn/T/tmpqzvi6tlf/cache into 1 records.
81153 : 2024-08-29 13:38:58,991 : INFO : telemetry.records : Remove directory /var/folders/r3/4_xhk7ks1gn7df05gbxrm4rh0000gn/T/tmpqzvi6tlf
81153 : 2024-08-29 13:38:58,991 : INFO : telemetry.client : Accumulated 1 events. Flush the clients.
81153 : 2024-08-29 13:38:58,991 : INFO : telemetry.client : Flush client c4395b75-49cc-422c-bc95-c7d51aef5d46.
81153 : 2024-08-29 13:38:59,486 : INFO : telemetry.sender : Sending 4171 bytes
81153 : 2024-08-29 13:38:59,486 : INFO : telemetry.sender : Finish uploading in 0.494860 seconds.
81153 : 2024-08-29 13:38:59,487 : INFO : telemetry.note : Update the last send in note to 2024-08-29 13:38:58
81153 : 2024-08-29 13:38:59,487 : INFO : telemetry.note : Update the note mtime to 2024-08-29 13:38:59.487060
82372 : 2024-08-29 13:39:15,696 : INFO : telemetry.main : Attempt start. Configuration directory [/Users/dori/.azure].
82372 : 2024-08-29 13:39:15,696 : DEBUG : telemetry.note : acquiring lock
82372 : 2024-08-29 13:39:15,696 : DEBUG : telemetry.note : acquired lock
82372 : 2024-08-29 13:39:15,696 : INFO : telemetry.note : Update the note mtime to 2024-08-29 13:39:15.696807
82372 : 2024-08-29 13:39:15,697 : INFO : telemetry.note : Read timestamp from the note. The last send was 2024-08-29 13:38:58.
82372 : 2024-08-29 13:39:15,697 : INFO : telemetry.records : 1 cache files to move.
82372 : 2024-08-29 13:39:15,697 : INFO : telemetry.records : Create temp folder /var/folders/r3/4_xhk7ks1gn7df05gbxrm4rh0000gn/T/tmp69pk19ox
82372 : 2024-08-29 13:39:15,697 : INFO : telemetry.records : Move file /Users/dori/.azure/telemetry/cache to /var/folders/r3/4_xhk7ks1gn7df05gbxrm4rh0000gn/T/tmp69pk19ox/cache
82372 : 2024-08-29 13:39:15,697 : INFO : telemetry.records : Processed file /var/folders/r3/4_xhk7ks1gn7df05gbxrm4rh0000gn/T/tmp69pk19ox/cache into 1 records.
82372 : 2024-08-29 13:39:15,697 : INFO : telemetry.records : Remove directory /var/folders/r3/4_xhk7ks1gn7df05gbxrm4rh0000gn/T/tmp69pk19ox
82372 : 2024-08-29 13:39:15,698 : INFO : telemetry.client : Accumulated 1 events. Flush the clients.
82372 : 2024-08-29 13:39:15,698 : INFO : telemetry.client : Flush client c4395b75-49cc-422c-bc95-c7d51aef5d46.
82372 : 2024-08-29 13:39:16,009 : INFO : telemetry.sender : Sending 4280 bytes
82372 : 2024-08-29 13:39:16,009 : INFO : telemetry.sender : Finish uploading in 0.311639 seconds.
82372 : 2024-08-29 13:39:16,010 : INFO : telemetry.note : Update the last send in note to 2024-08-29 13:39:15
82372 : 2024-08-29 13:39:16,010 : INFO : telemetry.note : Update the note mtime to 2024-08-29 13:39:16.010115
83172 : 2024-08-29 13:39:24,035 : INFO : telemetry.main : Attempt start. Configuration directory [/Users/dori/.azure].
83172 : 2024-08-29 13:39:24,035 : DEBUG : telemetry.note : acquiring lock
83172 : 2024-08-29 13:39:24,035 : DEBUG : telemetry.note : acquired lock
83172 : 2024-08-29 13:39:24,035 : INFO : telemetry.note : Update the note mtime to 2024-08-29 13:39:24.035681
83172 : 2024-08-29 13:39:24,036 : INFO : telemetry.note : Read timestamp from the note. The last send was 2024-08-29 13:39:15.
83172 : 2024-08-29 13:39:24,036 : INFO : telemetry.records : 1 cache files to move.
83172 : 2024-08-29 13:39:24,036 : INFO : telemetry.records : Create temp folder /var/folders/r3/4_xhk7ks1gn7df05gbxrm4rh0000gn/T/tmpmh3vrxmi
83172 : 2024-08-29 13:39:24,036 : INFO : telemetry.records : Move file /Users/dori/.azure/telemetry/cache to /var/folders/r3/4_xhk7ks1gn7df05gbxrm4rh0000gn/T/tmpmh3vrxmi/cache
83172 : 2024-08-29 13:39:24,036 : INFO : telemetry.records : Processed file /var/folders/r3/4_xhk7ks1gn7df05gbxrm4rh0000gn/T/tmpmh3vrxmi/cache into 1 records.
83172 : 2024-08-29 13:39:24,036 : INFO : telemetry.records : Remove directory /var/folders/r3/4_xhk7ks1gn7df05gbxrm4rh0000gn/T/tmpmh3vrxmi
83172 : 2024-08-29 13:39:24,037 : INFO : telemetry.client : Accumulated 1 events. Flush the clients.
83172 : 2024-08-29 13:39:24,037 : INFO : telemetry.client : Flush client c4395b75-49cc-422c-bc95-c7d51aef5d46.
83177 : 2024-08-29 13:39:24,225 : INFO : telemetry.main : Attempt start. Configuration directory [/Users/dori/.azure].
83177 : 2024-08-29 13:39:24,226 : DEBUG : telemetry.note : acquiring lock
83177 : 2024-08-29 13:39:24,226 : INFO : telemetry.main : Lock out from note file under /Users/dori/.azure which means another process is running. Exit 0.
83172 : 2024-08-29 13:39:24,498 : INFO : telemetry.sender : Sending 4282 bytes
83172 : 2024-08-29 13:39:24,499 : INFO : telemetry.sender : Finish uploading in 0.461892 seconds.
83172 : 2024-08-29 13:39:24,499 : INFO : telemetry.note : Update the last send in note to 2024-08-29 13:39:23
83172 : 2024-08-29 13:39:24,499 : INFO : telemetry.note : Update the note mtime to 2024-08-29 13:39:24.499650
71424 : 2024-08-29 13:58:17,978 : INFO : telemetry.main : Attempt start. Configuration directory [/Users/dori/.azure].
71424 : 2024-08-29 13:58:17,978 : DEBUG : telemetry.note : acquiring lock
71424 : 2024-08-29 13:58:17,978 : DEBUG : telemetry.note : acquired lock
71424 : 2024-08-29 13:58:17,978 : INFO : telemetry.note : Update the note mtime to 2024-08-29 13:58:17.978359
71424 : 2024-08-29 13:58:17,978 : INFO : telemetry.note : Read timestamp from the note. The last send was 2024-08-29 13:39:23.
71424 : 2024-08-29 13:58:17,979 : INFO : telemetry.records : 1 cache files to move.
71424 : 2024-08-29 13:58:17,979 : INFO : telemetry.records : Create temp folder /var/folders/r3/4_xhk7ks1gn7df05gbxrm4rh0000gn/T/tmp9bpu38jl
71424 : 2024-08-29 13:58:17,979 : INFO : telemetry.records : Move file /Users/dori/.azure/telemetry/cache to /var/folders/r3/4_xhk7ks1gn7df05gbxrm4rh0000gn/T/tmp9bpu38jl/cache
71424 : 2024-08-29 13:58:17,979 : INFO : telemetry.records : Processed file /var/folders/r3/4_xhk7ks1gn7df05gbxrm4rh0000gn/T/tmp9bpu38jl/cache into 2 records.
71424 : 2024-08-29 13:58:17,979 : INFO : telemetry.records : Remove directory /var/folders/r3/4_xhk7ks1gn7df05gbxrm4rh0000gn/T/tmp9bpu38jl
71424 : 2024-08-29 13:58:17,980 : INFO : telemetry.client : Accumulated 2 events. Flush the clients.
71424 : 2024-08-29 13:58:17,980 : INFO : telemetry.client : Flush client c4395b75-49cc-422c-bc95-c7d51aef5d46.
71424 : 2024-08-29 13:58:18,572 : INFO : telemetry.sender : Sending 8339 bytes
71424 : 2024-08-29 13:58:18,573 : INFO : telemetry.sender : Finish uploading in 0.593191 seconds.
71424 : 2024-08-29 13:58:18,573 : INFO : telemetry.note : Update the last send in note to 2024-08-29 13:58:17
71424 : 2024-08-29 13:58:18,574 : INFO : telemetry.note : Update the note mtime to 2024-08-29 13:58:18.574029
78378 : 2024-08-29 14:20:59,460 : INFO : telemetry.main : Attempt start. Configuration directory [/Users/dori/.azure].
78378 : 2024-08-29 14:20:59,460 : DEBUG : telemetry.note : acquiring lock
78378 : 2024-08-29 14:20:59,460 : DEBUG : telemetry.note : acquired lock
78378 : 2024-08-29 14:20:59,461 : INFO : telemetry.note : Update the note mtime to 2024-08-29 14:20:59.461007
78378 : 2024-08-29 14:20:59,461 : INFO : telemetry.note : Read timestamp from the note. The last send was 2024-08-29 13:58:17.
78378 : 2024-08-29 14:20:59,462 : INFO : telemetry.records : 1 cache files to move.
78378 : 2024-08-29 14:20:59,462 : INFO : telemetry.records : Create temp folder /var/folders/r3/4_xhk7ks1gn7df05gbxrm4rh0000gn/T/tmphxids2qn
78378 : 2024-08-29 14:20:59,462 : INFO : telemetry.records : Move file /Users/dori/.azure/telemetry/cache to /var/folders/r3/4_xhk7ks1gn7df05gbxrm4rh0000gn/T/tmphxids2qn/cache
78378 : 2024-08-29 14:20:59,462 : INFO : telemetry.records : Processed file /var/folders/r3/4_xhk7ks1gn7df05gbxrm4rh0000gn/T/tmphxids2qn/cache into 1 records.
78378 : 2024-08-29 14:20:59,462 : INFO : telemetry.records : Remove directory /var/folders/r3/4_xhk7ks1gn7df05gbxrm4rh0000gn/T/tmphxids2qn
78378 : 2024-08-29 14:20:59,462 : INFO : telemetry.client : Accumulated 1 events. Flush the clients.
78378 : 2024-08-29 14:20:59,462 : INFO : telemetry.client : Flush client c4395b75-49cc-422c-bc95-c7d51aef5d46.
78378 : 2024-08-29 14:20:59,840 : INFO : telemetry.sender : Sending 4235 bytes
78378 : 2024-08-29 14:20:59,840 : INFO : telemetry.sender : Finish uploading in 0.377666 seconds.
78378 : 2024-08-29 14:20:59,841 : INFO : telemetry.note : Update the last send in note to 2024-08-29 14:20:59
78378 : 2024-08-29 14:20:59,841 : INFO : telemetry.note : Update the note mtime to 2024-08-29 14:20:59.841213
48280 : 2024-08-29 14:54:01,354 : INFO : telemetry.main : Attempt start. Configuration directory [/Users/dori/.azure].
48280 : 2024-08-29 14:54:01,354 : DEBUG : telemetry.note : acquiring lock
48280 : 2024-08-29 14:54:01,354 : DEBUG : telemetry.note : acquired lock
48280 : 2024-08-29 14:54:01,354 : INFO : telemetry.note : Update the note mtime to 2024-08-29 14:54:01.354657
48280 : 2024-08-29 14:54:01,355 : INFO : telemetry.note : Read timestamp from the note. The last send was 2024-08-29 14:20:59.
48280 : 2024-08-29 14:54:01,355 : INFO : telemetry.records : 1 cache files to move.
48280 : 2024-08-29 14:54:01,355 : INFO : telemetry.records : Create temp folder /var/folders/r3/4_xhk7ks1gn7df05gbxrm4rh0000gn/T/tmpcasu1543
48280 : 2024-08-29 14:54:01,355 : INFO : telemetry.records : Move file /Users/dori/.azure/telemetry/cache to /var/folders/r3/4_xhk7ks1gn7df05gbxrm4rh0000gn/T/tmpcasu1543/cache
48280 : 2024-08-29 14:54:01,355 : INFO : telemetry.records : Processed file /var/folders/r3/4_xhk7ks1gn7df05gbxrm4rh0000gn/T/tmpcasu1543/cache into 1 records.
48280 : 2024-08-29 14:54:01,355 : INFO : telemetry.records : Remove directory /var/folders/r3/4_xhk7ks1gn7df05gbxrm4rh0000gn/T/tmpcasu1543
48280 : 2024-08-29 14:54:01,356 : INFO : telemetry.client : Accumulated 1 events. Flush the clients.
48280 : 2024-08-29 14:54:01,356 : INFO : telemetry.client : Flush client c4395b75-49cc-422c-bc95-c7d51aef5d46.
48287 : 2024-08-29 14:54:01,560 : INFO : telemetry.main : Attempt start. Configuration directory [/Users/dori/.azure].
48287 : 2024-08-29 14:54:01,560 : DEBUG : telemetry.note : acquiring lock
48287 : 2024-08-29 14:54:01,560 : INFO : telemetry.main : Lock out from note file under /Users/dori/.azure which means another process is running. Exit 0.
48294 : 2024-08-29 14:54:01,725 : INFO : telemetry.main : Attempt start. Configuration directory [/Users/dori/.azure].
48294 : 2024-08-29 14:54:01,725 : DEBUG : telemetry.note : acquiring lock
48294 : 2024-08-29 14:54:01,725 : INFO : telemetry.main : Lock out from note file under /Users/dori/.azure which means another process is running. Exit 0.
48301 : 2024-08-29 14:54:01,839 : INFO : telemetry.main : Attempt start. Configuration directory [/Users/dori/.azure].
48301 : 2024-08-29 14:54:01,839 : DEBUG : telemetry.note : acquiring lock
48301 : 2024-08-29 14:54:01,839 : INFO : telemetry.main : Lock out from note file under /Users/dori/.azure which means another process is running. Exit 0.
48280 : 2024-08-29 14:54:01,852 : INFO : telemetry.sender : Sending 4172 bytes
48280 : 2024-08-29 14:54:01,852 : INFO : telemetry.sender : Finish uploading in 0.496647 seconds.
48280 : 2024-08-29 14:54:01,852 : INFO : telemetry.note : Update the last send in note to 2024-08-29 14:54:01
48280 : 2024-08-29 14:54:01,853 : INFO : telemetry.note : Update the note mtime to 2024-08-29 14:54:01.853025
48308 : 2024-08-29 14:54:01,994 : INFO : telemetry.main : Attempt start. Configuration directory [/Users/dori/.azure].
48308 : 2024-08-29 14:54:01,994 : DEBUG : telemetry.note : acquiring lock
48308 : 2024-08-29 14:54:01,994 : DEBUG : telemetry.note : acquired lock
48308 : 2024-08-29 14:54:01,994 : INFO : telemetry.note : Update the note mtime to 2024-08-29 14:54:01.994663
48308 : 2024-08-29 14:54:01,995 : INFO : telemetry.note : Read timestamp from the note. The last send was 2024-08-29 14:54:01.
48308 : 2024-08-29 14:54:01,995 : INFO : telemetry.records : 1 cache files to move.
48308 : 2024-08-29 14:54:01,995 : INFO : telemetry.records : Create temp folder /var/folders/r3/4_xhk7ks1gn7df05gbxrm4rh0000gn/T/tmp3jvb9ax8
48308 : 2024-08-29 14:54:01,995 : INFO : telemetry.records : Move file /Users/dori/.azure/telemetry/cache to /var/folders/r3/4_xhk7ks1gn7df05gbxrm4rh0000gn/T/tmp3jvb9ax8/cache
48308 : 2024-08-29 14:54:01,995 : INFO : telemetry.records : Processed file /var/folders/r3/4_xhk7ks1gn7df05gbxrm4rh0000gn/T/tmp3jvb9ax8/cache into 0 records.
48308 : 2024-08-29 14:54:01,995 : INFO : telemetry.records : Remove directory /var/folders/r3/4_xhk7ks1gn7df05gbxrm4rh0000gn/T/tmp3jvb9ax8
48308 : 2024-08-29 14:54:01,995 : INFO : telemetry.client : Accumulated 0 events. Flush the clients.
48308 : 2024-08-29 14:54:01,995 : INFO : telemetry.note : Update the last send in note to 2024-08-29 14:54:01
48308 : 2024-08-29 14:54:01,995 : INFO : telemetry.note : Update the note mtime to 2024-08-29 14:54:01.995839
48315 : 2024-08-29 14:54:02,162 : INFO : telemetry.main : Attempt start. Configuration directory [/Users/dori/.azure].
48315 : 2024-08-29 14:54:02,162 : DEBUG : telemetry.note : acquiring lock
48315 : 2024-08-29 14:54:02,162 : DEBUG : telemetry.note : acquired lock
48315 : 2024-08-29 14:54:02,162 : INFO : telemetry.note : Update the note mtime to 2024-08-29 14:54:02.162907
48315 : 2024-08-29 14:54:02,163 : INFO : telemetry.note : Read timestamp from the note. The last send was 2024-08-29 14:54:01.
48315 : 2024-08-29 14:54:02,163 : INFO : telemetry.records : 1 cache files to move.
48315 : 2024-08-29 14:54:02,163 : INFO : telemetry.records : Create temp folder /var/folders/r3/4_xhk7ks1gn7df05gbxrm4rh0000gn/T/tmp4uyv7nvp
48315 : 2024-08-29 14:54:02,163 : INFO : telemetry.records : Move file /Users/dori/.azure/telemetry/cache to /var/folders/r3/4_xhk7ks1gn7df05gbxrm4rh0000gn/T/tmp4uyv7nvp/cache
48315 : 2024-08-29 14:54:02,163 : INFO : telemetry.records : Processed file /var/folders/r3/4_xhk7ks1gn7df05gbxrm4rh0000gn/T/tmp4uyv7nvp/cache into 1 records.
48315 : 2024-08-29 14:54:02,163 : INFO : telemetry.records : Remove directory /var/folders/r3/4_xhk7ks1gn7df05gbxrm4rh0000gn/T/tmp4uyv7nvp
48315 : 2024-08-29 14:54:02,164 : INFO : telemetry.client : Accumulated 1 events. Flush the clients.
48315 : 2024-08-29 14:54:02,164 : INFO : telemetry.client : Flush client c4395b75-49cc-422c-bc95-c7d51aef5d46.
48322 : 2024-08-29 14:54:02,279 : INFO : telemetry.main : Attempt start. Configuration directory [/Users/dori/.azure].
48322 : 2024-08-29 14:54:02,279 : DEBUG : telemetry.note : acquiring lock
48322 : 2024-08-29 14:54:02,279 : INFO : telemetry.main : Lock out from note file under /Users/dori/.azure which means another process is running. Exit 0.
48332 : 2024-08-29 14:54:02,471 : INFO : telemetry.main : Attempt start. Configuration directory [/Users/dori/.azure].
48332 : 2024-08-29 14:54:02,471 : DEBUG : telemetry.note : acquiring lock
48332 : 2024-08-29 14:54:02,471 : INFO : telemetry.main : Lock out from note file under /Users/dori/.azure which means another process is running. Exit 0.
48315 : 2024-08-29 14:54:02,569 : INFO : telemetry.sender : Sending 4182 bytes
48315 : 2024-08-29 14:54:02,569 : INFO : telemetry.sender : Finish uploading in 0.405047 seconds.
48315 : 2024-08-29 14:54:02,569 : INFO : telemetry.note : Update the last send in note to 2024-08-29 14:54:02
48315 : 2024-08-29 14:54:02,569 : INFO : telemetry.note : Update the note mtime to 2024-08-29 14:54:02.569686
48673 : 2024-08-29 14:54:02,674 : INFO : telemetry.main : Attempt start. Configuration directory [/Users/dori/.azure].
48673 : 2024-08-29 14:54:02,674 : DEBUG : telemetry.note : acquiring lock
48673 : 2024-08-29 14:54:02,674 : DEBUG : telemetry.note : acquired lock
48673 : 2024-08-29 14:54:02,674 : INFO : telemetry.note : Update the note mtime to 2024-08-29 14:54:02.674899
48673 : 2024-08-29 14:54:02,675 : INFO : telemetry.note : Read timestamp from the note. The last send was 2024-08-29 14:54:02.
48673 : 2024-08-29 14:54:02,675 : INFO : telemetry.records : 1 cache files to move.
48673 : 2024-08-29 14:54:02,675 : INFO : telemetry.records : Create temp folder /var/folders/r3/4_xhk7ks1gn7df05gbxrm4rh0000gn/T/tmp2aotjier
48673 : 2024-08-29 14:54:02,675 : INFO : telemetry.records : Move file /Users/dori/.azure/telemetry/cache to /var/folders/r3/4_xhk7ks1gn7df05gbxrm4rh0000gn/T/tmp2aotjier/cache
48673 : 2024-08-29 14:54:02,675 : INFO : telemetry.records : Processed file /var/folders/r3/4_xhk7ks1gn7df05gbxrm4rh0000gn/T/tmp2aotjier/cache into 0 records.
48673 : 2024-08-29 14:54:02,676 : INFO : telemetry.records : Remove directory /var/folders/r3/4_xhk7ks1gn7df05gbxrm4rh0000gn/T/tmp2aotjier
48673 : 2024-08-29 14:54:02,676 : INFO : telemetry.client : Accumulated 0 events. Flush the clients.
48673 : 2024-08-29 14:54:02,676 : INFO : telemetry.note : Update the last send in note to 2024-08-29 14:54:02
48673 : 2024-08-29 14:54:02,676 : INFO : telemetry.note : Update the note mtime to 2024-08-29 14:54:02.676278
48726 : 2024-08-29 14:54:02,806 : INFO : telemetry.main : Attempt start. Configuration directory [/Users/dori/.azure].
48726 : 2024-08-29 14:54:02,806 : DEBUG : telemetry.note : acquiring lock
48726 : 2024-08-29 14:54:02,806 : DEBUG : telemetry.note : acquired lock
48726 : 2024-08-29 14:54:02,806 : INFO : telemetry.note : Update the note mtime to 2024-08-29 14:54:02.806647
48726 : 2024-08-29 14:54:02,807 : INFO : telemetry.note : Read timestamp from the note. The last send was 2024-08-29 14:54:02.
48726 : 2024-08-29 14:54:02,807 : INFO : telemetry.records : 1 cache files to move.
48726 : 2024-08-29 14:54:02,807 : INFO : telemetry.records : Create temp folder /var/folders/r3/4_xhk7ks1gn7df05gbxrm4rh0000gn/T/tmpxohamym8
48726 : 2024-08-29 14:54:02,807 : INFO : telemetry.records : Move file /Users/dori/.azure/telemetry/cache to /var/folders/r3/4_xhk7ks1gn7df05gbxrm4rh0000gn/T/tmpxohamym8/cache
48726 : 2024-08-29 14:54:02,807 : INFO : telemetry.records : Processed file /var/folders/r3/4_xhk7ks1gn7df05gbxrm4rh0000gn/T/tmpxohamym8/cache into 0 records.
48726 : 2024-08-29 14:54:02,807 : INFO : telemetry.records : Remove directory /var/folders/r3/4_xhk7ks1gn7df05gbxrm4rh0000gn/T/tmpxohamym8
48726 : 2024-08-29 14:54:02,807 : INFO : telemetry.client : Accumulated 0 events. Flush the clients.
48726 : 2024-08-29 14:54:02,807 : INFO : telemetry.note : Update the last send in note to 2024-08-29 14:54:02
48726 : 2024-08-29 14:54:02,807 : INFO : telemetry.note : Update the note mtime to 2024-08-29 14:54:02.807909
48740 : 2024-08-29 14:54:02,974 : INFO : telemetry.main : Attempt start. Configuration directory [/Users/dori/.azure].
48740 : 2024-08-29 14:54:02,974 : DEBUG : telemetry.note : acquiring lock
48740 : 2024-08-29 14:54:02,974 : DEBUG : telemetry.note : acquired lock
48740 : 2024-08-29 14:54:02,974 : INFO : telemetry.note : Update the note mtime to 2024-08-29 14:54:02.974912
48740 : 2024-08-29 14:54:02,975 : INFO : telemetry.note : Read timestamp from the note. The last send was 2024-08-29 14:54:02.
48740 : 2024-08-29 14:54:02,975 : INFO : telemetry.records : 1 cache files to move.
48740 : 2024-08-29 14:54:02,975 : INFO : telemetry.records : Create temp folder /var/folders/r3/4_xhk7ks1gn7df05gbxrm4rh0000gn/T/tmp3p0f44t7
48740 : 2024-08-29 14:54:02,975 : INFO : telemetry.records : Move file /Users/dori/.azure/telemetry/cache to /var/folders/r3/4_xhk7ks1gn7df05gbxrm4rh0000gn/T/tmp3p0f44t7/cache
48740 : 2024-08-29 14:54:02,975 : INFO : telemetry.records : Processed file /var/folders/r3/4_xhk7ks1gn7df05gbxrm4rh0000gn/T/tmp3p0f44t7/cache into 0 records.
48740 : 2024-08-29 14:54:02,976 : INFO : telemetry.records : Remove directory /var/folders/r3/4_xhk7ks1gn7df05gbxrm4rh0000gn/T/tmp3p0f44t7
48740 : 2024-08-29 14:54:02,976 : INFO : telemetry.client : Accumulated 0 events. Flush the clients.
48740 : 2024-08-29 14:54:02,976 : INFO : telemetry.note : Update the last send in note to 2024-08-29 14:54:02
48740 : 2024-08-29 14:54:02,976 : INFO : telemetry.note : Update the note mtime to 2024-08-29 14:54:02.976125
48747 : 2024-08-29 14:54:03,145 : INFO : telemetry.main : Attempt start. Configuration directory [/Users/dori/.azure].
48747 : 2024-08-29 14:54:03,145 : DEBUG : telemetry.note : acquiring lock
48747 : 2024-08-29 14:54:03,146 : DEBUG : telemetry.note : acquired lock
48747 : 2024-08-29 14:54:03,146 : INFO : telemetry.note : Update the note mtime to 2024-08-29 14:54:03.146076
48747 : 2024-08-29 14:54:03,146 : INFO : telemetry.note : Read timestamp from the note. The last send was 2024-08-29 14:54:02.
48747 : 2024-08-29 14:54:03,146 : INFO : telemetry.records : 1 cache files to move.
48747 : 2024-08-29 14:54:03,146 : INFO : telemetry.records : Create temp folder /var/folders/r3/4_xhk7ks1gn7df05gbxrm4rh0000gn/T/tmpzfn4e_oc
48747 : 2024-08-29 14:54:03,146 : INFO : telemetry.records : Move file /Users/dori/.azure/telemetry/cache to /var/folders/r3/4_xhk7ks1gn7df05gbxrm4rh0000gn/T/tmpzfn4e_oc/cache
48747 : 2024-08-29 14:54:03,147 : INFO : telemetry.records : Processed file /var/folders/r3/4_xhk7ks1gn7df05gbxrm4rh0000gn/T/tmpzfn4e_oc/cache into 1 records.
48747 : 2024-08-29 14:54:03,147 : INFO : telemetry.records : Remove directory /var/folders/r3/4_xhk7ks1gn7df05gbxrm4rh0000gn/T/tmpzfn4e_oc
48747 : 2024-08-29 14:54:03,147 : INFO : telemetry.client : Accumulated 1 events. Flush the clients.
48747 : 2024-08-29 14:54:03,147 : INFO : telemetry.client : Flush client c4395b75-49cc-422c-bc95-c7d51aef5d46.
48754 : 2024-08-29 14:54:03,270 : INFO : telemetry.main : Attempt start. Configuration directory [/Users/dori/.azure].
48754 : 2024-08-29 14:54:03,271 : DEBUG : telemetry.note : acquiring lock
48754 : 2024-08-29 14:54:03,271 : INFO : telemetry.main : Lock out from note file under /Users/dori/.azure which means another process is running. Exit 0.
48761 : 2024-08-29 14:54:03,452 : INFO : telemetry.main : Attempt start. Configuration directory [/Users/dori/.azure].
48761 : 2024-08-29 14:54:03,452 : DEBUG : telemetry.note : acquiring lock
48761 : 2024-08-29 14:54:03,452 : INFO : telemetry.main : Lock out from note file under /Users/dori/.azure which means another process is running. Exit 0.
48747 : 2024-08-29 14:54:03,478 : INFO : telemetry.sender : Sending 4182 bytes
48747 : 2024-08-29 14:54:03,478 : INFO : telemetry.sender : Finish uploading in 0.331041 seconds.
48747 : 2024-08-29 14:54:03,478 : INFO : telemetry.note : Update the last send in note to 2024-08-29 14:54:03
48747 : 2024-08-29 14:54:03,478 : INFO : telemetry.note : Update the note mtime to 2024-08-29 14:54:03.478801
48768 : 2024-08-29 14:54:03,664 : INFO : telemetry.main : Attempt start. Configuration directory [/Users/dori/.azure].
48768 : 2024-08-29 14:54:03,665 : DEBUG : telemetry.note : acquiring lock
48768 : 2024-08-29 14:54:03,666 : DEBUG : telemetry.note : acquired lock
48768 : 2024-08-29 14:54:03,666 : INFO : telemetry.note : Update the note mtime to 2024-08-29 14:54:03.666121
48768 : 2024-08-29 14:54:03,666 : INFO : telemetry.note : Read timestamp from the note. The last send was 2024-08-29 14:54:03.
48768 : 2024-08-29 14:54:03,666 : INFO : telemetry.records : 1 cache files to move.
48768 : 2024-08-29 14:54:03,667 : INFO : telemetry.records : Create temp folder /var/folders/r3/4_xhk7ks1gn7df05gbxrm4rh0000gn/T/tmp6rmuhnod
48768 : 2024-08-29 14:54:03,667 : INFO : telemetry.records : Move file /Users/dori/.azure/telemetry/cache to /var/folders/r3/4_xhk7ks1gn7df05gbxrm4rh0000gn/T/tmp6rmuhnod/cache
48768 : 2024-08-29 14:54:03,667 : INFO : telemetry.records : Processed file /var/folders/r3/4_xhk7ks1gn7df05gbxrm4rh0000gn/T/tmp6rmuhnod/cache into 0 records.
48768 : 2024-08-29 14:54:03,667 : INFO : telemetry.records : Remove directory /var/folders/r3/4_xhk7ks1gn7df05gbxrm4rh0000gn/T/tmp6rmuhnod
48768 : 2024-08-29 14:54:03,667 : INFO : telemetry.client : Accumulated 0 events. Flush the clients.
48768 : 2024-08-29 14:54:03,667 : INFO : telemetry.note : Update the last send in note to 2024-08-29 14:54:03
48768 : 2024-08-29 14:54:03,667 : INFO : telemetry.note : Update the note mtime to 2024-08-29 14:54:03.667471
48775 : 2024-08-29 14:54:03,795 : INFO : telemetry.main : Attempt start. Configuration directory [/Users/dori/.azure].
48775 : 2024-08-29 14:54:03,795 : DEBUG : telemetry.note : acquiring lock
48775 : 2024-08-29 14:54:03,795 : DEBUG : telemetry.note : acquired lock
48775 : 2024-08-29 14:54:03,795 : INFO : telemetry.note : Update the note mtime to 2024-08-29 14:54:03.795907
48775 : 2024-08-29 14:54:03,796 : INFO : telemetry.note : Read timestamp from the note. The last send was 2024-08-29 14:54:03.
48775 : 2024-08-29 14:54:03,796 : INFO : telemetry.records : 1 cache files to move.
48775 : 2024-08-29 14:54:03,796 : INFO : telemetry.records : Create temp folder /var/folders/r3/4_xhk7ks1gn7df05gbxrm4rh0000gn/T/tmpj_sba0yj
48775 : 2024-08-29 14:54:03,796 : INFO : telemetry.records : Move file /Users/dori/.azure/telemetry/cache to /var/folders/r3/4_xhk7ks1gn7df05gbxrm4rh0000gn/T/tmpj_sba0yj/cache
48775 : 2024-08-29 14:54:03,796 : INFO : telemetry.records : Processed file /var/folders/r3/4_xhk7ks1gn7df05gbxrm4rh0000gn/T/tmpj_sba0yj/cache into 0 records.
48775 : 2024-08-29 14:54:03,796 : INFO : telemetry.records : Remove directory /var/folders/r3/4_xhk7ks1gn7df05gbxrm4rh0000gn/T/tmpj_sba0yj
48775 : 2024-08-29 14:54:03,796 : INFO : telemetry.client : Accumulated 0 events. Flush the clients.
48775 : 2024-08-29 14:54:03,797 : INFO : telemetry.note : Update the last send in note to 2024-08-29 14:54:03
48775 : 2024-08-29 14:54:03,797 : INFO : telemetry.note : Update the note mtime to 2024-08-29 14:54:03.797059
48782 : 2024-08-29 14:54:03,953 : INFO : telemetry.main : Attempt start. Configuration directory [/Users/dori/.azure].
48782 : 2024-08-29 14:54:03,953 : DEBUG : telemetry.note : acquiring lock
48782 : 2024-08-29 14:54:03,953 : DEBUG : telemetry.note : acquired lock
48782 : 2024-08-29 14:54:03,953 : INFO : telemetry.note : Update the note mtime to 2024-08-29 14:54:03.953818
48782 : 2024-08-29 14:54:03,954 : INFO : telemetry.note : Read timestamp from the note. The last send was 2024-08-29 14:54:03.
48782 : 2024-08-29 14:54:03,954 : INFO : telemetry.records : 1 cache files to move.
48782 : 2024-08-29 14:54:03,954 : INFO : telemetry.records : Create temp folder /var/folders/r3/4_xhk7ks1gn7df05gbxrm4rh0000gn/T/tmpu9rhtj2s
48782 : 2024-08-29 14:54:03,954 : INFO : telemetry.records : Move file /Users/dori/.azure/telemetry/cache to /var/folders/r3/4_xhk7ks1gn7df05gbxrm4rh0000gn/T/tmpu9rhtj2s/cache
48782 : 2024-08-29 14:54:03,954 : INFO : telemetry.records : Processed file /var/folders/r3/4_xhk7ks1gn7df05gbxrm4rh0000gn/T/tmpu9rhtj2s/cache into 0 records.
48782 : 2024-08-29 14:54:03,954 : INFO : telemetry.records : Remove directory /var/folders/r3/4_xhk7ks1gn7df05gbxrm4rh0000gn/T/tmpu9rhtj2s
48782 : 2024-08-29 14:54:03,954 : INFO : telemetry.client : Accumulated 0 events. Flush the clients.
48782 : 2024-08-29 14:54:03,954 : INFO : telemetry.note : Update the last send in note to 2024-08-29 14:54:03
48782 : 2024-08-29 14:54:03,955 : INFO : telemetry.note : Update the note mtime to 2024-08-29 14:54:03.954995
48789 : 2024-08-29 14:54:04,124 : INFO : telemetry.main : Attempt start. Configuration directory [/Users/dori/.azure].
48789 : 2024-08-29 14:54:04,124 : DEBUG : telemetry.note : acquiring lock
48789 : 2024-08-29 14:54:04,125 : DEBUG : telemetry.note : acquired lock
48789 : 2024-08-29 14:54:04,125 : INFO : telemetry.note : Update the note mtime to 2024-08-29 14:54:04.125031
48789 : 2024-08-29 14:54:04,125 : INFO : telemetry.note : Read timestamp from the note. The last send was 2024-08-29 14:54:03.
48789 : 2024-08-29 14:54:04,125 : INFO : telemetry.records : 1 cache files to move.
48789 : 2024-08-29 14:54:04,125 : INFO : telemetry.records : Create temp folder /var/folders/r3/4_xhk7ks1gn7df05gbxrm4rh0000gn/T/tmp4y6hb4am
48789 : 2024-08-29 14:54:04,125 : INFO : telemetry.records : Move file /Users/dori/.azure/telemetry/cache to /var/folders/r3/4_xhk7ks1gn7df05gbxrm4rh0000gn/T/tmp4y6hb4am/cache
48789 : 2024-08-29 14:54:04,125 : INFO : telemetry.records : Processed file /var/folders/r3/4_xhk7ks1gn7df05gbxrm4rh0000gn/T/tmp4y6hb4am/cache into 1 records.
48789 : 2024-08-29 14:54:04,126 : INFO : telemetry.records : Remove directory /var/folders/r3/4_xhk7ks1gn7df05gbxrm4rh0000gn/T/tmp4y6hb4am
48789 : 2024-08-29 14:54:04,126 : INFO : telemetry.client : Accumulated 1 events. Flush the clients.
48789 : 2024-08-29 14:54:04,126 : INFO : telemetry.client : Flush client c4395b75-49cc-422c-bc95-c7d51aef5d46.
48796 : 2024-08-29 14:54:04,244 : INFO : telemetry.main : Attempt start. Configuration directory [/Users/dori/.azure].
48796 : 2024-08-29 14:54:04,244 : DEBUG : telemetry.note : acquiring lock
48796 : 2024-08-29 14:54:04,244 : INFO : telemetry.main : Lock out from note file under /Users/dori/.azure which means another process is running. Exit 0.
48789 : 2024-08-29 14:54:04,430 : INFO : telemetry.sender : Sending 4182 bytes
48789 : 2024-08-29 14:54:04,430 : INFO : telemetry.sender : Finish uploading in 0.304227 seconds.
48789 : 2024-08-29 14:54:04,430 : INFO : telemetry.note : Update the last send in note to 2024-08-29 14:54:04
48789 : 2024-08-29 14:54:04,431 : INFO : telemetry.note : Update the note mtime to 2024-08-29 14:54:04.430978
48810 : 2024-08-29 14:54:05,160 : INFO : telemetry.main : Attempt start. Configuration directory [/Users/dori/.azure].
48810 : 2024-08-29 14:54:05,160 : DEBUG : telemetry.note : acquiring lock
48810 : 2024-08-29 14:54:05,160 : DEBUG : telemetry.note : acquired lock
48810 : 2024-08-29 14:54:05,160 : INFO : telemetry.note : Update the note mtime to 2024-08-29 14:54:05.160300
48810 : 2024-08-29 14:54:05,160 : INFO : telemetry.note : Read timestamp from the note. The last send was 2024-08-29 14:54:04.
48810 : 2024-08-29 14:54:05,161 : INFO : telemetry.records : 1 cache files to move.
48810 : 2024-08-29 14:54:05,161 : INFO : telemetry.records : Create temp folder /var/folders/r3/4_xhk7ks1gn7df05gbxrm4rh0000gn/T/tmpyi83crlk
48810 : 2024-08-29 14:54:05,161 : INFO : telemetry.records : Move file /Users/dori/.azure/telemetry/cache to /var/folders/r3/4_xhk7ks1gn7df05gbxrm4rh0000gn/T/tmpyi83crlk/cache
48810 : 2024-08-29 14:54:05,161 : INFO : telemetry.records : Processed file /var/folders/r3/4_xhk7ks1gn7df05gbxrm4rh0000gn/T/tmpyi83crlk/cache into 1 records.
48810 : 2024-08-29 14:54:05,161 : INFO : telemetry.records : Remove directory /var/folders/r3/4_xhk7ks1gn7df05gbxrm4rh0000gn/T/tmpyi83crlk
48810 : 2024-08-29 14:54:05,161 : INFO : telemetry.client : Accumulated 1 events. Flush the clients.
48810 : 2024-08-29 14:54:05,161 : INFO : telemetry.client : Flush client c4395b75-49cc-422c-bc95-c7d51aef5d46.
48817 : 2024-08-29 14:54:05,279 : INFO : telemetry.main : Attempt start. Configuration directory [/Users/dori/.azure].
48817 : 2024-08-29 14:54:05,279 : DEBUG : telemetry.note : acquiring lock
48817 : 2024-08-29 14:54:05,280 : INFO : telemetry.main : Lock out from note file under /Users/dori/.azure which means another process is running. Exit 0.
48824 : 2024-08-29 14:54:05,445 : INFO : telemetry.main : Attempt start. Configuration directory [/Users/dori/.azure].
48824 : 2024-08-29 14:54:05,446 : DEBUG : telemetry.note : acquiring lock
48824 : 2024-08-29 14:54:05,446 : INFO : telemetry.main : Lock out from note file under /Users/dori/.azure which means another process is running. Exit 0.
48810 : 2024-08-29 14:54:05,458 : INFO : telemetry.sender : Sending 4221 bytes
48810 : 2024-08-29 14:54:05,458 : INFO : telemetry.sender : Finish uploading in 0.296899 seconds.
48810 : 2024-08-29 14:54:05,459 : INFO : telemetry.note : Update the last send in note to 2024-08-29 14:54:05
48810 : 2024-08-29 14:54:05,459 : INFO : telemetry.note : Update the note mtime to 2024-08-29 14:54:05.459068
48831 : 2024-08-29 14:54:05,644 : INFO : telemetry.main : Attempt start. Configuration directory [/Users/dori/.azure].
48831 : 2024-08-29 14:54:05,644 : DEBUG : telemetry.note : acquiring lock
48831 : 2024-08-29 14:54:05,644 : DEBUG : telemetry.note : acquired lock
48831 : 2024-08-29 14:54:05,644 : INFO : telemetry.note : Update the note mtime to 2024-08-29 14:54:05.644810
48831 : 2024-08-29 14:54:05,645 : INFO : telemetry.note : Read timestamp from the note. The last send was 2024-08-29 14:54:05.
48831 : 2024-08-29 14:54:05,645 : INFO : telemetry.records : 1 cache files to move.
48831 : 2024-08-29 14:54:05,645 : INFO : telemetry.records : Create temp folder /var/folders/r3/4_xhk7ks1gn7df05gbxrm4rh0000gn/T/tmp_kg0o_t0
48831 : 2024-08-29 14:54:05,645 : INFO : telemetry.records : Move file /Users/dori/.azure/telemetry/cache to /var/folders/r3/4_xhk7ks1gn7df05gbxrm4rh0000gn/T/tmp_kg0o_t0/cache
48831 : 2024-08-29 14:54:05,645 : INFO : telemetry.records : Processed file /var/folders/r3/4_xhk7ks1gn7df05gbxrm4rh0000gn/T/tmp_kg0o_t0/cache into 0 records.
48831 : 2024-08-29 14:54:05,645 : INFO : telemetry.records : Remove directory /var/folders/r3/4_xhk7ks1gn7df05gbxrm4rh0000gn/T/tmp_kg0o_t0
48831 : 2024-08-29 14:54:05,645 : INFO : telemetry.client : Accumulated 0 events. Flush the clients.
48831 : 2024-08-29 14:54:05,645 : INFO : telemetry.note : Update the last send in note to 2024-08-29 14:54:05
48831 : 2024-08-29 14:54:05,645 : INFO : telemetry.note : Update the note mtime to 2024-08-29 14:54:05.645932
48838 : 2024-08-29 14:54:05,941 : INFO : telemetry.main : Attempt start. Configuration directory [/Users/dori/.azure].
48838 : 2024-08-29 14:54:05,941 : DEBUG : telemetry.note : acquiring lock
48838 : 2024-08-29 14:54:05,941 : DEBUG : telemetry.note : acquired lock
48838 : 2024-08-29 14:54:05,941 : INFO : telemetry.note : Update the note mtime to 2024-08-29 14:54:05.941749
48838 : 2024-08-29 14:54:05,942 : INFO : telemetry.note : Read timestamp from the note. The last send was 2024-08-29 14:54:05.
48838 : 2024-08-29 14:54:05,942 : INFO : telemetry.records : 1 cache files to move.
48838 : 2024-08-29 14:54:05,942 : INFO : telemetry.records : Create temp folder /var/folders/r3/4_xhk7ks1gn7df05gbxrm4rh0000gn/T/tmpk3feuuu9
48838 : 2024-08-29 14:54:05,942 : INFO : telemetry.records : Move file /Users/dori/.azure/telemetry/cache to /var/folders/r3/4_xhk7ks1gn7df05gbxrm4rh0000gn/T/tmpk3feuuu9/cache
48838 : 2024-08-29 14:54:05,942 : INFO : telemetry.records : Processed file /var/folders/r3/4_xhk7ks1gn7df05gbxrm4rh0000gn/T/tmpk3feuuu9/cache into 0 records.
48838 : 2024-08-29 14:54:05,942 : INFO : telemetry.records : Remove directory /var/folders/r3/4_xhk7ks1gn7df05gbxrm4rh0000gn/T/tmpk3feuuu9
48838 : 2024-08-29 14:54:05,942 : INFO : telemetry.client : Accumulated 0 events. Flush the clients.
48838 : 2024-08-29 14:54:05,942 : INFO : telemetry.note : Update the last send in note to 2024-08-29 14:54:05
48838 : 2024-08-29 14:54:05,942 : INFO : telemetry.note : Update the note mtime to 2024-08-29 14:54:05.942909
48845 : 2024-08-29 14:54:06,732 : INFO : telemetry.main : Attempt start. Configuration directory [/Users/dori/.azure].
48845 : 2024-08-29 14:54:06,732 : DEBUG : telemetry.note : acquiring lock
48845 : 2024-08-29 14:54:06,732 : DEBUG : telemetry.note : acquired lock
48845 : 2024-08-29 14:54:06,732 : INFO : telemetry.note : Update the note mtime to 2024-08-29 14:54:06.732732
48845 : 2024-08-29 14:54:06,733 : INFO : telemetry.note : Read timestamp from the note. The last send was 2024-08-29 14:54:05.
48845 : 2024-08-29 14:54:06,733 : INFO : telemetry.records : 1 cache files to move.
48845 : 2024-08-29 14:54:06,733 : INFO : telemetry.records : Create temp folder /var/folders/r3/4_xhk7ks1gn7df05gbxrm4rh0000gn/T/tmpef1gvdin
48845 : 2024-08-29 14:54:06,733 : INFO : telemetry.records : Move file /Users/dori/.azure/telemetry/cache to /var/folders/r3/4_xhk7ks1gn7df05gbxrm4rh0000gn/T/tmpef1gvdin/cache
48845 : 2024-08-29 14:54:06,734 : INFO : telemetry.records : Processed file /var/folders/r3/4_xhk7ks1gn7df05gbxrm4rh0000gn/T/tmpef1gvdin/cache into 1 records.
48845 : 2024-08-29 14:54:06,734 : INFO : telemetry.records : Remove directory /var/folders/r3/4_xhk7ks1gn7df05gbxrm4rh0000gn/T/tmpef1gvdin
48845 : 2024-08-29 14:54:06,734 : INFO : telemetry.client : Accumulated 1 events. Flush the clients.
48845 : 2024-08-29 14:54:06,734 : INFO : telemetry.client : Flush client c4395b75-49cc-422c-bc95-c7d51aef5d46.
48845 : 2024-08-29 14:54:07,045 : INFO : telemetry.sender : Sending 4221 bytes
48845 : 2024-08-29 14:54:07,045 : INFO : telemetry.sender : Finish uploading in 0.311158 seconds.
48845 : 2024-08-29 14:54:07,046 : INFO : telemetry.note : Update the last send in note to 2024-08-29 14:54:06
48845 : 2024-08-29 14:54:07,046 : INFO : telemetry.note : Update the note mtime to 2024-08-29 14:54:07.046173
